[0.558s] Invoking command in '/home/fuga1129/arm_sim_ws/src/aurora_arm_v2': PYTHONPATH=/home/fuga1129/arm_sim_ws/build/aurora_arm_v2/prefix_override:/usr/lib/python3/dist-packages/colcon_core/task/python/colcon_distutils_commands:/home/fuga1129/arm_sim_ws/install/aurora_arm_v2/lib/python3.10/site-packages:${PYTHONPATH} /usr/bin/python3 -W ignore:setup.py install is deprecated -W ignore:easy_install command is deprecated setup.py egg_info --egg-base ../../build/aurora_arm_v2 build --build-base /home/fuga1129/arm_sim_ws/build/aurora_arm_v2/build install --record /home/fuga1129/arm_sim_ws/build/aurora_arm_v2/install.log --single-version-externally-managed install_data
[0.710s] running egg_info
[0.710s] writing ../../build/aurora_arm_v2/aurora_arm_v2.egg-info/PKG-INFO
[0.710s] writing dependency_links to ../../build/aurora_arm_v2/aurora_arm_v2.egg-info/dependency_links.txt
[0.710s] writing entry points to ../../build/aurora_arm_v2/aurora_arm_v2.egg-info/entry_points.txt
[0.711s] writing requirements to ../../build/aurora_arm_v2/aurora_arm_v2.egg-info/requires.txt
[0.711s] writing top-level names to ../../build/aurora_arm_v2/aurora_arm_v2.egg-info/top_level.txt
[0.712s] reading manifest file '../../build/aurora_arm_v2/aurora_arm_v2.egg-info/SOURCES.txt'
[0.712s] writing manifest file '../../build/aurora_arm_v2/aurora_arm_v2.egg-info/SOURCES.txt'
[0.712s] running build
[0.712s] running build_py
[0.712s] running install
[0.712s] running install_lib
[0.713s] running install_data
[0.713s] copying description/aurora_arm.urdf -> /home/fuga1129/arm_sim_ws/install/aurora_arm_v2/share/aurora_arm_v2/description
[0.713s] copying description/aurora_arm.xacro -> /home/fuga1129/arm_sim_ws/install/aurora_arm_v2/share/aurora_arm_v2/description
[0.713s] running install_egg_info
[0.714s] removing '/home/fuga1129/arm_sim_ws/install/aurora_arm_v2/lib/python3.10/site-packages/aurora_arm_v2-0.0.0-py3.10.egg-info' (and everything under it)
[0.715s] Copying ../../build/aurora_arm_v2/aurora_arm_v2.egg-info to /home/fuga1129/arm_sim_ws/install/aurora_arm_v2/lib/python3.10/site-packages/aurora_arm_v2-0.0.0-py3.10.egg-info
[0.715s] running install_scripts
[0.729s] writing list of installed files to '/home/fuga1129/arm_sim_ws/build/aurora_arm_v2/install.log'
[0.748s] Invoked command in '/home/fuga1129/arm_sim_ws/src/aurora_arm_v2' returned '0': PYTHONPATH=/home/fuga1129/arm_sim_ws/build/aurora_arm_v2/prefix_override:/usr/lib/python3/dist-packages/colcon_core/task/python/colcon_distutils_commands:/home/fuga1129/arm_sim_ws/install/aurora_arm_v2/lib/python3.10/site-packages:${PYTHONPATH} /usr/bin/python3 -W ignore:setup.py install is deprecated -W ignore:easy_install command is deprecated setup.py egg_info --egg-base ../../build/aurora_arm_v2 build --build-base /home/fuga1129/arm_sim_ws/build/aurora_arm_v2/build install --record /home/fuga1129/arm_sim_ws/build/aurora_arm_v2/install.log --single-version-externally-managed install_data
