[0.013s] Invoking command in '/home/fuga1129/arm_sim_ws/build/aurora_arm_moveit': CMAKE_PREFIX_PATH=${CMAKE_PREFIX_PATH}:/home/fuga1129/arm_sim_ws/install/aurora_arm:/home/fuga1129/moveit2_ws/install/moveit_configs_utils:/home/fuga1129/moveit2_ws/install/launch_param_builder:/opt/ros/humble /usr/bin/cmake /home/fuga1129/arm_sim_ws/src/aurora_arm_moveit -DCMAKE_INSTALL_PREFIX=/home/fuga1129/arm_sim_ws/install/aurora_arm_moveit
[0.218s] -- The C compiler identification is GNU 11.4.0
[0.322s] -- The CXX compiler identification is GNU 11.4.0
[0.330s] -- Detecting C compiler ABI info
[0.404s] -- Detecting C compiler ABI info - done
[0.409s] -- Check for working C compiler: /usr/bin/cc - skipped
[0.409s] -- Detecting C compile features
[0.409s] -- Detecting C compile features - done
[0.412s] -- Detecting CXX compiler ABI info
[0.478s] -- Detecting CXX compiler ABI info - done
[0.483s] -- Check for working CXX compiler: /usr/bin/c++ - skipped
[0.483s] -- Detecting CXX compile features
[0.483s] -- Detecting CXX compile features - done
[0.490s] -- Found ament_cmake: 1.3.12 (/opt/ros/humble/share/ament_cmake/cmake)
[0.618s] -- Found Python3: /usr/bin/python3 (found version "3.10.12") found components: Interpreter 
[0.759s] -- Configuring done
[0.760s] -- Generating done
[0.761s] -- Build files have been written to: /home/fuga1129/arm_sim_ws/build/aurora_arm_moveit
[0.764s] Invoked command in '/home/fuga1129/arm_sim_ws/build/aurora_arm_moveit' returned '0': CMAKE_PREFIX_PATH=${CMAKE_PREFIX_PATH}:/home/fuga1129/arm_sim_ws/install/aurora_arm:/home/fuga1129/moveit2_ws/install/moveit_configs_utils:/home/fuga1129/moveit2_ws/install/launch_param_builder:/opt/ros/humble /usr/bin/cmake /home/fuga1129/arm_sim_ws/src/aurora_arm_moveit -DCMAKE_INSTALL_PREFIX=/home/fuga1129/arm_sim_ws/install/aurora_arm_moveit
[0.765s] Invoking command in '/home/fuga1129/arm_sim_ws/build/aurora_arm_moveit': CMAKE_PREFIX_PATH=${CMAKE_PREFIX_PATH}:/home/fuga1129/arm_sim_ws/install/aurora_arm:/home/fuga1129/moveit2_ws/install/moveit_configs_utils:/home/fuga1129/moveit2_ws/install/launch_param_builder:/opt/ros/humble /usr/bin/cmake --build /home/fuga1129/arm_sim_ws/build/aurora_arm_moveit -- -j12 -l12
[0.805s] Invoked command in '/home/fuga1129/arm_sim_ws/build/aurora_arm_moveit' returned '0': CMAKE_PREFIX_PATH=${CMAKE_PREFIX_PATH}:/home/fuga1129/arm_sim_ws/install/aurora_arm:/home/fuga1129/moveit2_ws/install/moveit_configs_utils:/home/fuga1129/moveit2_ws/install/launch_param_builder:/opt/ros/humble /usr/bin/cmake --build /home/fuga1129/arm_sim_ws/build/aurora_arm_moveit -- -j12 -l12
[0.813s] Invoking command in '/home/fuga1129/arm_sim_ws/build/aurora_arm_moveit': CMAKE_PREFIX_PATH=${CMAKE_PREFIX_PATH}:/home/fuga1129/arm_sim_ws/install/aurora_arm:/home/fuga1129/moveit2_ws/install/moveit_configs_utils:/home/fuga1129/moveit2_ws/install/launch_param_builder:/opt/ros/humble /usr/bin/cmake --install /home/fuga1129/arm_sim_ws/build/aurora_arm_moveit
[0.819s] -- Install configuration: ""
[0.819s] -- Installing: /home/fuga1129/arm_sim_ws/install/aurora_arm_moveit/share/ament_index/resource_index/package_run_dependencies/aurora_arm_moveit
[0.819s] -- Installing: /home/fuga1129/arm_sim_ws/install/aurora_arm_moveit/share/ament_index/resource_index/parent_prefix_path/aurora_arm_moveit
[0.820s] -- Installing: /home/fuga1129/arm_sim_ws/install/aurora_arm_moveit/share/aurora_arm_moveit/environment/ament_prefix_path.sh
[0.820s] -- Installing: /home/fuga1129/arm_sim_ws/install/aurora_arm_moveit/share/aurora_arm_moveit/environment/ament_prefix_path.dsv
[0.820s] -- Installing: /home/fuga1129/arm_sim_ws/install/aurora_arm_moveit/share/aurora_arm_moveit/environment/path.sh
[0.820s] -- Installing: /home/fuga1129/arm_sim_ws/install/aurora_arm_moveit/share/aurora_arm_moveit/environment/path.dsv
[0.820s] -- Installing: /home/fuga1129/arm_sim_ws/install/aurora_arm_moveit/share/aurora_arm_moveit/local_setup.bash
[0.820s] -- Installing: /home/fuga1129/arm_sim_ws/install/aurora_arm_moveit/share/aurora_arm_moveit/local_setup.sh
[0.820s] -- Installing: /home/fuga1129/arm_sim_ws/install/aurora_arm_moveit/share/aurora_arm_moveit/local_setup.zsh
[0.820s] -- Installing: /home/fuga1129/arm_sim_ws/install/aurora_arm_moveit/share/aurora_arm_moveit/local_setup.dsv
[0.820s] -- Installing: /home/fuga1129/arm_sim_ws/install/aurora_arm_moveit/share/aurora_arm_moveit/package.dsv
[0.820s] -- Installing: /home/fuga1129/arm_sim_ws/install/aurora_arm_moveit/share/ament_index/resource_index/packages/aurora_arm_moveit
[0.820s] -- Installing: /home/fuga1129/arm_sim_ws/install/aurora_arm_moveit/share/aurora_arm_moveit/cmake/aurora_arm_moveitConfig.cmake
[0.820s] -- Installing: /home/fuga1129/arm_sim_ws/install/aurora_arm_moveit/share/aurora_arm_moveit/cmake/aurora_arm_moveitConfig-version.cmake
[0.820s] -- Installing: /home/fuga1129/arm_sim_ws/install/aurora_arm_moveit/share/aurora_arm_moveit/package.xml
[0.820s] -- Installing: /home/fuga1129/arm_sim_ws/install/aurora_arm_moveit/share/aurora_arm_moveit/launch
[0.820s] -- Installing: /home/fuga1129/arm_sim_ws/install/aurora_arm_moveit/share/aurora_arm_moveit/launch/warehouse_db.launch.py
[0.820s] -- Installing: /home/fuga1129/arm_sim_ws/install/aurora_arm_moveit/share/aurora_arm_moveit/launch/demo.launch.py
[0.820s] -- Installing: /home/fuga1129/arm_sim_ws/install/aurora_arm_moveit/share/aurora_arm_moveit/launch/setup_assistant.launch.py
[0.820s] -- Installing: /home/fuga1129/arm_sim_ws/install/aurora_arm_moveit/share/aurora_arm_moveit/launch/static_virtual_joint_tfs.launch.py
[0.820s] -- Installing: /home/fuga1129/arm_sim_ws/install/aurora_arm_moveit/share/aurora_arm_moveit/launch/move_group.launch.py
[0.820s] -- Installing: /home/fuga1129/arm_sim_ws/install/aurora_arm_moveit/share/aurora_arm_moveit/launch/moveit_rviz.launch.py
[0.820s] -- Installing: /home/fuga1129/arm_sim_ws/install/aurora_arm_moveit/share/aurora_arm_moveit/launch/spawn_controllers.launch.py
[0.820s] -- Installing: /home/fuga1129/arm_sim_ws/install/aurora_arm_moveit/share/aurora_arm_moveit/launch/rsp.launch.py
[0.820s] -- Installing: /home/fuga1129/arm_sim_ws/install/aurora_arm_moveit/share/aurora_arm_moveit/config
[0.820s] -- Installing: /home/fuga1129/arm_sim_ws/install/aurora_arm_moveit/share/aurora_arm_moveit/config/pilz_cartesian_limits.yaml
[0.820s] -- Installing: /home/fuga1129/arm_sim_ws/install/aurora_arm_moveit/share/aurora_arm_moveit/config/initial_positions.yaml
[0.821s] -- Installing: /home/fuga1129/arm_sim_ws/install/aurora_arm_moveit/share/aurora_arm_moveit/config/aurora_arm.urdf.xacro
[0.821s] -- Installing: /home/fuga1129/arm_sim_ws/install/aurora_arm_moveit/share/aurora_arm_moveit/config/moveit.rviz
[0.821s] -- Installing: /home/fuga1129/arm_sim_ws/install/aurora_arm_moveit/share/aurora_arm_moveit/config/aurora_arm.ros2_control.xacro
[0.821s] -- Installing: /home/fuga1129/arm_sim_ws/install/aurora_arm_moveit/share/aurora_arm_moveit/config/aurora_arm.srdf
[0.821s] -- Installing: /home/fuga1129/arm_sim_ws/install/aurora_arm_moveit/share/aurora_arm_moveit/config/joint_limits.yaml
[0.821s] -- Installing: /home/fuga1129/arm_sim_ws/install/aurora_arm_moveit/share/aurora_arm_moveit/config/moveit_controllers.yaml
[0.821s] -- Installing: /home/fuga1129/arm_sim_ws/install/aurora_arm_moveit/share/aurora_arm_moveit/config/kinematics.yaml
[0.821s] -- Installing: /home/fuga1129/arm_sim_ws/install/aurora_arm_moveit/share/aurora_arm_moveit/config/ros2_controllers.yaml
[0.821s] -- Installing: /home/fuga1129/arm_sim_ws/install/aurora_arm_moveit/share/aurora_arm_moveit/.setup_assistant
[0.822s] Invoked command in '/home/fuga1129/arm_sim_ws/build/aurora_arm_moveit' returned '0': CMAKE_PREFIX_PATH=${CMAKE_PREFIX_PATH}:/home/fuga1129/arm_sim_ws/install/aurora_arm:/home/fuga1129/moveit2_ws/install/moveit_configs_utils:/home/fuga1129/moveit2_ws/install/launch_param_builder:/opt/ros/humble /usr/bin/cmake --install /home/fuga1129/arm_sim_ws/build/aurora_arm_moveit
