[0.351s] Invoking command in '/home/fuga1129/arm_sim_ws/build/aurora_arm': PYTHONPATH=/home/fuga1129/arm_sim_ws/build/aurora_arm/prefix_override:/usr/lib/python3/dist-packages/colcon_core/task/python/colcon_distutils_commands:/home/fuga1129/arm_sim_ws/install/aurora_arm/lib/python3.10/site-packages:${PYTHONPATH} /usr/bin/python3 -W ignore:setup.py install is deprecated -W ignore:easy_install command is deprecated setup.py develop --uninstall --editable --build-directory /home/fuga1129/arm_sim_ws/build/aurora_arm/build
[0.491s] running develop
[0.571s] Removing /home/fuga1129/arm_sim_ws/install/aurora_arm/lib/python3.10/site-packages/aurora-arm.egg-link (link to .)
[0.587s] Invoked command in '/home/fuga1129/arm_sim_ws/build/aurora_arm' returned '0': PYTHONPATH=/home/fuga1129/arm_sim_ws/build/aurora_arm/prefix_override:/usr/lib/python3/dist-packages/colcon_core/task/python/colcon_distutils_commands:/home/fuga1129/arm_sim_ws/install/aurora_arm/lib/python3.10/site-packages:${PYTHONPATH} /usr/bin/python3 -W ignore:setup.py install is deprecated -W ignore:easy_install command is deprecated setup.py develop --uninstall --editable --build-directory /home/fuga1129/arm_sim_ws/build/aurora_arm/build
[0.588s] Invoking command in '/home/fuga1129/arm_sim_ws/src/aurora_arm': PYTHONPATH=/home/fuga1129/arm_sim_ws/build/aurora_arm/prefix_override:/usr/lib/python3/dist-packages/colcon_core/task/python/colcon_distutils_commands:/home/fuga1129/arm_sim_ws/install/aurora_arm/lib/python3.10/site-packages:${PYTHONPATH} /usr/bin/python3 -W ignore:setup.py install is deprecated -W ignore:easy_install command is deprecated setup.py egg_info --egg-base ../../build/aurora_arm build --build-base /home/fuga1129/arm_sim_ws/build/aurora_arm/build install --record /home/fuga1129/arm_sim_ws/build/aurora_arm/install.log --single-version-externally-managed install_data --force
[0.718s] running egg_info
[0.718s] writing ../../build/aurora_arm/aurora_arm.egg-info/PKG-INFO
[0.718s] writing dependency_links to ../../build/aurora_arm/aurora_arm.egg-info/dependency_links.txt
[0.718s] writing entry points to ../../build/aurora_arm/aurora_arm.egg-info/entry_points.txt
[0.719s] writing requirements to ../../build/aurora_arm/aurora_arm.egg-info/requires.txt
[0.719s] writing top-level names to ../../build/aurora_arm/aurora_arm.egg-info/top_level.txt
[0.720s] reading manifest file '../../build/aurora_arm/aurora_arm.egg-info/SOURCES.txt'
[0.721s] writing manifest file '../../build/aurora_arm/aurora_arm.egg-info/SOURCES.txt'
[0.721s] running build
[0.721s] running build_py
[0.721s] running install
[0.721s] running install_lib
[0.722s] creating /home/fuga1129/arm_sim_ws/install/aurora_arm/lib/python3.10/site-packages/aurora_arm
[0.722s] copying /home/fuga1129/arm_sim_ws/build/aurora_arm/build/lib/aurora_arm/__init__.py -> /home/fuga1129/arm_sim_ws/install/aurora_arm/lib/python3.10/site-packages/aurora_arm
[0.722s] byte-compiling /home/fuga1129/arm_sim_ws/install/aurora_arm/lib/python3.10/site-packages/aurora_arm/__init__.py to __init__.cpython-310.pyc
[0.722s] running install_data
[0.722s] copying resource/aurora_arm -> /home/fuga1129/arm_sim_ws/install/aurora_arm/share/ament_index/resource_index/packages
[0.723s] copying package.xml -> /home/fuga1129/arm_sim_ws/install/aurora_arm/share/aurora_arm
[0.723s] copying launch/launch_ign.launch.py -> /home/fuga1129/arm_sim_ws/install/aurora_arm/share/aurora_arm/launch
[0.724s] copying launch/launch_gazebo.launch.py -> /home/fuga1129/arm_sim_ws/install/aurora_arm/share/aurora_arm/launch
[0.724s] copying launch/joystick.launch.py -> /home/fuga1129/arm_sim_ws/install/aurora_arm/share/aurora_arm/launch
[0.725s] copying launch/rsp.launch.py -> /home/fuga1129/arm_sim_ws/install/aurora_arm/share/aurora_arm/launch
[0.725s] copying description/ros2_ign_control_arm.xacro -> /home/fuga1129/arm_sim_ws/install/aurora_arm/share/aurora_arm/description
[0.726s] copying description/robot.urdf.xacro -> /home/fuga1129/arm_sim_ws/install/aurora_arm/share/aurora_arm/description
[0.727s] copying description/robot_core.xacro -> /home/fuga1129/arm_sim_ws/install/aurora_arm/share/aurora_arm/description
[0.727s] copying description/robot_ign.xacro -> /home/fuga1129/arm_sim_ws/install/aurora_arm/share/aurora_arm/description
[0.728s] copying meshes/arm4_link_1.stl -> /home/fuga1129/arm_sim_ws/install/aurora_arm/share/aurora_arm/meshes
[0.728s] copying meshes/base_link.stl -> /home/fuga1129/arm_sim_ws/install/aurora_arm/share/aurora_arm/meshes
[0.729s] copying meshes/arm3_link_1.stl -> /home/fuga1129/arm_sim_ws/install/aurora_arm/share/aurora_arm/meshes
[0.730s] copying meshes/arm5_link_1.stl -> /home/fuga1129/arm_sim_ws/install/aurora_arm/share/aurora_arm/meshes
[0.730s] copying meshes/arm1_link_1.stl -> /home/fuga1129/arm_sim_ws/install/aurora_arm/share/aurora_arm/meshes
[0.731s] copying meshes/hand1_link_1.stl -> /home/fuga1129/arm_sim_ws/install/aurora_arm/share/aurora_arm/meshes
[0.732s] copying meshes/hand2_link_1.stl -> /home/fuga1129/arm_sim_ws/install/aurora_arm/share/aurora_arm/meshes
[0.732s] copying meshes/arm2_link_1.stl -> /home/fuga1129/arm_sim_ws/install/aurora_arm/share/aurora_arm/meshes
[0.733s] running install_egg_info
[0.735s] Copying ../../build/aurora_arm/aurora_arm.egg-info to /home/fuga1129/arm_sim_ws/install/aurora_arm/lib/python3.10/site-packages/aurora_arm-0.0.0-py3.10.egg-info
[0.735s] running install_scripts
[0.748s] writing list of installed files to '/home/fuga1129/arm_sim_ws/build/aurora_arm/install.log'
[0.762s] Invoked command in '/home/fuga1129/arm_sim_ws/src/aurora_arm' returned '0': PYTHONPATH=/home/fuga1129/arm_sim_ws/build/aurora_arm/prefix_override:/usr/lib/python3/dist-packages/colcon_core/task/python/colcon_distutils_commands:/home/fuga1129/arm_sim_ws/install/aurora_arm/lib/python3.10/site-packages:${PYTHONPATH} /usr/bin/python3 -W ignore:setup.py install is deprecated -W ignore:easy_install command is deprecated setup.py egg_info --egg-base ../../build/aurora_arm build --build-base /home/fuga1129/arm_sim_ws/build/aurora_arm/build install --record /home/fuga1129/arm_sim_ws/build/aurora_arm/install.log --single-version-externally-managed install_data --force
