[0.011s] Invoking command in '/home/fuga1129/arm_sim_ws/build/arm_moveit_v2': CMAKE_PREFIX_PATH=${CMAKE_PREFIX_PATH}:/home/fuga1129/arm_sim_ws/install/aurora_arm_v2:/home/fuga1129/arm_sim_ws/install/aurora_arm:/home/fuga1129/moveit2_ws/install/moveit_configs_utils:/home/fuga1129/moveit2_ws/install/launch_param_builder:/opt/ros/humble /usr/bin/cmake /home/fuga1129/arm_sim_ws/src/arm_moveit_v2 -DCMAKE_INSTALL_PREFIX=/home/fuga1129/arm_sim_ws/install/arm_moveit_v2
[0.061s] -- The C compiler identification is GNU 11.4.0
[0.103s] -- The CXX compiler identification is GNU 11.4.0
[0.108s] -- Detecting C compiler ABI info
[0.173s] -- Detecting C compiler ABI info - done
[0.180s] -- Check for working C compiler: /usr/bin/cc - skipped
[0.180s] -- Detecting C compile features
[0.181s] -- Detecting C compile features - done
[0.183s] -- Detecting CXX compiler ABI info
[0.257s] -- Detecting CXX compiler ABI info - done
[0.263s] -- Check for working CXX compiler: /usr/bin/c++ - skipped
[0.263s] -- Detecting CXX compile features
[0.263s] -- Detecting CXX compile features - done
[0.267s] -- Found ament_cmake: 1.3.12 (/opt/ros/humble/share/ament_cmake/cmake)
[0.380s] -- Found Python3: /usr/bin/python3 (found version "3.10.12") found components: Interpreter 
[0.512s] -- Configuring done
[0.514s] -- Generating done
[0.514s] -- Build files have been written to: /home/fuga1129/arm_sim_ws/build/arm_moveit_v2
[0.519s] Invoked command in '/home/fuga1129/arm_sim_ws/build/arm_moveit_v2' returned '0': CMAKE_PREFIX_PATH=${CMAKE_PREFIX_PATH}:/home/fuga1129/arm_sim_ws/install/aurora_arm_v2:/home/fuga1129/arm_sim_ws/install/aurora_arm:/home/fuga1129/moveit2_ws/install/moveit_configs_utils:/home/fuga1129/moveit2_ws/install/launch_param_builder:/opt/ros/humble /usr/bin/cmake /home/fuga1129/arm_sim_ws/src/arm_moveit_v2 -DCMAKE_INSTALL_PREFIX=/home/fuga1129/arm_sim_ws/install/arm_moveit_v2
[0.519s] Invoking command in '/home/fuga1129/arm_sim_ws/build/arm_moveit_v2': CMAKE_PREFIX_PATH=${CMAKE_PREFIX_PATH}:/home/fuga1129/arm_sim_ws/install/aurora_arm_v2:/home/fuga1129/arm_sim_ws/install/aurora_arm:/home/fuga1129/moveit2_ws/install/moveit_configs_utils:/home/fuga1129/moveit2_ws/install/launch_param_builder:/opt/ros/humble /usr/bin/cmake --build /home/fuga1129/arm_sim_ws/build/arm_moveit_v2 -- -j12 -l12
[0.558s] Invoked command in '/home/fuga1129/arm_sim_ws/build/arm_moveit_v2' returned '0': CMAKE_PREFIX_PATH=${CMAKE_PREFIX_PATH}:/home/fuga1129/arm_sim_ws/install/aurora_arm_v2:/home/fuga1129/arm_sim_ws/install/aurora_arm:/home/fuga1129/moveit2_ws/install/moveit_configs_utils:/home/fuga1129/moveit2_ws/install/launch_param_builder:/opt/ros/humble /usr/bin/cmake --build /home/fuga1129/arm_sim_ws/build/arm_moveit_v2 -- -j12 -l12
[0.567s] Invoking command in '/home/fuga1129/arm_sim_ws/build/arm_moveit_v2': CMAKE_PREFIX_PATH=${CMAKE_PREFIX_PATH}:/home/fuga1129/arm_sim_ws/install/aurora_arm_v2:/home/fuga1129/arm_sim_ws/install/aurora_arm:/home/fuga1129/moveit2_ws/install/moveit_configs_utils:/home/fuga1129/moveit2_ws/install/launch_param_builder:/opt/ros/humble /usr/bin/cmake --install /home/fuga1129/arm_sim_ws/build/arm_moveit_v2
[0.572s] -- Install configuration: ""
[0.572s] -- Installing: /home/fuga1129/arm_sim_ws/install/arm_moveit_v2/share/ament_index/resource_index/package_run_dependencies/arm_moveit_v2
[0.572s] -- Installing: /home/fuga1129/arm_sim_ws/install/arm_moveit_v2/share/ament_index/resource_index/parent_prefix_path/arm_moveit_v2
[0.572s] -- Installing: /home/fuga1129/arm_sim_ws/install/arm_moveit_v2/share/arm_moveit_v2/environment/ament_prefix_path.sh
[0.573s] -- Installing: /home/fuga1129/arm_sim_ws/install/arm_moveit_v2/share/arm_moveit_v2/environment/ament_prefix_path.dsv
[0.573s] -- Installing: /home/fuga1129/arm_sim_ws/install/arm_moveit_v2/share/arm_moveit_v2/environment/path.sh
[0.573s] -- Installing: /home/fuga1129/arm_sim_ws/install/arm_moveit_v2/share/arm_moveit_v2/environment/path.dsv
[0.573s] -- Installing: /home/fuga1129/arm_sim_ws/install/arm_moveit_v2/share/arm_moveit_v2/local_setup.bash
[0.573s] -- Installing: /home/fuga1129/arm_sim_ws/install/arm_moveit_v2/share/arm_moveit_v2/local_setup.sh
[0.573s] -- Installing: /home/fuga1129/arm_sim_ws/install/arm_moveit_v2/share/arm_moveit_v2/local_setup.zsh
[0.573s] -- Installing: /home/fuga1129/arm_sim_ws/install/arm_moveit_v2/share/arm_moveit_v2/local_setup.dsv
[0.573s] -- Installing: /home/fuga1129/arm_sim_ws/install/arm_moveit_v2/share/arm_moveit_v2/package.dsv
[0.573s] -- Installing: /home/fuga1129/arm_sim_ws/install/arm_moveit_v2/share/ament_index/resource_index/packages/arm_moveit_v2
[0.573s] -- Installing: /home/fuga1129/arm_sim_ws/install/arm_moveit_v2/share/arm_moveit_v2/cmake/arm_moveit_v2Config.cmake
[0.573s] -- Installing: /home/fuga1129/arm_sim_ws/install/arm_moveit_v2/share/arm_moveit_v2/cmake/arm_moveit_v2Config-version.cmake
[0.573s] -- Installing: /home/fuga1129/arm_sim_ws/install/arm_moveit_v2/share/arm_moveit_v2/package.xml
[0.573s] -- Installing: /home/fuga1129/arm_sim_ws/install/arm_moveit_v2/share/arm_moveit_v2/launch
[0.574s] -- Installing: /home/fuga1129/arm_sim_ws/install/arm_moveit_v2/share/arm_moveit_v2/launch/warehouse_db.launch.py
[0.574s] -- Installing: /home/fuga1129/arm_sim_ws/install/arm_moveit_v2/share/arm_moveit_v2/launch/demo.launch.py
[0.574s] -- Installing: /home/fuga1129/arm_sim_ws/install/arm_moveit_v2/share/arm_moveit_v2/launch/setup_assistant.launch.py
[0.574s] -- Installing: /home/fuga1129/arm_sim_ws/install/arm_moveit_v2/share/arm_moveit_v2/launch/static_virtual_joint_tfs.launch.py
[0.574s] -- Installing: /home/fuga1129/arm_sim_ws/install/arm_moveit_v2/share/arm_moveit_v2/launch/move_group.launch.py
[0.574s] -- Installing: /home/fuga1129/arm_sim_ws/install/arm_moveit_v2/share/arm_moveit_v2/launch/moveit_rviz.launch.py
[0.574s] -- Installing: /home/fuga1129/arm_sim_ws/install/arm_moveit_v2/share/arm_moveit_v2/launch/spawn_controllers.launch.py
[0.574s] -- Installing: /home/fuga1129/arm_sim_ws/install/arm_moveit_v2/share/arm_moveit_v2/launch/rsp.launch.py
[0.574s] -- Installing: /home/fuga1129/arm_sim_ws/install/arm_moveit_v2/share/arm_moveit_v2/config
[0.574s] -- Installing: /home/fuga1129/arm_sim_ws/install/arm_moveit_v2/share/arm_moveit_v2/config/pilz_cartesian_limits.yaml
[0.574s] -- Installing: /home/fuga1129/arm_sim_ws/install/arm_moveit_v2/share/arm_moveit_v2/config/initial_positions.yaml
[0.574s] -- Installing: /home/fuga1129/arm_sim_ws/install/arm_moveit_v2/share/arm_moveit_v2/config/aurora_arm.urdf.xacro
[0.574s] -- Installing: /home/fuga1129/arm_sim_ws/install/arm_moveit_v2/share/arm_moveit_v2/config/moveit.rviz
[0.574s] -- Installing: /home/fuga1129/arm_sim_ws/install/arm_moveit_v2/share/arm_moveit_v2/config/aurora_arm.ros2_control.xacro
[0.575s] -- Installing: /home/fuga1129/arm_sim_ws/install/arm_moveit_v2/share/arm_moveit_v2/config/aurora_arm.srdf
[0.575s] -- Installing: /home/fuga1129/arm_sim_ws/install/arm_moveit_v2/share/arm_moveit_v2/config/joint_limits.yaml
[0.575s] -- Installing: /home/fuga1129/arm_sim_ws/install/arm_moveit_v2/share/arm_moveit_v2/config/moveit_controllers.yaml
[0.575s] -- Installing: /home/fuga1129/arm_sim_ws/install/arm_moveit_v2/share/arm_moveit_v2/config/kinematics.yaml
[0.575s] -- Installing: /home/fuga1129/arm_sim_ws/install/arm_moveit_v2/share/arm_moveit_v2/config/ros2_controllers.yaml
[0.575s] -- Installing: /home/fuga1129/arm_sim_ws/install/arm_moveit_v2/share/arm_moveit_v2/.setup_assistant
[0.576s] Invoked command in '/home/fuga1129/arm_sim_ws/build/arm_moveit_v2' returned '0': CMAKE_PREFIX_PATH=${CMAKE_PREFIX_PATH}:/home/fuga1129/arm_sim_ws/install/aurora_arm_v2:/home/fuga1129/arm_sim_ws/install/aurora_arm:/home/fuga1129/moveit2_ws/install/moveit_configs_utils:/home/fuga1129/moveit2_ws/install/launch_param_builder:/opt/ros/humble /usr/bin/cmake --install /home/fuga1129/arm_sim_ws/build/arm_moveit_v2
