running develop
running egg_info
writing aurora_arm.egg-info/PKG-INFO
writing dependency_links to aurora_arm.egg-info/dependency_links.txt
writing entry points to aurora_arm.egg-info/entry_points.txt
writing requirements to aurora_arm.egg-info/requires.txt
writing top-level names to aurora_arm.egg-info/top_level.txt
reading manifest file 'aurora_arm.egg-info/SOURCES.txt'
writing manifest file 'aurora_arm.egg-info/SOURCES.txt'
running build_ext
Creating /home/fuga1129/arm_sim_ws/install/aurora_arm/lib/python3.10/site-packages/aurora-arm.egg-link (link to .)
Installing joy_to_arm_control script to /home/fuga1129/arm_sim_ws/install/aurora_arm/lib/aurora_arm

Installed /home/fuga1129/arm_sim_ws/build/aurora_arm
running symlink_data
symbolically linking /home/fuga1129/arm_sim_ws/build/aurora_arm/resource/aurora_arm -> /home/fuga1129/arm_sim_ws/install/aurora_arm/share/ament_index/resource_index/packages
symbolically linking /home/fuga1129/arm_sim_ws/build/aurora_arm/package.xml -> /home/fuga1129/arm_sim_ws/install/aurora_arm/share/aurora_arm
symbolically linking /home/fuga1129/arm_sim_ws/build/aurora_arm/launch/launch_ign.launch.py -> /home/fuga1129/arm_sim_ws/install/aurora_arm/share/aurora_arm/launch
symbolically linking /home/fuga1129/arm_sim_ws/build/aurora_arm/launch/launch_gazebo.launch.py -> /home/fuga1129/arm_sim_ws/install/aurora_arm/share/aurora_arm/launch
symbolically linking /home/fuga1129/arm_sim_ws/build/aurora_arm/launch/joystick.launch.py -> /home/fuga1129/arm_sim_ws/install/aurora_arm/share/aurora_arm/launch
symbolically linking /home/fuga1129/arm_sim_ws/build/aurora_arm/launch/rsp.launch.py -> /home/fuga1129/arm_sim_ws/install/aurora_arm/share/aurora_arm/launch
symbolically linking /home/fuga1129/arm_sim_ws/build/aurora_arm/description/ros2_ign_control_arm.xacro -> /home/fuga1129/arm_sim_ws/install/aurora_arm/share/aurora_arm/description
symbolically linking /home/fuga1129/arm_sim_ws/build/aurora_arm/description/robot.urdf.xacro -> /home/fuga1129/arm_sim_ws/install/aurora_arm/share/aurora_arm/description
symbolically linking /home/fuga1129/arm_sim_ws/build/aurora_arm/description/robot_core.xacro -> /home/fuga1129/arm_sim_ws/install/aurora_arm/share/aurora_arm/description
symbolically linking /home/fuga1129/arm_sim_ws/build/aurora_arm/description/robot_ign.xacro -> /home/fuga1129/arm_sim_ws/install/aurora_arm/share/aurora_arm/description
symbolically linking /home/fuga1129/arm_sim_ws/build/aurora_arm/meshes/arm4_link_1.stl -> /home/fuga1129/arm_sim_ws/install/aurora_arm/share/aurora_arm/meshes
symbolically linking /home/fuga1129/arm_sim_ws/build/aurora_arm/meshes/base_link.stl -> /home/fuga1129/arm_sim_ws/install/aurora_arm/share/aurora_arm/meshes
symbolically linking /home/fuga1129/arm_sim_ws/build/aurora_arm/meshes/arm3_link_1.stl -> /home/fuga1129/arm_sim_ws/install/aurora_arm/share/aurora_arm/meshes
symbolically linking /home/fuga1129/arm_sim_ws/build/aurora_arm/meshes/arm5_link_1.stl -> /home/fuga1129/arm_sim_ws/install/aurora_arm/share/aurora_arm/meshes
symbolically linking /home/fuga1129/arm_sim_ws/build/aurora_arm/meshes/arm1_link_1.stl -> /home/fuga1129/arm_sim_ws/install/aurora_arm/share/aurora_arm/meshes
symbolically linking /home/fuga1129/arm_sim_ws/build/aurora_arm/meshes/hand1_link_1.stl -> /home/fuga1129/arm_sim_ws/install/aurora_arm/share/aurora_arm/meshes
symbolically linking /home/fuga1129/arm_sim_ws/build/aurora_arm/meshes/hand2_link_1.stl -> /home/fuga1129/arm_sim_ws/install/aurora_arm/share/aurora_arm/meshes
symbolically linking /home/fuga1129/arm_sim_ws/build/aurora_arm/meshes/arm2_link_1.stl -> /home/fuga1129/arm_sim_ws/install/aurora_arm/share/aurora_arm/meshes
symbolically linking /home/fuga1129/arm_sim_ws/build/aurora_arm/config/joystick.yaml -> /home/fuga1129/arm_sim_ws/install/aurora_arm/share/aurora_arm/config
symbolically linking /home/fuga1129/arm_sim_ws/build/aurora_arm/config/controllers.yaml -> /home/fuga1129/arm_sim_ws/install/aurora_arm/share/aurora_arm/config
symbolically linking /home/fuga1129/arm_sim_ws/build/aurora_arm/aurora_arm/__init__.py -> /home/fuga1129/arm_sim_ws/install/aurora_arm/share/aurora_arm/aurora_arm
symbolically linking /home/fuga1129/arm_sim_ws/build/aurora_arm/aurora_arm/joy_to_arm_control.py -> /home/fuga1129/arm_sim_ws/install/aurora_arm/share/aurora_arm/aurora_arm
