[0.400s] Invoking command in '/home/fuga1129/arm_sim_ws/build/aurora_arm': PYTHONPATH=/home/fuga1129/arm_sim_ws/build/aurora_arm/prefix_override:/usr/lib/python3/dist-packages/colcon_core/task/python/colcon_distutils_commands:/home/fuga1129/arm_sim_ws/install/aurora_arm/lib/python3.10/site-packages:${PYTHONPATH} /usr/bin/python3 -W ignore:setup.py install is deprecated -W ignore:easy_install command is deprecated setup.py develop --editable --build-directory /home/fuga1129/arm_sim_ws/build/aurora_arm/build --no-deps symlink_data --force
[0.569s] running develop
[0.655s] running egg_info
[0.655s] writing aurora_arm.egg-info/PKG-INFO
[0.656s] writing dependency_links to aurora_arm.egg-info/dependency_links.txt
[0.656s] writing entry points to aurora_arm.egg-info/entry_points.txt
[0.656s] writing requirements to aurora_arm.egg-info/requires.txt
[0.656s] writing top-level names to aurora_arm.egg-info/top_level.txt
[0.657s] reading manifest file 'aurora_arm.egg-info/SOURCES.txt'
[0.657s] writing manifest file 'aurora_arm.egg-info/SOURCES.txt'
[0.658s] running build_ext
[0.659s] Creating /home/fuga1129/arm_sim_ws/install/aurora_arm/lib/python3.10/site-packages/aurora-arm.egg-link (link to .)
[0.659s] Installing joy_to_arm_control script to /home/fuga1129/arm_sim_ws/install/aurora_arm/lib/aurora_arm
[0.659s] 
[0.659s] Installed /home/fuga1129/arm_sim_ws/build/aurora_arm
[0.659s] running symlink_data
[0.660s] symbolically linking /home/fuga1129/arm_sim_ws/build/aurora_arm/resource/aurora_arm -> /home/fuga1129/arm_sim_ws/install/aurora_arm/share/ament_index/resource_index/packages
[0.660s] symbolically linking /home/fuga1129/arm_sim_ws/build/aurora_arm/package.xml -> /home/fuga1129/arm_sim_ws/install/aurora_arm/share/aurora_arm
[0.660s] symbolically linking /home/fuga1129/arm_sim_ws/build/aurora_arm/launch/launch_ign.launch.py -> /home/fuga1129/arm_sim_ws/install/aurora_arm/share/aurora_arm/launch
[0.660s] symbolically linking /home/fuga1129/arm_sim_ws/build/aurora_arm/launch/launch_gazebo.launch.py -> /home/fuga1129/arm_sim_ws/install/aurora_arm/share/aurora_arm/launch
[0.660s] symbolically linking /home/fuga1129/arm_sim_ws/build/aurora_arm/launch/joystick.launch.py -> /home/fuga1129/arm_sim_ws/install/aurora_arm/share/aurora_arm/launch
[0.660s] symbolically linking /home/fuga1129/arm_sim_ws/build/aurora_arm/launch/rsp.launch.py -> /home/fuga1129/arm_sim_ws/install/aurora_arm/share/aurora_arm/launch
[0.660s] symbolically linking /home/fuga1129/arm_sim_ws/build/aurora_arm/description/ros2_ign_control_arm.xacro -> /home/fuga1129/arm_sim_ws/install/aurora_arm/share/aurora_arm/description
[0.660s] symbolically linking /home/fuga1129/arm_sim_ws/build/aurora_arm/description/robot.urdf.xacro -> /home/fuga1129/arm_sim_ws/install/aurora_arm/share/aurora_arm/description
[0.660s] symbolically linking /home/fuga1129/arm_sim_ws/build/aurora_arm/description/robot_core.xacro -> /home/fuga1129/arm_sim_ws/install/aurora_arm/share/aurora_arm/description
[0.660s] symbolically linking /home/fuga1129/arm_sim_ws/build/aurora_arm/description/robot_ign.xacro -> /home/fuga1129/arm_sim_ws/install/aurora_arm/share/aurora_arm/description
[0.661s] symbolically linking /home/fuga1129/arm_sim_ws/build/aurora_arm/meshes/arm4_link_1.stl -> /home/fuga1129/arm_sim_ws/install/aurora_arm/share/aurora_arm/meshes
[0.661s] symbolically linking /home/fuga1129/arm_sim_ws/build/aurora_arm/meshes/base_link.stl -> /home/fuga1129/arm_sim_ws/install/aurora_arm/share/aurora_arm/meshes
[0.661s] symbolically linking /home/fuga1129/arm_sim_ws/build/aurora_arm/meshes/arm3_link_1.stl -> /home/fuga1129/arm_sim_ws/install/aurora_arm/share/aurora_arm/meshes
[0.661s] symbolically linking /home/fuga1129/arm_sim_ws/build/aurora_arm/meshes/arm5_link_1.stl -> /home/fuga1129/arm_sim_ws/install/aurora_arm/share/aurora_arm/meshes
[0.661s] symbolically linking /home/fuga1129/arm_sim_ws/build/aurora_arm/meshes/arm1_link_1.stl -> /home/fuga1129/arm_sim_ws/install/aurora_arm/share/aurora_arm/meshes
[0.661s] symbolically linking /home/fuga1129/arm_sim_ws/build/aurora_arm/meshes/hand1_link_1.stl -> /home/fuga1129/arm_sim_ws/install/aurora_arm/share/aurora_arm/meshes
[0.661s] symbolically linking /home/fuga1129/arm_sim_ws/build/aurora_arm/meshes/hand2_link_1.stl -> /home/fuga1129/arm_sim_ws/install/aurora_arm/share/aurora_arm/meshes
[0.661s] symbolically linking /home/fuga1129/arm_sim_ws/build/aurora_arm/meshes/arm2_link_1.stl -> /home/fuga1129/arm_sim_ws/install/aurora_arm/share/aurora_arm/meshes
[0.661s] symbolically linking /home/fuga1129/arm_sim_ws/build/aurora_arm/config/joystick.yaml -> /home/fuga1129/arm_sim_ws/install/aurora_arm/share/aurora_arm/config
[0.661s] symbolically linking /home/fuga1129/arm_sim_ws/build/aurora_arm/config/controllers.yaml -> /home/fuga1129/arm_sim_ws/install/aurora_arm/share/aurora_arm/config
[0.661s] symbolically linking /home/fuga1129/arm_sim_ws/build/aurora_arm/aurora_arm/__init__.py -> /home/fuga1129/arm_sim_ws/install/aurora_arm/share/aurora_arm/aurora_arm
[0.661s] symbolically linking /home/fuga1129/arm_sim_ws/build/aurora_arm/aurora_arm/joy_to_arm_control.py -> /home/fuga1129/arm_sim_ws/install/aurora_arm/share/aurora_arm/aurora_arm
[0.679s] Invoked command in '/home/fuga1129/arm_sim_ws/build/aurora_arm' returned '0': PYTHONPATH=/home/fuga1129/arm_sim_ws/build/aurora_arm/prefix_override:/usr/lib/python3/dist-packages/colcon_core/task/python/colcon_distutils_commands:/home/fuga1129/arm_sim_ws/install/aurora_arm/lib/python3.10/site-packages:${PYTHONPATH} /usr/bin/python3 -W ignore:setup.py install is deprecated -W ignore:easy_install command is deprecated setup.py develop --editable --build-directory /home/fuga1129/arm_sim_ws/build/aurora_arm/build --no-deps symlink_data --force
