[0.066s] DEBUG:colcon:Command line arguments: ['/usr/bin/colcon', 'build', '--symlink-install']
[0.066s] DEBUG:colcon:Parsed command line arguments: Namespace(log_base=None, log_level=None, verb_name='build', build_base='build', install_base='install', merge_install=False, symlink_install=True, test_result_base=None, continue_on_error=False, executor='parallel', parallel_workers=12, event_handlers=None, ignore_user_meta=False, metas=['./colcon.meta'], base_paths=['.'], packages_ignore=None, packages_ignore_regex=None, paths=None, packages_up_to=None, packages_up_to_regex=None, packages_above=None, packages_above_and_dependencies=None, packages_above_depth=None, packages_select_by_dep=None, packages_skip_by_dep=None, packages_skip_up_to=None, packages_select_build_failed=False, packages_skip_build_finished=False, packages_select_test_failures=False, packages_skip_test_passed=False, packages_select=None, packages_skip=None, packages_select_regex=None, packages_skip_regex=None, packages_start=None, packages_end=None, allow_overriding=[], cmake_args=None, cmake_target=None, cmake_target_skip_unavailable=False, cmake_clean_cache=False, cmake_clean_first=False, cmake_force_configure=False, ament_cmake_args=None, catkin_cmake_args=None, catkin_skip_building_tests=False, mixin_files=None, mixin=None, verb_parser=<colcon_mixin.mixin.mixin_argument.MixinArgumentDecorator object at 0x761b3ed62650>, verb_extension=<colcon_core.verb.build.BuildVerb object at 0x761b3ed621a0>, main=<bound method BuildVerb.main of <colcon_core.verb.build.BuildVerb object at 0x761b3ed621a0>>, mixin_verb=('build',))
[0.170s] Level 1:colcon.colcon_core.package_discovery:discover_packages(colcon_meta) check parameters
[0.170s] Level 1:colcon.colcon_core.package_discovery:discover_packages(recursive) check parameters
[0.170s] Level 1:colcon.colcon_core.package_discovery:discover_packages(ignore) check parameters
[0.170s] Level 1:colcon.colcon_core.package_discovery:discover_packages(path) check parameters
[0.170s] Level 1:colcon.colcon_core.package_discovery:discover_packages(colcon_meta) discover
[0.170s] Level 1:colcon.colcon_core.package_discovery:discover_packages(recursive) discover
[0.170s] INFO:colcon.colcon_core.package_discovery:Crawling recursively for packages in '/home/fuga1129/arm_sim_ws'
[0.170s] Level 1:colcon.colcon_core.package_identification:_identify(.) by extensions ['ignore', 'ignore_ament_install']
[0.170s] Level 1:colcon.colcon_core.package_identification:_identify(.) by extension 'ignore'
[0.170s] Level 1:colcon.colcon_core.package_identification:_identify(.) by extension 'ignore_ament_install'
[0.170s] Level 1:colcon.colcon_core.package_identification:_identify(.) by extensions ['colcon_pkg']
[0.170s] Level 1:colcon.colcon_core.package_identification:_identify(.) by extension 'colcon_pkg'
[0.170s] Level 1:colcon.colcon_core.package_identification:_identify(.) by extensions ['colcon_meta']
[0.170s] Level 1:colcon.colcon_core.package_identification:_identify(.) by extension 'colcon_meta'
[0.170s] Level 1:colcon.colcon_core.package_identification:_identify(.) by extensions ['ros']
[0.170s] Level 1:colcon.colcon_core.package_identification:_identify(.) by extension 'ros'
[0.177s] Level 1:colcon.colcon_core.package_identification:_identify(.) by extensions ['cmake', 'python']
[0.177s] Level 1:colcon.colcon_core.package_identification:_identify(.) by extension 'cmake'
[0.178s] Level 1:colcon.colcon_core.package_identification:_identify(.) by extension 'python'
[0.178s] Level 1:colcon.colcon_core.package_identification:_identify(.) by extensions ['python_setup_py']
[0.178s] Level 1:colcon.colcon_core.package_identification:_identify(.) by extension 'python_setup_py'
[0.178s] Level 1:colcon.colcon_core.package_identification:_identify(build) by extensions ['ignore', 'ignore_ament_install']
[0.178s] Level 1:colcon.colcon_core.package_identification:_identify(build) by extension 'ignore'
[0.178s] Level 1:colcon.colcon_core.package_identification:_identify(build) ignored
[0.178s] Level 1:colcon.colcon_core.package_identification:_identify(install) by extensions ['ignore', 'ignore_ament_install']
[0.178s] Level 1:colcon.colcon_core.package_identification:_identify(install) by extension 'ignore'
[0.178s] Level 1:colcon.colcon_core.package_identification:_identify(install) ignored
[0.178s] Level 1:colcon.colcon_core.package_identification:_identify(log) by extensions ['ignore', 'ignore_ament_install']
[0.178s] Level 1:colcon.colcon_core.package_identification:_identify(log) by extension 'ignore'
[0.178s] Level 1:colcon.colcon_core.package_identification:_identify(log) ignored
[0.178s] Level 1:colcon.colcon_core.package_identification:_identify(src) by extensions ['ignore', 'ignore_ament_install']
[0.178s] Level 1:colcon.colcon_core.package_identification:_identify(src) by extension 'ignore'
[0.178s] Level 1:colcon.colcon_core.package_identification:_identify(src) by extension 'ignore_ament_install'
[0.178s] Level 1:colcon.colcon_core.package_identification:_identify(src) by extensions ['colcon_pkg']
[0.178s] Level 1:colcon.colcon_core.package_identification:_identify(src) by extension 'colcon_pkg'
[0.178s] Level 1:colcon.colcon_core.package_identification:_identify(src) by extensions ['colcon_meta']
[0.178s] Level 1:colcon.colcon_core.package_identification:_identify(src) by extension 'colcon_meta'
[0.178s] Level 1:colcon.colcon_core.package_identification:_identify(src) by extensions ['ros']
[0.178s] Level 1:colcon.colcon_core.package_identification:_identify(src) by extension 'ros'
[0.178s] Level 1:colcon.colcon_core.package_identification:_identify(src) by extensions ['cmake', 'python']
[0.178s] Level 1:colcon.colcon_core.package_identification:_identify(src) by extension 'cmake'
[0.178s] Level 1:colcon.colcon_core.package_identification:_identify(src) by extension 'python'
[0.178s] Level 1:colcon.colcon_core.package_identification:_identify(src) by extensions ['python_setup_py']
[0.178s] Level 1:colcon.colcon_core.package_identification:_identify(src) by extension 'python_setup_py'
[0.178s] Level 1:colcon.colcon_core.package_identification:_identify(src/aurora_arm) by extensions ['ignore', 'ignore_ament_install']
[0.178s] Level 1:colcon.colcon_core.package_identification:_identify(src/aurora_arm) by extension 'ignore'
[0.178s] Level 1:colcon.colcon_core.package_identification:_identify(src/aurora_arm) by extension 'ignore_ament_install'
[0.179s] Level 1:colcon.colcon_core.package_identification:_identify(src/aurora_arm) by extensions ['colcon_pkg']
[0.179s] Level 1:colcon.colcon_core.package_identification:_identify(src/aurora_arm) by extension 'colcon_pkg'
[0.179s] Level 1:colcon.colcon_core.package_identification:_identify(src/aurora_arm) by extensions ['colcon_meta']
[0.179s] Level 1:colcon.colcon_core.package_identification:_identify(src/aurora_arm) by extension 'colcon_meta'
[0.179s] Level 1:colcon.colcon_core.package_identification:_identify(src/aurora_arm) by extensions ['ros']
[0.179s] Level 1:colcon.colcon_core.package_identification:_identify(src/aurora_arm) by extension 'ros'
[0.180s] DEBUG:colcon.colcon_core.package_identification:Package 'src/aurora_arm' with type 'ros.ament_python' and name 'aurora_arm'
[0.180s] Level 1:colcon.colcon_core.package_discovery:discover_packages(recursive) using defaults
[0.180s] Level 1:colcon.colcon_core.package_discovery:discover_packages(ignore) discover
[0.180s] Level 1:colcon.colcon_core.package_discovery:discover_packages(ignore) using defaults
[0.181s] Level 1:colcon.colcon_core.package_discovery:discover_packages(path) discover
[0.181s] Level 1:colcon.colcon_core.package_discovery:discover_packages(path) using defaults
[0.201s] Level 1:colcon.colcon_core.package_discovery:discover_packages(prefix_path) check parameters
[0.201s] Level 1:colcon.colcon_core.package_discovery:discover_packages(prefix_path) discover
[0.202s] DEBUG:colcon.colcon_installed_package_information.package_discovery:Found 1 installed packages in /home/fuga1129/arm_sim_ws/install
[0.203s] DEBUG:colcon.colcon_installed_package_information.package_discovery:Found 348 installed packages in /opt/ros/humble
[0.204s] Level 1:colcon.colcon_core.package_discovery:discover_packages(prefix_path) using defaults
[0.228s] Level 5:colcon.colcon_core.verb:set package 'aurora_arm' build argument 'cmake_args' from command line to 'None'
[0.228s] Level 5:colcon.colcon_core.verb:set package 'aurora_arm' build argument 'cmake_target' from command line to 'None'
[0.228s] Level 5:colcon.colcon_core.verb:set package 'aurora_arm' build argument 'cmake_target_skip_unavailable' from command line to 'False'
[0.228s] Level 5:colcon.colcon_core.verb:set package 'aurora_arm' build argument 'cmake_clean_cache' from command line to 'False'
[0.228s] Level 5:colcon.colcon_core.verb:set package 'aurora_arm' build argument 'cmake_clean_first' from command line to 'False'
[0.228s] Level 5:colcon.colcon_core.verb:set package 'aurora_arm' build argument 'cmake_force_configure' from command line to 'False'
[0.228s] Level 5:colcon.colcon_core.verb:set package 'aurora_arm' build argument 'ament_cmake_args' from command line to 'None'
[0.228s] Level 5:colcon.colcon_core.verb:set package 'aurora_arm' build argument 'catkin_cmake_args' from command line to 'None'
[0.228s] Level 5:colcon.colcon_core.verb:set package 'aurora_arm' build argument 'catkin_skip_building_tests' from command line to 'False'
[0.228s] DEBUG:colcon.colcon_core.verb:Building package 'aurora_arm' with the following arguments: {'ament_cmake_args': None, 'build_base': '/home/fuga1129/arm_sim_ws/build/aurora_arm', 'catkin_cmake_args': None, 'catkin_skip_building_tests': False, 'cmake_args': None, 'cmake_clean_cache': False, 'cmake_clean_first': False, 'cmake_force_configure': False, 'cmake_target': None, 'cmake_target_skip_unavailable': False, 'install_base': '/home/fuga1129/arm_sim_ws/install/aurora_arm', 'merge_install': False, 'path': '/home/fuga1129/arm_sim_ws/src/aurora_arm', 'symlink_install': True, 'test_result_base': None}
[0.228s] INFO:colcon.colcon_core.executor:Executing jobs using 'parallel' executor
[0.229s] DEBUG:colcon.colcon_parallel_executor.executor.parallel:run_until_complete
[0.229s] INFO:colcon.colcon_ros.task.ament_python.build:Building ROS package in '/home/fuga1129/arm_sim_ws/src/aurora_arm' with build type 'ament_python'
[0.229s] Level 1:colcon.colcon_core.shell:create_environment_hook('aurora_arm', 'ament_prefix_path')
[0.230s] INFO:colcon.colcon_core.plugin_system:Skipping extension 'colcon_core.shell.bat': Not used on non-Windows systems
[0.230s] INFO:colcon.colcon_core.shell:Creating environment hook '/home/fuga1129/arm_sim_ws/install/aurora_arm/share/aurora_arm/hook/ament_prefix_path.ps1'
[0.231s] INFO:colcon.colcon_core.shell:Creating environment descriptor '/home/fuga1129/arm_sim_ws/install/aurora_arm/share/aurora_arm/hook/ament_prefix_path.dsv'
[0.231s] INFO:colcon.colcon_core.shell:Creating environment hook '/home/fuga1129/arm_sim_ws/install/aurora_arm/share/aurora_arm/hook/ament_prefix_path.sh'
[0.231s] INFO:colcon.colcon_core.shell:Skip shell extension 'powershell' for command environment: Not usable outside of PowerShell
[0.232s] DEBUG:colcon.colcon_core.shell:Skip shell extension 'dsv' for command environment
[0.398s] INFO:colcon.colcon_core.task.python.build:Building Python package in '/home/fuga1129/arm_sim_ws/src/aurora_arm'
[0.398s] INFO:colcon.colcon_core.shell:Skip shell extension 'powershell' for command environment: Not usable outside of PowerShell
[0.398s] DEBUG:colcon.colcon_core.shell:Skip shell extension 'dsv' for command environment
[0.626s] DEBUG:colcon.colcon_core.task.python.build:While undoing a previous installation files outside the Python library path are being ignored: /home/fuga1129/arm_sim_ws/install/aurora_arm/share/ament_index/resource_index/packages/aurora_arm
[0.626s] DEBUG:colcon.colcon_core.task.python.build:While undoing a previous installation files outside the Python library path are being ignored: /home/fuga1129/arm_sim_ws/install/aurora_arm/share/aurora_arm/package.xml
[0.626s] DEBUG:colcon.colcon_core.task.python.build:While undoing a previous installation files outside the Python library path are being ignored: /home/fuga1129/arm_sim_ws/install/aurora_arm/share/aurora_arm/launch/launch_ign.launch.py
[0.626s] DEBUG:colcon.colcon_core.task.python.build:While undoing a previous installation files outside the Python library path are being ignored: /home/fuga1129/arm_sim_ws/install/aurora_arm/share/aurora_arm/launch/launch_gazebo.launch.py
[0.626s] DEBUG:colcon.colcon_core.task.python.build:While undoing a previous installation files outside the Python library path are being ignored: /home/fuga1129/arm_sim_ws/install/aurora_arm/share/aurora_arm/launch/joystick.launch.py
[0.626s] DEBUG:colcon.colcon_core.task.python.build:While undoing a previous installation files outside the Python library path are being ignored: /home/fuga1129/arm_sim_ws/install/aurora_arm/share/aurora_arm/launch/rsp.launch.py
[0.626s] DEBUG:colcon.colcon_core.task.python.build:While undoing a previous installation files outside the Python library path are being ignored: /home/fuga1129/arm_sim_ws/install/aurora_arm/share/aurora_arm/description/ros2_ign_control_arm.xacro
[0.626s] DEBUG:colcon.colcon_core.task.python.build:While undoing a previous installation files outside the Python library path are being ignored: /home/fuga1129/arm_sim_ws/install/aurora_arm/share/aurora_arm/description/robot.urdf.xacro
[0.626s] DEBUG:colcon.colcon_core.task.python.build:While undoing a previous installation files outside the Python library path are being ignored: /home/fuga1129/arm_sim_ws/install/aurora_arm/share/aurora_arm/description/robot_core.xacro
[0.626s] DEBUG:colcon.colcon_core.task.python.build:While undoing a previous installation files outside the Python library path are being ignored: /home/fuga1129/arm_sim_ws/install/aurora_arm/share/aurora_arm/description/robot_ign.xacro
[0.626s] DEBUG:colcon.colcon_core.task.python.build:While undoing a previous installation files outside the Python library path are being ignored: /home/fuga1129/arm_sim_ws/install/aurora_arm/share/aurora_arm/meshes/arm4_link_1.stl
[0.626s] DEBUG:colcon.colcon_core.task.python.build:While undoing a previous installation files outside the Python library path are being ignored: /home/fuga1129/arm_sim_ws/install/aurora_arm/share/aurora_arm/meshes/base_link.stl
[0.626s] DEBUG:colcon.colcon_core.task.python.build:While undoing a previous installation files outside the Python library path are being ignored: /home/fuga1129/arm_sim_ws/install/aurora_arm/share/aurora_arm/meshes/arm3_link_1.stl
[0.626s] DEBUG:colcon.colcon_core.task.python.build:While undoing a previous installation files outside the Python library path are being ignored: /home/fuga1129/arm_sim_ws/install/aurora_arm/share/aurora_arm/meshes/arm5_link_1.stl
[0.626s] DEBUG:colcon.colcon_core.task.python.build:While undoing a previous installation files outside the Python library path are being ignored: /home/fuga1129/arm_sim_ws/install/aurora_arm/share/aurora_arm/meshes/arm1_link_1.stl
[0.626s] DEBUG:colcon.colcon_core.task.python.build:While undoing a previous installation files outside the Python library path are being ignored: /home/fuga1129/arm_sim_ws/install/aurora_arm/share/aurora_arm/meshes/hand1_link_1.stl
[0.626s] DEBUG:colcon.colcon_core.task.python.build:While undoing a previous installation files outside the Python library path are being ignored: /home/fuga1129/arm_sim_ws/install/aurora_arm/share/aurora_arm/meshes/hand2_link_1.stl
[0.626s] DEBUG:colcon.colcon_core.task.python.build:While undoing a previous installation files outside the Python library path are being ignored: /home/fuga1129/arm_sim_ws/install/aurora_arm/share/aurora_arm/meshes/arm2_link_1.stl
[0.626s] DEBUG:colcon.colcon_core.task.python.build:While undoing a previous installation files outside the Python library path are being ignored: /home/fuga1129/arm_sim_ws/install/aurora_arm/share/aurora_arm/config/joystick.yaml
[0.626s] DEBUG:colcon.colcon_core.task.python.build:While undoing a previous installation files outside the Python library path are being ignored: /home/fuga1129/arm_sim_ws/install/aurora_arm/share/aurora_arm/config/controllers.yaml
[0.626s] DEBUG:colcon.colcon_core.task.python.build:While undoing a previous installation files outside the Python library path are being ignored: /home/fuga1129/arm_sim_ws/install/aurora_arm/share/aurora_arm/aurora_arm/__init__.py
[0.626s] DEBUG:colcon.colcon_core.task.python.build:While undoing a previous installation files outside the Python library path are being ignored: /home/fuga1129/arm_sim_ws/install/aurora_arm/share/aurora_arm/aurora_arm/joy_to_arm_control.py
[0.626s] DEBUG:colcon.colcon_core.task.python.build:While undoing a previous installation files outside the Python library path are being ignored: /home/fuga1129/arm_sim_ws/install/aurora_arm/lib/aurora_arm/joy_to_arm_control
[0.629s] DEBUG:colcon.colcon_core.event_handler.log_command:Invoking command in '/home/fuga1129/arm_sim_ws/build/aurora_arm': PYTHONPATH=/home/fuga1129/arm_sim_ws/build/aurora_arm/prefix_override:/usr/lib/python3/dist-packages/colcon_core/task/python/colcon_distutils_commands:/home/fuga1129/arm_sim_ws/install/aurora_arm/lib/python3.10/site-packages:${PYTHONPATH} /usr/bin/python3 -W ignore:setup.py install is deprecated -W ignore:easy_install command is deprecated setup.py develop --editable --build-directory /home/fuga1129/arm_sim_ws/build/aurora_arm/build --no-deps symlink_data --force
[0.908s] Level 1:colcon.colcon_core.shell:create_environment_hook('aurora_arm', 'pythonpath_develop')
[0.908s] INFO:colcon.colcon_core.shell:Creating environment hook '/home/fuga1129/arm_sim_ws/build/aurora_arm/share/aurora_arm/hook/pythonpath_develop.ps1'
[0.909s] DEBUG:colcon.colcon_core.event_handler.log_command:Invoked command in '/home/fuga1129/arm_sim_ws/build/aurora_arm' returned '0': PYTHONPATH=/home/fuga1129/arm_sim_ws/build/aurora_arm/prefix_override:/usr/lib/python3/dist-packages/colcon_core/task/python/colcon_distutils_commands:/home/fuga1129/arm_sim_ws/install/aurora_arm/lib/python3.10/site-packages:${PYTHONPATH} /usr/bin/python3 -W ignore:setup.py install is deprecated -W ignore:easy_install command is deprecated setup.py develop --editable --build-directory /home/fuga1129/arm_sim_ws/build/aurora_arm/build --no-deps symlink_data --force
[0.909s] INFO:colcon.colcon_core.shell:Creating environment descriptor '/home/fuga1129/arm_sim_ws/build/aurora_arm/share/aurora_arm/hook/pythonpath_develop.dsv'
[0.909s] INFO:colcon.colcon_core.shell:Creating environment hook '/home/fuga1129/arm_sim_ws/build/aurora_arm/share/aurora_arm/hook/pythonpath_develop.sh'
[0.911s] Level 1:colcon.colcon_core.environment:checking '/home/fuga1129/arm_sim_ws/install/aurora_arm' for CMake module files
[0.911s] Level 1:colcon.colcon_core.environment:checking '/home/fuga1129/arm_sim_ws/install/aurora_arm' for CMake config files
[0.912s] Level 1:colcon.colcon_core.environment:checking '/home/fuga1129/arm_sim_ws/install/aurora_arm/lib'
[0.912s] Level 1:colcon.colcon_core.environment:checking '/home/fuga1129/arm_sim_ws/install/aurora_arm/bin'
[0.912s] Level 1:colcon.colcon_core.environment:checking '/home/fuga1129/arm_sim_ws/install/aurora_arm/lib/pkgconfig/aurora_arm.pc'
[0.912s] Level 1:colcon.colcon_core.environment:checking '/home/fuga1129/arm_sim_ws/install/aurora_arm/lib/python3.10/site-packages'
[0.912s] Level 1:colcon.colcon_core.shell:create_environment_hook('aurora_arm', 'pythonpath')
[0.912s] INFO:colcon.colcon_core.shell:Creating environment hook '/home/fuga1129/arm_sim_ws/install/aurora_arm/share/aurora_arm/hook/pythonpath.ps1'
[0.912s] INFO:colcon.colcon_core.shell:Creating environment descriptor '/home/fuga1129/arm_sim_ws/install/aurora_arm/share/aurora_arm/hook/pythonpath.dsv'
[0.912s] INFO:colcon.colcon_core.shell:Creating environment hook '/home/fuga1129/arm_sim_ws/install/aurora_arm/share/aurora_arm/hook/pythonpath.sh'
[0.913s] Level 1:colcon.colcon_core.environment:checking '/home/fuga1129/arm_sim_ws/install/aurora_arm/bin'
[0.913s] Level 1:colcon.colcon_core.environment:create_environment_scripts_only(aurora_arm)
[0.913s] INFO:colcon.colcon_core.shell:Creating package script '/home/fuga1129/arm_sim_ws/install/aurora_arm/share/aurora_arm/package.ps1'
[0.914s] INFO:colcon.colcon_core.shell:Creating package descriptor '/home/fuga1129/arm_sim_ws/install/aurora_arm/share/aurora_arm/package.dsv'
[0.914s] INFO:colcon.colcon_core.shell:Creating package script '/home/fuga1129/arm_sim_ws/install/aurora_arm/share/aurora_arm/package.sh'
[0.915s] INFO:colcon.colcon_core.shell:Creating package script '/home/fuga1129/arm_sim_ws/install/aurora_arm/share/aurora_arm/package.bash'
[0.915s] INFO:colcon.colcon_core.shell:Creating package script '/home/fuga1129/arm_sim_ws/install/aurora_arm/share/aurora_arm/package.zsh'
[0.916s] Level 1:colcon.colcon_core.environment:create_file_with_runtime_dependencies(/home/fuga1129/arm_sim_ws/install/aurora_arm/share/colcon-core/packages/aurora_arm)
[0.916s] DEBUG:colcon.colcon_parallel_executor.executor.parallel:closing loop
[0.916s] DEBUG:colcon.colcon_parallel_executor.executor.parallel:loop closed
[0.916s] DEBUG:colcon.colcon_parallel_executor.executor.parallel:run_until_complete finished with '0'
[0.916s] DEBUG:colcon.colcon_core.event_reactor:joining thread
[0.920s] INFO:colcon.colcon_core.plugin_system:Skipping extension 'colcon_notification.desktop_notification.terminal_notifier': Not used on non-Darwin systems
[0.920s] INFO:colcon.colcon_core.plugin_system:Skipping extension 'colcon_notification.desktop_notification.win32': Not used on non-Windows systems
[0.920s] INFO:colcon.colcon_notification.desktop_notification:Sending desktop notification using 'notify2'
[0.929s] DEBUG:colcon.colcon_core.event_reactor:joined thread
[0.930s] INFO:colcon.colcon_core.shell:Creating prefix script '/home/fuga1129/arm_sim_ws/install/local_setup.ps1'
[0.931s] INFO:colcon.colcon_core.shell:Creating prefix util module '/home/fuga1129/arm_sim_ws/install/_local_setup_util_ps1.py'
[0.932s] INFO:colcon.colcon_core.shell:Creating prefix chain script '/home/fuga1129/arm_sim_ws/install/setup.ps1'
[0.934s] INFO:colcon.colcon_core.shell:Creating prefix script '/home/fuga1129/arm_sim_ws/install/local_setup.sh'
[0.934s] INFO:colcon.colcon_core.shell:Creating prefix util module '/home/fuga1129/arm_sim_ws/install/_local_setup_util_sh.py'
[0.935s] INFO:colcon.colcon_core.shell:Creating prefix chain script '/home/fuga1129/arm_sim_ws/install/setup.sh'
[0.936s] INFO:colcon.colcon_core.shell:Creating prefix script '/home/fuga1129/arm_sim_ws/install/local_setup.bash'
[0.937s] INFO:colcon.colcon_core.shell:Creating prefix chain script '/home/fuga1129/arm_sim_ws/install/setup.bash'
[0.938s] INFO:colcon.colcon_core.shell:Creating prefix script '/home/fuga1129/arm_sim_ws/install/local_setup.zsh'
[0.938s] INFO:colcon.colcon_core.shell:Creating prefix chain script '/home/fuga1129/arm_sim_ws/install/setup.zsh'
