-- Install configuration: ""
-- Up-to-date: /home/fuga1129/arm_sim_ws/install/arm_moveit_v3/share/ament_index/resource_index/package_run_dependencies/arm_moveit_v3
-- Up-to-date: /home/fuga1129/arm_sim_ws/install/arm_moveit_v3/share/ament_index/resource_index/parent_prefix_path/arm_moveit_v3
-- Up-to-date: /home/fuga1129/arm_sim_ws/install/arm_moveit_v3/share/arm_moveit_v3/environment/ament_prefix_path.sh
-- Up-to-date: /home/fuga1129/arm_sim_ws/install/arm_moveit_v3/share/arm_moveit_v3/environment/ament_prefix_path.dsv
-- Up-to-date: /home/fuga1129/arm_sim_ws/install/arm_moveit_v3/share/arm_moveit_v3/environment/path.sh
-- Up-to-date: /home/fuga1129/arm_sim_ws/install/arm_moveit_v3/share/arm_moveit_v3/environment/path.dsv
-- Up-to-date: /home/fuga1129/arm_sim_ws/install/arm_moveit_v3/share/arm_moveit_v3/local_setup.bash
-- Up-to-date: /home/fuga1129/arm_sim_ws/install/arm_moveit_v3/share/arm_moveit_v3/local_setup.sh
-- Up-to-date: /home/fuga1129/arm_sim_ws/install/arm_moveit_v3/share/arm_moveit_v3/local_setup.zsh
-- Up-to-date: /home/fuga1129/arm_sim_ws/install/arm_moveit_v3/share/arm_moveit_v3/local_setup.dsv
-- Installing: /home/fuga1129/arm_sim_ws/install/arm_moveit_v3/share/arm_moveit_v3/package.dsv
-- Up-to-date: /home/fuga1129/arm_sim_ws/install/arm_moveit_v3/share/ament_index/resource_index/packages/arm_moveit_v3
-- Up-to-date: /home/fuga1129/arm_sim_ws/install/arm_moveit_v3/share/arm_moveit_v3/cmake/arm_moveit_v3Config.cmake
-- Up-to-date: /home/fuga1129/arm_sim_ws/install/arm_moveit_v3/share/arm_moveit_v3/cmake/arm_moveit_v3Config-version.cmake
-- Up-to-date: /home/fuga1129/arm_sim_ws/install/arm_moveit_v3/share/arm_moveit_v3/package.xml
-- Up-to-date: /home/fuga1129/arm_sim_ws/install/arm_moveit_v3/share/arm_moveit_v3/launch
-- Up-to-date: /home/fuga1129/arm_sim_ws/install/arm_moveit_v3/share/arm_moveit_v3/launch/warehouse_db.launch.py
-- Up-to-date: /home/fuga1129/arm_sim_ws/install/arm_moveit_v3/share/arm_moveit_v3/launch/demo.launch.py
-- Up-to-date: /home/fuga1129/arm_sim_ws/install/arm_moveit_v3/share/arm_moveit_v3/launch/setup_assistant.launch.py
-- Up-to-date: /home/fuga1129/arm_sim_ws/install/arm_moveit_v3/share/arm_moveit_v3/launch/static_virtual_joint_tfs.launch.py
-- Up-to-date: /home/fuga1129/arm_sim_ws/install/arm_moveit_v3/share/arm_moveit_v3/launch/move_group.launch.py
-- Up-to-date: /home/fuga1129/arm_sim_ws/install/arm_moveit_v3/share/arm_moveit_v3/launch/moveit_rviz.launch.py
-- Up-to-date: /home/fuga1129/arm_sim_ws/install/arm_moveit_v3/share/arm_moveit_v3/launch/spawn_controllers.launch.py
-- Up-to-date: /home/fuga1129/arm_sim_ws/install/arm_moveit_v3/share/arm_moveit_v3/launch/rsp.launch.py
-- Up-to-date: /home/fuga1129/arm_sim_ws/install/arm_moveit_v3/share/arm_moveit_v3/config
-- Up-to-date: /home/fuga1129/arm_sim_ws/install/arm_moveit_v3/share/arm_moveit_v3/config/pilz_cartesian_limits.yaml
-- Up-to-date: /home/fuga1129/arm_sim_ws/install/arm_moveit_v3/share/arm_moveit_v3/config/initial_positions.yaml
-- Up-to-date: /home/fuga1129/arm_sim_ws/install/arm_moveit_v3/share/arm_moveit_v3/config/aurora_arm.urdf.xacro
-- Up-to-date: /home/fuga1129/arm_sim_ws/install/arm_moveit_v3/share/arm_moveit_v3/config/moveit.rviz
-- Up-to-date: /home/fuga1129/arm_sim_ws/install/arm_moveit_v3/share/arm_moveit_v3/config/aurora_arm.ros2_control.xacro
-- Up-to-date: /home/fuga1129/arm_sim_ws/install/arm_moveit_v3/share/arm_moveit_v3/config/aurora_arm.srdf
-- Up-to-date: /home/fuga1129/arm_sim_ws/install/arm_moveit_v3/share/arm_moveit_v3/config/joint_limits.yaml
-- Up-to-date: /home/fuga1129/arm_sim_ws/install/arm_moveit_v3/share/arm_moveit_v3/config/moveit_controllers.yaml
-- Up-to-date: /home/fuga1129/arm_sim_ws/install/arm_moveit_v3/share/arm_moveit_v3/config/kinematics.yaml
-- Up-to-date: /home/fuga1129/arm_sim_ws/install/arm_moveit_v3/share/arm_moveit_v3/config/ros2_controllers.yaml
-- Up-to-date: /home/fuga1129/arm_sim_ws/install/arm_moveit_v3/share/arm_moveit_v3/.setup_assistant
