[0.070s] DEBUG:colcon:Command line arguments: ['/usr/bin/colcon', 'build', '--packages-select', 'aurora_arm_moveit']
[0.070s] DEBUG:colcon:Parsed command line arguments: Namespace(log_base=None, log_level=None, verb_name='build', build_base='build', install_base='install', merge_install=False, symlink_install=False, test_result_base=None, continue_on_error=False, executor='parallel', parallel_workers=12, event_handlers=None, ignore_user_meta=False, metas=['./colcon.meta'], base_paths=['.'], packages_ignore=None, packages_ignore_regex=None, paths=None, packages_up_to=None, packages_up_to_regex=None, packages_above=None, packages_above_and_dependencies=None, packages_above_depth=None, packages_select_by_dep=None, packages_skip_by_dep=None, packages_skip_up_to=None, packages_select_build_failed=False, packages_skip_build_finished=False, packages_select_test_failures=False, packages_skip_test_passed=False, packages_select=['aurora_arm_moveit'], packages_skip=None, packages_select_regex=None, packages_skip_regex=None, packages_start=None, packages_end=None, allow_overriding=[], cmake_args=None, cmake_target=None, cmake_target_skip_unavailable=False, cmake_clean_cache=False, cmake_clean_first=False, cmake_force_configure=False, ament_cmake_args=None, catkin_cmake_args=None, catkin_skip_building_tests=False, mixin_files=None, mixin=None, verb_parser=<colcon_mixin.mixin.mixin_argument.MixinArgumentDecorator object at 0x7b671585b760>, verb_extension=<colcon_core.verb.build.BuildVerb object at 0x7b67159a4670>, main=<bound method BuildVerb.main of <colcon_core.verb.build.BuildVerb object at 0x7b67159a4670>>, mixin_verb=('build',))
[0.164s] Level 1:colcon.colcon_core.package_discovery:discover_packages(colcon_meta) check parameters
[0.164s] Level 1:colcon.colcon_core.package_discovery:discover_packages(recursive) check parameters
[0.164s] Level 1:colcon.colcon_core.package_discovery:discover_packages(ignore) check parameters
[0.164s] Level 1:colcon.colcon_core.package_discovery:discover_packages(path) check parameters
[0.164s] Level 1:colcon.colcon_core.package_discovery:discover_packages(colcon_meta) discover
[0.164s] Level 1:colcon.colcon_core.package_discovery:discover_packages(recursive) discover
[0.164s] INFO:colcon.colcon_core.package_discovery:Crawling recursively for packages in '/home/fuga1129/arm_sim_ws'
[0.164s] Level 1:colcon.colcon_core.package_identification:_identify(.) by extensions ['ignore', 'ignore_ament_install']
[0.164s] Level 1:colcon.colcon_core.package_identification:_identify(.) by extension 'ignore'
[0.164s] Level 1:colcon.colcon_core.package_identification:_identify(.) by extension 'ignore_ament_install'
[0.164s] Level 1:colcon.colcon_core.package_identification:_identify(.) by extensions ['colcon_pkg']
[0.164s] Level 1:colcon.colcon_core.package_identification:_identify(.) by extension 'colcon_pkg'
[0.164s] Level 1:colcon.colcon_core.package_identification:_identify(.) by extensions ['colcon_meta']
[0.164s] Level 1:colcon.colcon_core.package_identification:_identify(.) by extension 'colcon_meta'
[0.164s] Level 1:colcon.colcon_core.package_identification:_identify(.) by extensions ['ros']
[0.164s] Level 1:colcon.colcon_core.package_identification:_identify(.) by extension 'ros'
[0.170s] Level 1:colcon.colcon_core.package_identification:_identify(.) by extensions ['cmake', 'python']
[0.170s] Level 1:colcon.colcon_core.package_identification:_identify(.) by extension 'cmake'
[0.170s] Level 1:colcon.colcon_core.package_identification:_identify(.) by extension 'python'
[0.171s] Level 1:colcon.colcon_core.package_identification:_identify(.) by extensions ['python_setup_py']
[0.171s] Level 1:colcon.colcon_core.package_identification:_identify(.) by extension 'python_setup_py'
[0.171s] Level 1:colcon.colcon_core.package_identification:_identify(build) by extensions ['ignore', 'ignore_ament_install']
[0.171s] Level 1:colcon.colcon_core.package_identification:_identify(build) by extension 'ignore'
[0.171s] Level 1:colcon.colcon_core.package_identification:_identify(build) ignored
[0.171s] Level 1:colcon.colcon_core.package_identification:_identify(install) by extensions ['ignore', 'ignore_ament_install']
[0.171s] Level 1:colcon.colcon_core.package_identification:_identify(install) by extension 'ignore'
[0.171s] Level 1:colcon.colcon_core.package_identification:_identify(install) ignored
[0.171s] Level 1:colcon.colcon_core.package_identification:_identify(log) by extensions ['ignore', 'ignore_ament_install']
[0.171s] Level 1:colcon.colcon_core.package_identification:_identify(log) by extension 'ignore'
[0.171s] Level 1:colcon.colcon_core.package_identification:_identify(log) ignored
[0.171s] Level 1:colcon.colcon_core.package_identification:_identify(src) by extensions ['ignore', 'ignore_ament_install']
[0.171s] Level 1:colcon.colcon_core.package_identification:_identify(src) by extension 'ignore'
[0.171s] Level 1:colcon.colcon_core.package_identification:_identify(src) by extension 'ignore_ament_install'
[0.171s] Level 1:colcon.colcon_core.package_identification:_identify(src) by extensions ['colcon_pkg']
[0.171s] Level 1:colcon.colcon_core.package_identification:_identify(src) by extension 'colcon_pkg'
[0.171s] Level 1:colcon.colcon_core.package_identification:_identify(src) by extensions ['colcon_meta']
[0.171s] Level 1:colcon.colcon_core.package_identification:_identify(src) by extension 'colcon_meta'
[0.171s] Level 1:colcon.colcon_core.package_identification:_identify(src) by extensions ['ros']
[0.171s] Level 1:colcon.colcon_core.package_identification:_identify(src) by extension 'ros'
[0.171s] Level 1:colcon.colcon_core.package_identification:_identify(src) by extensions ['cmake', 'python']
[0.171s] Level 1:colcon.colcon_core.package_identification:_identify(src) by extension 'cmake'
[0.171s] Level 1:colcon.colcon_core.package_identification:_identify(src) by extension 'python'
[0.171s] Level 1:colcon.colcon_core.package_identification:_identify(src) by extensions ['python_setup_py']
[0.171s] Level 1:colcon.colcon_core.package_identification:_identify(src) by extension 'python_setup_py'
[0.171s] Level 1:colcon.colcon_core.package_identification:_identify(src/aurora_arm) by extensions ['ignore', 'ignore_ament_install']
[0.171s] Level 1:colcon.colcon_core.package_identification:_identify(src/aurora_arm) by extension 'ignore'
[0.171s] Level 1:colcon.colcon_core.package_identification:_identify(src/aurora_arm) by extension 'ignore_ament_install'
[0.171s] Level 1:colcon.colcon_core.package_identification:_identify(src/aurora_arm) by extensions ['colcon_pkg']
[0.171s] Level 1:colcon.colcon_core.package_identification:_identify(src/aurora_arm) by extension 'colcon_pkg'
[0.172s] Level 1:colcon.colcon_core.package_identification:_identify(src/aurora_arm) by extensions ['colcon_meta']
[0.172s] Level 1:colcon.colcon_core.package_identification:_identify(src/aurora_arm) by extension 'colcon_meta'
[0.172s] Level 1:colcon.colcon_core.package_identification:_identify(src/aurora_arm) by extensions ['ros']
[0.172s] Level 1:colcon.colcon_core.package_identification:_identify(src/aurora_arm) by extension 'ros'
[0.173s] DEBUG:colcon.colcon_core.package_identification:Package 'src/aurora_arm' with type 'ros.ament_python' and name 'aurora_arm'
[0.173s] Level 1:colcon.colcon_core.package_identification:_identify(src/aurora_arm_moveit) by extensions ['ignore', 'ignore_ament_install']
[0.173s] Level 1:colcon.colcon_core.package_identification:_identify(src/aurora_arm_moveit) by extension 'ignore'
[0.173s] Level 1:colcon.colcon_core.package_identification:_identify(src/aurora_arm_moveit) by extension 'ignore_ament_install'
[0.173s] Level 1:colcon.colcon_core.package_identification:_identify(src/aurora_arm_moveit) by extensions ['colcon_pkg']
[0.173s] Level 1:colcon.colcon_core.package_identification:_identify(src/aurora_arm_moveit) by extension 'colcon_pkg'
[0.173s] Level 1:colcon.colcon_core.package_identification:_identify(src/aurora_arm_moveit) by extensions ['colcon_meta']
[0.173s] Level 1:colcon.colcon_core.package_identification:_identify(src/aurora_arm_moveit) by extension 'colcon_meta'
[0.173s] Level 1:colcon.colcon_core.package_identification:_identify(src/aurora_arm_moveit) by extensions ['ros']
[0.173s] Level 1:colcon.colcon_core.package_identification:_identify(src/aurora_arm_moveit) by extension 'ros'
[0.174s] DEBUG:colcon.colcon_core.package_identification:Package 'src/aurora_arm_moveit' with type 'ros.ament_cmake' and name 'aurora_arm_moveit'
[0.174s] Level 1:colcon.colcon_core.package_discovery:discover_packages(recursive) using defaults
[0.174s] Level 1:colcon.colcon_core.package_discovery:discover_packages(ignore) discover
[0.174s] Level 1:colcon.colcon_core.package_discovery:discover_packages(ignore) using defaults
[0.174s] Level 1:colcon.colcon_core.package_discovery:discover_packages(path) discover
[0.174s] Level 1:colcon.colcon_core.package_discovery:discover_packages(path) using defaults
[0.191s] INFO:colcon.colcon_core.package_selection:Skipping not selected package 'aurora_arm' in 'src/aurora_arm'
[0.192s] Level 1:colcon.colcon_core.package_discovery:discover_packages(prefix_path) check parameters
[0.192s] Level 1:colcon.colcon_core.package_discovery:discover_packages(prefix_path) discover
[0.193s] DEBUG:colcon.colcon_installed_package_information.package_discovery:Found 1 installed packages in /home/fuga1129/arm_sim_ws/install
[0.194s] DEBUG:colcon.colcon_installed_package_information.package_discovery:Found 55 installed packages in /home/fuga1129/moveit2_ws/install
[0.195s] DEBUG:colcon.colcon_installed_package_information.package_discovery:Found 373 installed packages in /opt/ros/humble
[0.196s] Level 1:colcon.colcon_core.package_discovery:discover_packages(prefix_path) using defaults
[0.221s] Level 5:colcon.colcon_core.verb:set package 'aurora_arm_moveit' build argument 'cmake_args' from command line to 'None'
[0.221s] Level 5:colcon.colcon_core.verb:set package 'aurora_arm_moveit' build argument 'cmake_target' from command line to 'None'
[0.221s] Level 5:colcon.colcon_core.verb:set package 'aurora_arm_moveit' build argument 'cmake_target_skip_unavailable' from command line to 'False'
[0.221s] Level 5:colcon.colcon_core.verb:set package 'aurora_arm_moveit' build argument 'cmake_clean_cache' from command line to 'False'
[0.221s] Level 5:colcon.colcon_core.verb:set package 'aurora_arm_moveit' build argument 'cmake_clean_first' from command line to 'False'
[0.221s] Level 5:colcon.colcon_core.verb:set package 'aurora_arm_moveit' build argument 'cmake_force_configure' from command line to 'False'
[0.221s] Level 5:colcon.colcon_core.verb:set package 'aurora_arm_moveit' build argument 'ament_cmake_args' from command line to 'None'
[0.221s] Level 5:colcon.colcon_core.verb:set package 'aurora_arm_moveit' build argument 'catkin_cmake_args' from command line to 'None'
[0.222s] Level 5:colcon.colcon_core.verb:set package 'aurora_arm_moveit' build argument 'catkin_skip_building_tests' from command line to 'False'
[0.222s] DEBUG:colcon.colcon_core.verb:Building package 'aurora_arm_moveit' with the following arguments: {'ament_cmake_args': None, 'build_base': '/home/fuga1129/arm_sim_ws/build/aurora_arm_moveit', 'catkin_cmake_args': None, 'catkin_skip_building_tests': False, 'cmake_args': None, 'cmake_clean_cache': False, 'cmake_clean_first': False, 'cmake_force_configure': False, 'cmake_target': None, 'cmake_target_skip_unavailable': False, 'install_base': '/home/fuga1129/arm_sim_ws/install/aurora_arm_moveit', 'merge_install': False, 'path': '/home/fuga1129/arm_sim_ws/src/aurora_arm_moveit', 'symlink_install': False, 'test_result_base': None}
[0.222s] INFO:colcon.colcon_core.executor:Executing jobs using 'parallel' executor
[0.222s] DEBUG:colcon.colcon_parallel_executor.executor.parallel:run_until_complete
[0.223s] INFO:colcon.colcon_ros.task.ament_cmake.build:Building ROS package in '/home/fuga1129/arm_sim_ws/src/aurora_arm_moveit' with build type 'ament_cmake'
[0.223s] INFO:colcon.colcon_cmake.task.cmake.build:Building CMake package in '/home/fuga1129/arm_sim_ws/src/aurora_arm_moveit'
[0.224s] INFO:colcon.colcon_core.plugin_system:Skipping extension 'colcon_core.shell.bat': Not used on non-Windows systems
[0.224s] INFO:colcon.colcon_core.shell:Skip shell extension 'powershell' for command environment: Not usable outside of PowerShell
[0.224s] DEBUG:colcon.colcon_core.shell:Skip shell extension 'dsv' for command environment
[0.236s] DEBUG:colcon.colcon_core.event_handler.log_command:Invoking command in '/home/fuga1129/arm_sim_ws/build/aurora_arm_moveit': CMAKE_PREFIX_PATH=${CMAKE_PREFIX_PATH}:/home/fuga1129/arm_sim_ws/install/aurora_arm:/home/fuga1129/moveit2_ws/install/moveit_configs_utils:/home/fuga1129/moveit2_ws/install/launch_param_builder:/opt/ros/humble /usr/bin/cmake /home/fuga1129/arm_sim_ws/src/aurora_arm_moveit -DCMAKE_INSTALL_PREFIX=/home/fuga1129/arm_sim_ws/install/aurora_arm_moveit
[0.987s] DEBUG:colcon.colcon_core.event_handler.log_command:Invoked command in '/home/fuga1129/arm_sim_ws/build/aurora_arm_moveit' returned '0': CMAKE_PREFIX_PATH=${CMAKE_PREFIX_PATH}:/home/fuga1129/arm_sim_ws/install/aurora_arm:/home/fuga1129/moveit2_ws/install/moveit_configs_utils:/home/fuga1129/moveit2_ws/install/launch_param_builder:/opt/ros/humble /usr/bin/cmake /home/fuga1129/arm_sim_ws/src/aurora_arm_moveit -DCMAKE_INSTALL_PREFIX=/home/fuga1129/arm_sim_ws/install/aurora_arm_moveit
[0.989s] DEBUG:colcon.colcon_core.event_handler.log_command:Invoking command in '/home/fuga1129/arm_sim_ws/build/aurora_arm_moveit': CMAKE_PREFIX_PATH=${CMAKE_PREFIX_PATH}:/home/fuga1129/arm_sim_ws/install/aurora_arm:/home/fuga1129/moveit2_ws/install/moveit_configs_utils:/home/fuga1129/moveit2_ws/install/launch_param_builder:/opt/ros/humble /usr/bin/cmake --build /home/fuga1129/arm_sim_ws/build/aurora_arm_moveit -- -j12 -l12
[1.028s] DEBUG:colcon.colcon_core.event_handler.log_command:Invoked command in '/home/fuga1129/arm_sim_ws/build/aurora_arm_moveit' returned '0': CMAKE_PREFIX_PATH=${CMAKE_PREFIX_PATH}:/home/fuga1129/arm_sim_ws/install/aurora_arm:/home/fuga1129/moveit2_ws/install/moveit_configs_utils:/home/fuga1129/moveit2_ws/install/launch_param_builder:/opt/ros/humble /usr/bin/cmake --build /home/fuga1129/arm_sim_ws/build/aurora_arm_moveit -- -j12 -l12
[1.036s] DEBUG:colcon.colcon_core.event_handler.log_command:Invoking command in '/home/fuga1129/arm_sim_ws/build/aurora_arm_moveit': CMAKE_PREFIX_PATH=${CMAKE_PREFIX_PATH}:/home/fuga1129/arm_sim_ws/install/aurora_arm:/home/fuga1129/moveit2_ws/install/moveit_configs_utils:/home/fuga1129/moveit2_ws/install/launch_param_builder:/opt/ros/humble /usr/bin/cmake --install /home/fuga1129/arm_sim_ws/build/aurora_arm_moveit
[1.045s] Level 1:colcon.colcon_core.environment:create_environment_scripts_only(aurora_arm_moveit)
[1.045s] DEBUG:colcon.colcon_core.event_handler.log_command:Invoked command in '/home/fuga1129/arm_sim_ws/build/aurora_arm_moveit' returned '0': CMAKE_PREFIX_PATH=${CMAKE_PREFIX_PATH}:/home/fuga1129/arm_sim_ws/install/aurora_arm:/home/fuga1129/moveit2_ws/install/moveit_configs_utils:/home/fuga1129/moveit2_ws/install/launch_param_builder:/opt/ros/humble /usr/bin/cmake --install /home/fuga1129/arm_sim_ws/build/aurora_arm_moveit
[1.048s] Level 1:colcon.colcon_core.environment:checking '/home/fuga1129/arm_sim_ws/install/aurora_arm_moveit' for CMake module files
[1.048s] Level 1:colcon.colcon_core.environment:checking '/home/fuga1129/arm_sim_ws/install/aurora_arm_moveit' for CMake config files
[1.048s] Level 1:colcon.colcon_core.shell:create_environment_hook('aurora_arm_moveit', 'cmake_prefix_path')
[1.049s] INFO:colcon.colcon_core.shell:Creating environment hook '/home/fuga1129/arm_sim_ws/install/aurora_arm_moveit/share/aurora_arm_moveit/hook/cmake_prefix_path.ps1'
[1.049s] INFO:colcon.colcon_core.shell:Creating environment descriptor '/home/fuga1129/arm_sim_ws/install/aurora_arm_moveit/share/aurora_arm_moveit/hook/cmake_prefix_path.dsv'
[1.050s] INFO:colcon.colcon_core.shell:Creating environment hook '/home/fuga1129/arm_sim_ws/install/aurora_arm_moveit/share/aurora_arm_moveit/hook/cmake_prefix_path.sh'
[1.051s] Level 1:colcon.colcon_core.environment:checking '/home/fuga1129/arm_sim_ws/install/aurora_arm_moveit/bin'
[1.051s] Level 1:colcon.colcon_core.environment:checking '/home/fuga1129/arm_sim_ws/install/aurora_arm_moveit/lib/pkgconfig/aurora_arm_moveit.pc'
[1.051s] Level 1:colcon.colcon_core.environment:checking '/home/fuga1129/arm_sim_ws/install/aurora_arm_moveit/lib/python3.10/site-packages'
[1.051s] Level 1:colcon.colcon_core.environment:checking '/home/fuga1129/arm_sim_ws/install/aurora_arm_moveit/bin'
[1.052s] INFO:colcon.colcon_core.shell:Creating package script '/home/fuga1129/arm_sim_ws/install/aurora_arm_moveit/share/aurora_arm_moveit/package.ps1'
[1.052s] INFO:colcon.colcon_core.shell:Creating package descriptor '/home/fuga1129/arm_sim_ws/install/aurora_arm_moveit/share/aurora_arm_moveit/package.dsv'
[1.053s] INFO:colcon.colcon_core.shell:Creating package script '/home/fuga1129/arm_sim_ws/install/aurora_arm_moveit/share/aurora_arm_moveit/package.sh'
[1.053s] INFO:colcon.colcon_core.shell:Creating package script '/home/fuga1129/arm_sim_ws/install/aurora_arm_moveit/share/aurora_arm_moveit/package.bash'
[1.054s] INFO:colcon.colcon_core.shell:Creating package script '/home/fuga1129/arm_sim_ws/install/aurora_arm_moveit/share/aurora_arm_moveit/package.zsh'
[1.055s] Level 1:colcon.colcon_core.environment:create_file_with_runtime_dependencies(/home/fuga1129/arm_sim_ws/install/aurora_arm_moveit/share/colcon-core/packages/aurora_arm_moveit)
[1.055s] Level 1:colcon.colcon_core.environment:create_environment_scripts_only(aurora_arm_moveit)
[1.055s] Level 1:colcon.colcon_core.environment:checking '/home/fuga1129/arm_sim_ws/install/aurora_arm_moveit' for CMake module files
[1.056s] Level 1:colcon.colcon_core.environment:checking '/home/fuga1129/arm_sim_ws/install/aurora_arm_moveit' for CMake config files
[1.056s] Level 1:colcon.colcon_core.shell:create_environment_hook('aurora_arm_moveit', 'cmake_prefix_path')
[1.056s] INFO:colcon.colcon_core.shell:Creating environment hook '/home/fuga1129/arm_sim_ws/install/aurora_arm_moveit/share/aurora_arm_moveit/hook/cmake_prefix_path.ps1'
[1.057s] INFO:colcon.colcon_core.shell:Creating environment descriptor '/home/fuga1129/arm_sim_ws/install/aurora_arm_moveit/share/aurora_arm_moveit/hook/cmake_prefix_path.dsv'
[1.057s] INFO:colcon.colcon_core.shell:Creating environment hook '/home/fuga1129/arm_sim_ws/install/aurora_arm_moveit/share/aurora_arm_moveit/hook/cmake_prefix_path.sh'
[1.057s] Level 1:colcon.colcon_core.environment:checking '/home/fuga1129/arm_sim_ws/install/aurora_arm_moveit/bin'
[1.057s] Level 1:colcon.colcon_core.environment:checking '/home/fuga1129/arm_sim_ws/install/aurora_arm_moveit/lib/pkgconfig/aurora_arm_moveit.pc'
[1.058s] Level 1:colcon.colcon_core.environment:checking '/home/fuga1129/arm_sim_ws/install/aurora_arm_moveit/lib/python3.10/site-packages'
[1.058s] Level 1:colcon.colcon_core.environment:checking '/home/fuga1129/arm_sim_ws/install/aurora_arm_moveit/bin'
[1.058s] INFO:colcon.colcon_core.shell:Creating package script '/home/fuga1129/arm_sim_ws/install/aurora_arm_moveit/share/aurora_arm_moveit/package.ps1'
[1.059s] INFO:colcon.colcon_core.shell:Creating package descriptor '/home/fuga1129/arm_sim_ws/install/aurora_arm_moveit/share/aurora_arm_moveit/package.dsv'
[1.059s] INFO:colcon.colcon_core.shell:Creating package script '/home/fuga1129/arm_sim_ws/install/aurora_arm_moveit/share/aurora_arm_moveit/package.sh'
[1.060s] INFO:colcon.colcon_core.shell:Creating package script '/home/fuga1129/arm_sim_ws/install/aurora_arm_moveit/share/aurora_arm_moveit/package.bash'
[1.060s] INFO:colcon.colcon_core.shell:Creating package script '/home/fuga1129/arm_sim_ws/install/aurora_arm_moveit/share/aurora_arm_moveit/package.zsh'
[1.060s] Level 1:colcon.colcon_core.environment:create_file_with_runtime_dependencies(/home/fuga1129/arm_sim_ws/install/aurora_arm_moveit/share/colcon-core/packages/aurora_arm_moveit)
[1.061s] DEBUG:colcon.colcon_parallel_executor.executor.parallel:closing loop
[1.061s] DEBUG:colcon.colcon_parallel_executor.executor.parallel:loop closed
[1.061s] DEBUG:colcon.colcon_parallel_executor.executor.parallel:run_until_complete finished with '0'
[1.061s] DEBUG:colcon.colcon_core.event_reactor:joining thread
[1.064s] INFO:colcon.colcon_core.plugin_system:Skipping extension 'colcon_notification.desktop_notification.terminal_notifier': Not used on non-Darwin systems
[1.064s] INFO:colcon.colcon_core.plugin_system:Skipping extension 'colcon_notification.desktop_notification.win32': Not used on non-Windows systems
[1.064s] INFO:colcon.colcon_notification.desktop_notification:Sending desktop notification using 'notify2'
[1.072s] DEBUG:colcon.colcon_core.event_reactor:joined thread
[1.073s] INFO:colcon.colcon_core.shell:Creating prefix script '/home/fuga1129/arm_sim_ws/install/local_setup.ps1'
[1.074s] INFO:colcon.colcon_core.shell:Creating prefix util module '/home/fuga1129/arm_sim_ws/install/_local_setup_util_ps1.py'
[1.075s] INFO:colcon.colcon_core.shell:Creating prefix chain script '/home/fuga1129/arm_sim_ws/install/setup.ps1'
[1.078s] INFO:colcon.colcon_core.shell:Creating prefix script '/home/fuga1129/arm_sim_ws/install/local_setup.sh'
[1.079s] INFO:colcon.colcon_core.shell:Creating prefix util module '/home/fuga1129/arm_sim_ws/install/_local_setup_util_sh.py'
[1.079s] INFO:colcon.colcon_core.shell:Creating prefix chain script '/home/fuga1129/arm_sim_ws/install/setup.sh'
[1.082s] INFO:colcon.colcon_core.shell:Creating prefix script '/home/fuga1129/arm_sim_ws/install/local_setup.bash'
[1.083s] INFO:colcon.colcon_core.shell:Creating prefix chain script '/home/fuga1129/arm_sim_ws/install/setup.bash'
[1.085s] INFO:colcon.colcon_core.shell:Creating prefix script '/home/fuga1129/arm_sim_ws/install/local_setup.zsh'
[1.086s] INFO:colcon.colcon_core.shell:Creating prefix chain script '/home/fuga1129/arm_sim_ws/install/setup.zsh'
