[0.071s] DEBUG:colcon:Command line arguments: ['/usr/bin/colcon', 'build', '--symlink-install']
[0.072s] DEBUG:colcon:Parsed command line arguments: Namespace(log_base=None, log_level=None, verb_name='build', build_base='build', install_base='install', merge_install=False, symlink_install=True, test_result_base=None, continue_on_error=False, executor='parallel', parallel_workers=12, event_handlers=None, ignore_user_meta=False, metas=['./colcon.meta'], base_paths=['.'], packages_ignore=None, packages_ignore_regex=None, paths=None, packages_up_to=None, packages_up_to_regex=None, packages_above=None, packages_above_and_dependencies=None, packages_above_depth=None, packages_select_by_dep=None, packages_skip_by_dep=None, packages_skip_up_to=None, packages_select_build_failed=False, packages_skip_build_finished=False, packages_select_test_failures=False, packages_skip_test_passed=False, packages_select=None, packages_skip=None, packages_select_regex=None, packages_skip_regex=None, packages_start=None, packages_end=None, allow_overriding=[], cmake_args=None, cmake_target=None, cmake_target_skip_unavailable=False, cmake_clean_cache=False, cmake_clean_first=False, cmake_force_configure=False, ament_cmake_args=None, catkin_cmake_args=None, catkin_skip_building_tests=False, mixin_files=None, mixin=None, verb_parser=<colcon_mixin.mixin.mixin_argument.MixinArgumentDecorator object at 0x702d041362c0>, verb_extension=<colcon_core.verb.build.BuildVerb object at 0x702d04135de0>, main=<bound method BuildVerb.main of <colcon_core.verb.build.BuildVerb object at 0x702d04135de0>>, mixin_verb=('build',))
[0.174s] Level 1:colcon.colcon_core.package_discovery:discover_packages(colcon_meta) check parameters
[0.174s] Level 1:colcon.colcon_core.package_discovery:discover_packages(recursive) check parameters
[0.174s] Level 1:colcon.colcon_core.package_discovery:discover_packages(ignore) check parameters
[0.174s] Level 1:colcon.colcon_core.package_discovery:discover_packages(path) check parameters
[0.174s] Level 1:colcon.colcon_core.package_discovery:discover_packages(colcon_meta) discover
[0.174s] Level 1:colcon.colcon_core.package_discovery:discover_packages(recursive) discover
[0.174s] INFO:colcon.colcon_core.package_discovery:Crawling recursively for packages in '/home/fuga1129/arm_sim_ws'
[0.174s] Level 1:colcon.colcon_core.package_identification:_identify(.) by extensions ['ignore', 'ignore_ament_install']
[0.174s] Level 1:colcon.colcon_core.package_identification:_identify(.) by extension 'ignore'
[0.174s] Level 1:colcon.colcon_core.package_identification:_identify(.) by extension 'ignore_ament_install'
[0.174s] Level 1:colcon.colcon_core.package_identification:_identify(.) by extensions ['colcon_pkg']
[0.174s] Level 1:colcon.colcon_core.package_identification:_identify(.) by extension 'colcon_pkg'
[0.174s] Level 1:colcon.colcon_core.package_identification:_identify(.) by extensions ['colcon_meta']
[0.174s] Level 1:colcon.colcon_core.package_identification:_identify(.) by extension 'colcon_meta'
[0.174s] Level 1:colcon.colcon_core.package_identification:_identify(.) by extensions ['ros']
[0.174s] Level 1:colcon.colcon_core.package_identification:_identify(.) by extension 'ros'
[0.181s] Level 1:colcon.colcon_core.package_identification:_identify(.) by extensions ['cmake', 'python']
[0.181s] Level 1:colcon.colcon_core.package_identification:_identify(.) by extension 'cmake'
[0.181s] Level 1:colcon.colcon_core.package_identification:_identify(.) by extension 'python'
[0.181s] Level 1:colcon.colcon_core.package_identification:_identify(.) by extensions ['python_setup_py']
[0.181s] Level 1:colcon.colcon_core.package_identification:_identify(.) by extension 'python_setup_py'
[0.181s] Level 1:colcon.colcon_core.package_identification:_identify(build) by extensions ['ignore', 'ignore_ament_install']
[0.181s] Level 1:colcon.colcon_core.package_identification:_identify(build) by extension 'ignore'
[0.181s] Level 1:colcon.colcon_core.package_identification:_identify(build) ignored
[0.181s] Level 1:colcon.colcon_core.package_identification:_identify(install) by extensions ['ignore', 'ignore_ament_install']
[0.181s] Level 1:colcon.colcon_core.package_identification:_identify(install) by extension 'ignore'
[0.181s] Level 1:colcon.colcon_core.package_identification:_identify(install) ignored
[0.181s] Level 1:colcon.colcon_core.package_identification:_identify(log) by extensions ['ignore', 'ignore_ament_install']
[0.181s] Level 1:colcon.colcon_core.package_identification:_identify(log) by extension 'ignore'
[0.182s] Level 1:colcon.colcon_core.package_identification:_identify(log) ignored
[0.182s] Level 1:colcon.colcon_core.package_identification:_identify(src) by extensions ['ignore', 'ignore_ament_install']
[0.182s] Level 1:colcon.colcon_core.package_identification:_identify(src) by extension 'ignore'
[0.182s] Level 1:colcon.colcon_core.package_identification:_identify(src) by extension 'ignore_ament_install'
[0.182s] Level 1:colcon.colcon_core.package_identification:_identify(src) by extensions ['colcon_pkg']
[0.182s] Level 1:colcon.colcon_core.package_identification:_identify(src) by extension 'colcon_pkg'
[0.182s] Level 1:colcon.colcon_core.package_identification:_identify(src) by extensions ['colcon_meta']
[0.182s] Level 1:colcon.colcon_core.package_identification:_identify(src) by extension 'colcon_meta'
[0.182s] Level 1:colcon.colcon_core.package_identification:_identify(src) by extensions ['ros']
[0.182s] Level 1:colcon.colcon_core.package_identification:_identify(src) by extension 'ros'
[0.182s] Level 1:colcon.colcon_core.package_identification:_identify(src) by extensions ['cmake', 'python']
[0.182s] Level 1:colcon.colcon_core.package_identification:_identify(src) by extension 'cmake'
[0.182s] Level 1:colcon.colcon_core.package_identification:_identify(src) by extension 'python'
[0.182s] Level 1:colcon.colcon_core.package_identification:_identify(src) by extensions ['python_setup_py']
[0.182s] Level 1:colcon.colcon_core.package_identification:_identify(src) by extension 'python_setup_py'
[0.182s] Level 1:colcon.colcon_core.package_identification:_identify(src/aurora_arm) by extensions ['ignore', 'ignore_ament_install']
[0.182s] Level 1:colcon.colcon_core.package_identification:_identify(src/aurora_arm) by extension 'ignore'
[0.182s] Level 1:colcon.colcon_core.package_identification:_identify(src/aurora_arm) by extension 'ignore_ament_install'
[0.182s] Level 1:colcon.colcon_core.package_identification:_identify(src/aurora_arm) by extensions ['colcon_pkg']
[0.182s] Level 1:colcon.colcon_core.package_identification:_identify(src/aurora_arm) by extension 'colcon_pkg'
[0.182s] Level 1:colcon.colcon_core.package_identification:_identify(src/aurora_arm) by extensions ['colcon_meta']
[0.182s] Level 1:colcon.colcon_core.package_identification:_identify(src/aurora_arm) by extension 'colcon_meta'
[0.182s] Level 1:colcon.colcon_core.package_identification:_identify(src/aurora_arm) by extensions ['ros']
[0.182s] Level 1:colcon.colcon_core.package_identification:_identify(src/aurora_arm) by extension 'ros'
[0.184s] DEBUG:colcon.colcon_core.package_identification:Package 'src/aurora_arm' with type 'ros.ament_python' and name 'aurora_arm'
[0.184s] Level 1:colcon.colcon_core.package_discovery:discover_packages(recursive) using defaults
[0.184s] Level 1:colcon.colcon_core.package_discovery:discover_packages(ignore) discover
[0.184s] Level 1:colcon.colcon_core.package_discovery:discover_packages(ignore) using defaults
[0.184s] Level 1:colcon.colcon_core.package_discovery:discover_packages(path) discover
[0.184s] Level 1:colcon.colcon_core.package_discovery:discover_packages(path) using defaults
[0.203s] Level 1:colcon.colcon_core.package_discovery:discover_packages(prefix_path) check parameters
[0.203s] Level 1:colcon.colcon_core.package_discovery:discover_packages(prefix_path) discover
[0.205s] DEBUG:colcon.colcon_installed_package_information.package_discovery:Found 336 installed packages in /opt/ros/humble
[0.206s] Level 1:colcon.colcon_core.package_discovery:discover_packages(prefix_path) using defaults
[0.228s] Level 5:colcon.colcon_core.verb:set package 'aurora_arm' build argument 'cmake_args' from command line to 'None'
[0.228s] Level 5:colcon.colcon_core.verb:set package 'aurora_arm' build argument 'cmake_target' from command line to 'None'
[0.228s] Level 5:colcon.colcon_core.verb:set package 'aurora_arm' build argument 'cmake_target_skip_unavailable' from command line to 'False'
[0.228s] Level 5:colcon.colcon_core.verb:set package 'aurora_arm' build argument 'cmake_clean_cache' from command line to 'False'
[0.229s] Level 5:colcon.colcon_core.verb:set package 'aurora_arm' build argument 'cmake_clean_first' from command line to 'False'
[0.229s] Level 5:colcon.colcon_core.verb:set package 'aurora_arm' build argument 'cmake_force_configure' from command line to 'False'
[0.229s] Level 5:colcon.colcon_core.verb:set package 'aurora_arm' build argument 'ament_cmake_args' from command line to 'None'
[0.229s] Level 5:colcon.colcon_core.verb:set package 'aurora_arm' build argument 'catkin_cmake_args' from command line to 'None'
[0.229s] Level 5:colcon.colcon_core.verb:set package 'aurora_arm' build argument 'catkin_skip_building_tests' from command line to 'False'
[0.229s] DEBUG:colcon.colcon_core.verb:Building package 'aurora_arm' with the following arguments: {'ament_cmake_args': None, 'build_base': '/home/fuga1129/arm_sim_ws/build/aurora_arm', 'catkin_cmake_args': None, 'catkin_skip_building_tests': False, 'cmake_args': None, 'cmake_clean_cache': False, 'cmake_clean_first': False, 'cmake_force_configure': False, 'cmake_target': None, 'cmake_target_skip_unavailable': False, 'install_base': '/home/fuga1129/arm_sim_ws/install/aurora_arm', 'merge_install': False, 'path': '/home/fuga1129/arm_sim_ws/src/aurora_arm', 'symlink_install': True, 'test_result_base': None}
[0.229s] INFO:colcon.colcon_core.executor:Executing jobs using 'parallel' executor
[0.230s] DEBUG:colcon.colcon_parallel_executor.executor.parallel:run_until_complete
[0.230s] INFO:colcon.colcon_ros.task.ament_python.build:Building ROS package in '/home/fuga1129/arm_sim_ws/src/aurora_arm' with build type 'ament_python'
[0.230s] Level 1:colcon.colcon_core.shell:create_environment_hook('aurora_arm', 'ament_prefix_path')
[0.232s] INFO:colcon.colcon_core.plugin_system:Skipping extension 'colcon_core.shell.bat': Not used on non-Windows systems
[0.232s] INFO:colcon.colcon_core.shell:Creating environment hook '/home/fuga1129/arm_sim_ws/install/aurora_arm/share/aurora_arm/hook/ament_prefix_path.ps1'
[0.233s] INFO:colcon.colcon_core.shell:Creating environment descriptor '/home/fuga1129/arm_sim_ws/install/aurora_arm/share/aurora_arm/hook/ament_prefix_path.dsv'
[0.234s] INFO:colcon.colcon_core.shell:Creating environment hook '/home/fuga1129/arm_sim_ws/install/aurora_arm/share/aurora_arm/hook/ament_prefix_path.sh'
[0.234s] INFO:colcon.colcon_core.shell:Skip shell extension 'powershell' for command environment: Not usable outside of PowerShell
[0.235s] DEBUG:colcon.colcon_core.shell:Skip shell extension 'dsv' for command environment
[0.389s] INFO:colcon.colcon_core.task.python.build:Building Python package in '/home/fuga1129/arm_sim_ws/src/aurora_arm'
[0.390s] INFO:colcon.colcon_core.shell:Skip shell extension 'powershell' for command environment: Not usable outside of PowerShell
[0.390s] DEBUG:colcon.colcon_core.shell:Skip shell extension 'dsv' for command environment
[0.614s] DEBUG:colcon.colcon_core.event_handler.log_command:Invoking command in '/home/fuga1129/arm_sim_ws/build/aurora_arm': PYTHONPATH=/home/fuga1129/arm_sim_ws/build/aurora_arm/prefix_override:/usr/lib/python3/dist-packages/colcon_core/task/python/colcon_distutils_commands:/home/fuga1129/arm_sim_ws/install/aurora_arm/lib/python3.10/site-packages:${PYTHONPATH} /usr/bin/python3 -W ignore:setup.py install is deprecated -W ignore:easy_install command is deprecated setup.py develop --editable --build-directory /home/fuga1129/arm_sim_ws/build/aurora_arm/build --no-deps symlink_data
[0.871s] Level 1:colcon.colcon_core.shell:create_environment_hook('aurora_arm', 'pythonpath_develop')
[0.871s] INFO:colcon.colcon_core.shell:Creating environment hook '/home/fuga1129/arm_sim_ws/build/aurora_arm/share/aurora_arm/hook/pythonpath_develop.ps1'
[0.872s] DEBUG:colcon.colcon_core.event_handler.log_command:Invoked command in '/home/fuga1129/arm_sim_ws/build/aurora_arm' returned '0': PYTHONPATH=/home/fuga1129/arm_sim_ws/build/aurora_arm/prefix_override:/usr/lib/python3/dist-packages/colcon_core/task/python/colcon_distutils_commands:/home/fuga1129/arm_sim_ws/install/aurora_arm/lib/python3.10/site-packages:${PYTHONPATH} /usr/bin/python3 -W ignore:setup.py install is deprecated -W ignore:easy_install command is deprecated setup.py develop --editable --build-directory /home/fuga1129/arm_sim_ws/build/aurora_arm/build --no-deps symlink_data
[0.872s] INFO:colcon.colcon_core.shell:Creating environment descriptor '/home/fuga1129/arm_sim_ws/build/aurora_arm/share/aurora_arm/hook/pythonpath_develop.dsv'
[0.872s] INFO:colcon.colcon_core.shell:Creating environment hook '/home/fuga1129/arm_sim_ws/build/aurora_arm/share/aurora_arm/hook/pythonpath_develop.sh'
[0.874s] Level 1:colcon.colcon_core.environment:checking '/home/fuga1129/arm_sim_ws/install/aurora_arm' for CMake module files
[0.874s] Level 1:colcon.colcon_core.environment:checking '/home/fuga1129/arm_sim_ws/install/aurora_arm' for CMake config files
[0.874s] Level 1:colcon.colcon_core.environment:checking '/home/fuga1129/arm_sim_ws/install/aurora_arm/lib'
[0.875s] Level 1:colcon.colcon_core.environment:checking '/home/fuga1129/arm_sim_ws/install/aurora_arm/bin'
[0.875s] Level 1:colcon.colcon_core.environment:checking '/home/fuga1129/arm_sim_ws/install/aurora_arm/lib/pkgconfig/aurora_arm.pc'
[0.875s] Level 1:colcon.colcon_core.environment:checking '/home/fuga1129/arm_sim_ws/install/aurora_arm/lib/python3.10/site-packages'
[0.875s] Level 1:colcon.colcon_core.shell:create_environment_hook('aurora_arm', 'pythonpath')
[0.875s] INFO:colcon.colcon_core.shell:Creating environment hook '/home/fuga1129/arm_sim_ws/install/aurora_arm/share/aurora_arm/hook/pythonpath.ps1'
[0.875s] INFO:colcon.colcon_core.shell:Creating environment descriptor '/home/fuga1129/arm_sim_ws/install/aurora_arm/share/aurora_arm/hook/pythonpath.dsv'
[0.875s] INFO:colcon.colcon_core.shell:Creating environment hook '/home/fuga1129/arm_sim_ws/install/aurora_arm/share/aurora_arm/hook/pythonpath.sh'
[0.876s] Level 1:colcon.colcon_core.environment:checking '/home/fuga1129/arm_sim_ws/install/aurora_arm/bin'
[0.876s] Level 1:colcon.colcon_core.environment:create_environment_scripts_only(aurora_arm)
[0.876s] INFO:colcon.colcon_core.shell:Creating package script '/home/fuga1129/arm_sim_ws/install/aurora_arm/share/aurora_arm/package.ps1'
[0.876s] INFO:colcon.colcon_core.shell:Creating package descriptor '/home/fuga1129/arm_sim_ws/install/aurora_arm/share/aurora_arm/package.dsv'
[0.877s] INFO:colcon.colcon_core.shell:Creating package script '/home/fuga1129/arm_sim_ws/install/aurora_arm/share/aurora_arm/package.sh'
[0.877s] INFO:colcon.colcon_core.shell:Creating package script '/home/fuga1129/arm_sim_ws/install/aurora_arm/share/aurora_arm/package.bash'
[0.877s] INFO:colcon.colcon_core.shell:Creating package script '/home/fuga1129/arm_sim_ws/install/aurora_arm/share/aurora_arm/package.zsh'
[0.878s] Level 1:colcon.colcon_core.environment:create_file_with_runtime_dependencies(/home/fuga1129/arm_sim_ws/install/aurora_arm/share/colcon-core/packages/aurora_arm)
[0.878s] DEBUG:colcon.colcon_parallel_executor.executor.parallel:closing loop
[0.878s] DEBUG:colcon.colcon_parallel_executor.executor.parallel:loop closed
[0.878s] DEBUG:colcon.colcon_parallel_executor.executor.parallel:run_until_complete finished with '0'
[0.878s] DEBUG:colcon.colcon_core.event_reactor:joining thread
[0.883s] INFO:colcon.colcon_core.plugin_system:Skipping extension 'colcon_notification.desktop_notification.terminal_notifier': Not used on non-Darwin systems
[0.883s] INFO:colcon.colcon_core.plugin_system:Skipping extension 'colcon_notification.desktop_notification.win32': Not used on non-Windows systems
[0.883s] INFO:colcon.colcon_notification.desktop_notification:Sending desktop notification using 'notify2'
[0.892s] DEBUG:colcon.colcon_core.event_reactor:joined thread
[0.892s] INFO:colcon.colcon_core.shell:Creating prefix script '/home/fuga1129/arm_sim_ws/install/local_setup.ps1'
[0.893s] INFO:colcon.colcon_core.shell:Creating prefix util module '/home/fuga1129/arm_sim_ws/install/_local_setup_util_ps1.py'
[0.893s] INFO:colcon.colcon_core.shell:Creating prefix chain script '/home/fuga1129/arm_sim_ws/install/setup.ps1'
[0.894s] INFO:colcon.colcon_core.shell:Creating prefix script '/home/fuga1129/arm_sim_ws/install/local_setup.sh'
[0.894s] INFO:colcon.colcon_core.shell:Creating prefix util module '/home/fuga1129/arm_sim_ws/install/_local_setup_util_sh.py'
[0.895s] INFO:colcon.colcon_core.shell:Creating prefix chain script '/home/fuga1129/arm_sim_ws/install/setup.sh'
[0.895s] INFO:colcon.colcon_core.shell:Creating prefix script '/home/fuga1129/arm_sim_ws/install/local_setup.bash'
[0.895s] INFO:colcon.colcon_core.shell:Creating prefix chain script '/home/fuga1129/arm_sim_ws/install/setup.bash'
[0.896s] INFO:colcon.colcon_core.shell:Creating prefix script '/home/fuga1129/arm_sim_ws/install/local_setup.zsh'
[0.896s] INFO:colcon.colcon_core.shell:Creating prefix chain script '/home/fuga1129/arm_sim_ws/install/setup.zsh'
