[0.067s] DEBUG:colcon:Command line arguments: ['/usr/bin/colcon', 'build']
[0.067s] DEBUG:colcon:Parsed command line arguments: Namespace(log_base=None, log_level=None, verb_name='build', build_base='build', install_base='install', merge_install=False, symlink_install=False, test_result_base=None, continue_on_error=False, executor='parallel', parallel_workers=12, event_handlers=None, ignore_user_meta=False, metas=['./colcon.meta'], base_paths=['.'], packages_ignore=None, packages_ignore_regex=None, paths=None, packages_up_to=None, packages_up_to_regex=None, packages_above=None, packages_above_and_dependencies=None, packages_above_depth=None, packages_select_by_dep=None, packages_skip_by_dep=None, packages_skip_up_to=None, packages_select_build_failed=False, packages_skip_build_finished=False, packages_select_test_failures=False, packages_skip_test_passed=False, packages_select=None, packages_skip=None, packages_select_regex=None, packages_skip_regex=None, packages_start=None, packages_end=None, allow_overriding=[], cmake_args=None, cmake_target=None, cmake_target_skip_unavailable=False, cmake_clean_cache=False, cmake_clean_first=False, cmake_force_configure=False, ament_cmake_args=None, catkin_cmake_args=None, catkin_skip_building_tests=False, mixin_files=None, mixin=None, verb_parser=<colcon_mixin.mixin.mixin_argument.MixinArgumentDecorator object at 0x7963ba04f460>, verb_extension=<colcon_core.verb.build.BuildVerb object at 0x7963ba194310>, main=<bound method BuildVerb.main of <colcon_core.verb.build.BuildVerb object at 0x7963ba194310>>, mixin_verb=('build',))
[0.158s] Level 1:colcon.colcon_core.package_discovery:discover_packages(colcon_meta) check parameters
[0.158s] Level 1:colcon.colcon_core.package_discovery:discover_packages(recursive) check parameters
[0.158s] Level 1:colcon.colcon_core.package_discovery:discover_packages(ignore) check parameters
[0.158s] Level 1:colcon.colcon_core.package_discovery:discover_packages(path) check parameters
[0.159s] Level 1:colcon.colcon_core.package_discovery:discover_packages(colcon_meta) discover
[0.159s] Level 1:colcon.colcon_core.package_discovery:discover_packages(recursive) discover
[0.159s] INFO:colcon.colcon_core.package_discovery:Crawling recursively for packages in '/home/fuga1129/arm_sim_ws'
[0.159s] Level 1:colcon.colcon_core.package_identification:_identify(.) by extensions ['ignore', 'ignore_ament_install']
[0.159s] Level 1:colcon.colcon_core.package_identification:_identify(.) by extension 'ignore'
[0.159s] Level 1:colcon.colcon_core.package_identification:_identify(.) by extension 'ignore_ament_install'
[0.159s] Level 1:colcon.colcon_core.package_identification:_identify(.) by extensions ['colcon_pkg']
[0.159s] Level 1:colcon.colcon_core.package_identification:_identify(.) by extension 'colcon_pkg'
[0.159s] Level 1:colcon.colcon_core.package_identification:_identify(.) by extensions ['colcon_meta']
[0.159s] Level 1:colcon.colcon_core.package_identification:_identify(.) by extension 'colcon_meta'
[0.159s] Level 1:colcon.colcon_core.package_identification:_identify(.) by extensions ['ros']
[0.159s] Level 1:colcon.colcon_core.package_identification:_identify(.) by extension 'ros'
[0.165s] Level 1:colcon.colcon_core.package_identification:_identify(.) by extensions ['cmake', 'python']
[0.165s] Level 1:colcon.colcon_core.package_identification:_identify(.) by extension 'cmake'
[0.165s] Level 1:colcon.colcon_core.package_identification:_identify(.) by extension 'python'
[0.165s] Level 1:colcon.colcon_core.package_identification:_identify(.) by extensions ['python_setup_py']
[0.165s] Level 1:colcon.colcon_core.package_identification:_identify(.) by extension 'python_setup_py'
[0.165s] Level 1:colcon.colcon_core.package_identification:_identify(build) by extensions ['ignore', 'ignore_ament_install']
[0.165s] Level 1:colcon.colcon_core.package_identification:_identify(build) by extension 'ignore'
[0.165s] Level 1:colcon.colcon_core.package_identification:_identify(build) ignored
[0.165s] Level 1:colcon.colcon_core.package_identification:_identify(install) by extensions ['ignore', 'ignore_ament_install']
[0.166s] Level 1:colcon.colcon_core.package_identification:_identify(install) by extension 'ignore'
[0.166s] Level 1:colcon.colcon_core.package_identification:_identify(install) ignored
[0.166s] Level 1:colcon.colcon_core.package_identification:_identify(log) by extensions ['ignore', 'ignore_ament_install']
[0.166s] Level 1:colcon.colcon_core.package_identification:_identify(log) by extension 'ignore'
[0.166s] Level 1:colcon.colcon_core.package_identification:_identify(log) ignored
[0.166s] Level 1:colcon.colcon_core.package_identification:_identify(src) by extensions ['ignore', 'ignore_ament_install']
[0.166s] Level 1:colcon.colcon_core.package_identification:_identify(src) by extension 'ignore'
[0.166s] Level 1:colcon.colcon_core.package_identification:_identify(src) by extension 'ignore_ament_install'
[0.166s] Level 1:colcon.colcon_core.package_identification:_identify(src) by extensions ['colcon_pkg']
[0.166s] Level 1:colcon.colcon_core.package_identification:_identify(src) by extension 'colcon_pkg'
[0.166s] Level 1:colcon.colcon_core.package_identification:_identify(src) by extensions ['colcon_meta']
[0.166s] Level 1:colcon.colcon_core.package_identification:_identify(src) by extension 'colcon_meta'
[0.166s] Level 1:colcon.colcon_core.package_identification:_identify(src) by extensions ['ros']
[0.166s] Level 1:colcon.colcon_core.package_identification:_identify(src) by extension 'ros'
[0.166s] Level 1:colcon.colcon_core.package_identification:_identify(src) by extensions ['cmake', 'python']
[0.166s] Level 1:colcon.colcon_core.package_identification:_identify(src) by extension 'cmake'
[0.166s] Level 1:colcon.colcon_core.package_identification:_identify(src) by extension 'python'
[0.166s] Level 1:colcon.colcon_core.package_identification:_identify(src) by extensions ['python_setup_py']
[0.166s] Level 1:colcon.colcon_core.package_identification:_identify(src) by extension 'python_setup_py'
[0.166s] Level 1:colcon.colcon_core.package_identification:_identify(src/aurora_arm) by extensions ['ignore', 'ignore_ament_install']
[0.166s] Level 1:colcon.colcon_core.package_identification:_identify(src/aurora_arm) by extension 'ignore'
[0.166s] Level 1:colcon.colcon_core.package_identification:_identify(src/aurora_arm) by extension 'ignore_ament_install'
[0.166s] Level 1:colcon.colcon_core.package_identification:_identify(src/aurora_arm) by extensions ['colcon_pkg']
[0.166s] Level 1:colcon.colcon_core.package_identification:_identify(src/aurora_arm) by extension 'colcon_pkg'
[0.166s] Level 1:colcon.colcon_core.package_identification:_identify(src/aurora_arm) by extensions ['colcon_meta']
[0.166s] Level 1:colcon.colcon_core.package_identification:_identify(src/aurora_arm) by extension 'colcon_meta'
[0.166s] Level 1:colcon.colcon_core.package_identification:_identify(src/aurora_arm) by extensions ['ros']
[0.166s] Level 1:colcon.colcon_core.package_identification:_identify(src/aurora_arm) by extension 'ros'
[0.168s] DEBUG:colcon.colcon_core.package_identification:Package 'src/aurora_arm' with type 'ros.ament_python' and name 'aurora_arm'
[0.168s] Level 1:colcon.colcon_core.package_identification:_identify(src/aurora_arm_moveit) by extensions ['ignore', 'ignore_ament_install']
[0.168s] Level 1:colcon.colcon_core.package_identification:_identify(src/aurora_arm_moveit) by extension 'ignore'
[0.168s] Level 1:colcon.colcon_core.package_identification:_identify(src/aurora_arm_moveit) by extension 'ignore_ament_install'
[0.168s] Level 1:colcon.colcon_core.package_identification:_identify(src/aurora_arm_moveit) by extensions ['colcon_pkg']
[0.168s] Level 1:colcon.colcon_core.package_identification:_identify(src/aurora_arm_moveit) by extension 'colcon_pkg'
[0.168s] Level 1:colcon.colcon_core.package_identification:_identify(src/aurora_arm_moveit) by extensions ['colcon_meta']
[0.168s] Level 1:colcon.colcon_core.package_identification:_identify(src/aurora_arm_moveit) by extension 'colcon_meta'
[0.168s] Level 1:colcon.colcon_core.package_identification:_identify(src/aurora_arm_moveit) by extensions ['ros']
[0.168s] Level 1:colcon.colcon_core.package_identification:_identify(src/aurora_arm_moveit) by extension 'ros'
[0.168s] DEBUG:colcon.colcon_core.package_identification:Package 'src/aurora_arm_moveit' with type 'ros.ament_cmake' and name 'aurora_arm_moveit'
[0.168s] Level 1:colcon.colcon_core.package_identification:_identify(src/aurora_arm_v2) by extensions ['ignore', 'ignore_ament_install']
[0.169s] Level 1:colcon.colcon_core.package_identification:_identify(src/aurora_arm_v2) by extension 'ignore'
[0.169s] Level 1:colcon.colcon_core.package_identification:_identify(src/aurora_arm_v2) by extension 'ignore_ament_install'
[0.169s] Level 1:colcon.colcon_core.package_identification:_identify(src/aurora_arm_v2) by extensions ['colcon_pkg']
[0.169s] Level 1:colcon.colcon_core.package_identification:_identify(src/aurora_arm_v2) by extension 'colcon_pkg'
[0.169s] Level 1:colcon.colcon_core.package_identification:_identify(src/aurora_arm_v2) by extensions ['colcon_meta']
[0.169s] Level 1:colcon.colcon_core.package_identification:_identify(src/aurora_arm_v2) by extension 'colcon_meta'
[0.169s] Level 1:colcon.colcon_core.package_identification:_identify(src/aurora_arm_v2) by extensions ['ros']
[0.169s] Level 1:colcon.colcon_core.package_identification:_identify(src/aurora_arm_v2) by extension 'ros'
[0.169s] DEBUG:colcon.colcon_core.package_identification:Package 'src/aurora_arm_v2' with type 'ros.ament_python' and name 'aurora_arm_v2'
[0.169s] Level 1:colcon.colcon_core.package_discovery:discover_packages(recursive) using defaults
[0.169s] Level 1:colcon.colcon_core.package_discovery:discover_packages(ignore) discover
[0.169s] Level 1:colcon.colcon_core.package_discovery:discover_packages(ignore) using defaults
[0.169s] Level 1:colcon.colcon_core.package_discovery:discover_packages(path) discover
[0.169s] Level 1:colcon.colcon_core.package_discovery:discover_packages(path) using defaults
[0.187s] Level 1:colcon.colcon_core.package_discovery:discover_packages(prefix_path) check parameters
[0.187s] Level 1:colcon.colcon_core.package_discovery:discover_packages(prefix_path) discover
[0.189s] DEBUG:colcon.colcon_installed_package_information.package_discovery:Found 55 installed packages in /home/fuga1129/moveit2_ws/install
[0.190s] DEBUG:colcon.colcon_installed_package_information.package_discovery:Found 373 installed packages in /opt/ros/humble
[0.191s] Level 1:colcon.colcon_core.package_discovery:discover_packages(prefix_path) using defaults
[0.217s] Level 5:colcon.colcon_core.verb:set package 'aurora_arm' build argument 'cmake_args' from command line to 'None'
[0.217s] Level 5:colcon.colcon_core.verb:set package 'aurora_arm' build argument 'cmake_target' from command line to 'None'
[0.217s] Level 5:colcon.colcon_core.verb:set package 'aurora_arm' build argument 'cmake_target_skip_unavailable' from command line to 'False'
[0.217s] Level 5:colcon.colcon_core.verb:set package 'aurora_arm' build argument 'cmake_clean_cache' from command line to 'False'
[0.217s] Level 5:colcon.colcon_core.verb:set package 'aurora_arm' build argument 'cmake_clean_first' from command line to 'False'
[0.217s] Level 5:colcon.colcon_core.verb:set package 'aurora_arm' build argument 'cmake_force_configure' from command line to 'False'
[0.217s] Level 5:colcon.colcon_core.verb:set package 'aurora_arm' build argument 'ament_cmake_args' from command line to 'None'
[0.217s] Level 5:colcon.colcon_core.verb:set package 'aurora_arm' build argument 'catkin_cmake_args' from command line to 'None'
[0.217s] Level 5:colcon.colcon_core.verb:set package 'aurora_arm' build argument 'catkin_skip_building_tests' from command line to 'False'
[0.217s] DEBUG:colcon.colcon_core.verb:Building package 'aurora_arm' with the following arguments: {'ament_cmake_args': None, 'build_base': '/home/fuga1129/arm_sim_ws/build/aurora_arm', 'catkin_cmake_args': None, 'catkin_skip_building_tests': False, 'cmake_args': None, 'cmake_clean_cache': False, 'cmake_clean_first': False, 'cmake_force_configure': False, 'cmake_target': None, 'cmake_target_skip_unavailable': False, 'install_base': '/home/fuga1129/arm_sim_ws/install/aurora_arm', 'merge_install': False, 'path': '/home/fuga1129/arm_sim_ws/src/aurora_arm', 'symlink_install': False, 'test_result_base': None}
[0.217s] Level 5:colcon.colcon_core.verb:set package 'aurora_arm_v2' build argument 'cmake_args' from command line to 'None'
[0.217s] Level 5:colcon.colcon_core.verb:set package 'aurora_arm_v2' build argument 'cmake_target' from command line to 'None'
[0.217s] Level 5:colcon.colcon_core.verb:set package 'aurora_arm_v2' build argument 'cmake_target_skip_unavailable' from command line to 'False'
[0.217s] Level 5:colcon.colcon_core.verb:set package 'aurora_arm_v2' build argument 'cmake_clean_cache' from command line to 'False'
[0.217s] Level 5:colcon.colcon_core.verb:set package 'aurora_arm_v2' build argument 'cmake_clean_first' from command line to 'False'
[0.217s] Level 5:colcon.colcon_core.verb:set package 'aurora_arm_v2' build argument 'cmake_force_configure' from command line to 'False'
[0.217s] Level 5:colcon.colcon_core.verb:set package 'aurora_arm_v2' build argument 'ament_cmake_args' from command line to 'None'
[0.217s] Level 5:colcon.colcon_core.verb:set package 'aurora_arm_v2' build argument 'catkin_cmake_args' from command line to 'None'
[0.217s] Level 5:colcon.colcon_core.verb:set package 'aurora_arm_v2' build argument 'catkin_skip_building_tests' from command line to 'False'
[0.217s] DEBUG:colcon.colcon_core.verb:Building package 'aurora_arm_v2' with the following arguments: {'ament_cmake_args': None, 'build_base': '/home/fuga1129/arm_sim_ws/build/aurora_arm_v2', 'catkin_cmake_args': None, 'catkin_skip_building_tests': False, 'cmake_args': None, 'cmake_clean_cache': False, 'cmake_clean_first': False, 'cmake_force_configure': False, 'cmake_target': None, 'cmake_target_skip_unavailable': False, 'install_base': '/home/fuga1129/arm_sim_ws/install/aurora_arm_v2', 'merge_install': False, 'path': '/home/fuga1129/arm_sim_ws/src/aurora_arm_v2', 'symlink_install': False, 'test_result_base': None}
[0.217s] Level 5:colcon.colcon_core.verb:set package 'aurora_arm_moveit' build argument 'cmake_args' from command line to 'None'
[0.217s] Level 5:colcon.colcon_core.verb:set package 'aurora_arm_moveit' build argument 'cmake_target' from command line to 'None'
[0.217s] Level 5:colcon.colcon_core.verb:set package 'aurora_arm_moveit' build argument 'cmake_target_skip_unavailable' from command line to 'False'
[0.217s] Level 5:colcon.colcon_core.verb:set package 'aurora_arm_moveit' build argument 'cmake_clean_cache' from command line to 'False'
[0.217s] Level 5:colcon.colcon_core.verb:set package 'aurora_arm_moveit' build argument 'cmake_clean_first' from command line to 'False'
[0.217s] Level 5:colcon.colcon_core.verb:set package 'aurora_arm_moveit' build argument 'cmake_force_configure' from command line to 'False'
[0.217s] Level 5:colcon.colcon_core.verb:set package 'aurora_arm_moveit' build argument 'ament_cmake_args' from command line to 'None'
[0.217s] Level 5:colcon.colcon_core.verb:set package 'aurora_arm_moveit' build argument 'catkin_cmake_args' from command line to 'None'
[0.217s] Level 5:colcon.colcon_core.verb:set package 'aurora_arm_moveit' build argument 'catkin_skip_building_tests' from command line to 'False'
[0.217s] DEBUG:colcon.colcon_core.verb:Building package 'aurora_arm_moveit' with the following arguments: {'ament_cmake_args': None, 'build_base': '/home/fuga1129/arm_sim_ws/build/aurora_arm_moveit', 'catkin_cmake_args': None, 'catkin_skip_building_tests': False, 'cmake_args': None, 'cmake_clean_cache': False, 'cmake_clean_first': False, 'cmake_force_configure': False, 'cmake_target': None, 'cmake_target_skip_unavailable': False, 'install_base': '/home/fuga1129/arm_sim_ws/install/aurora_arm_moveit', 'merge_install': False, 'path': '/home/fuga1129/arm_sim_ws/src/aurora_arm_moveit', 'symlink_install': False, 'test_result_base': None}
[0.218s] INFO:colcon.colcon_core.executor:Executing jobs using 'parallel' executor
[0.219s] DEBUG:colcon.colcon_parallel_executor.executor.parallel:run_until_complete
[0.219s] INFO:colcon.colcon_ros.task.ament_python.build:Building ROS package in '/home/fuga1129/arm_sim_ws/src/aurora_arm' with build type 'ament_python'
[0.219s] Level 1:colcon.colcon_core.shell:create_environment_hook('aurora_arm', 'ament_prefix_path')
[0.220s] INFO:colcon.colcon_core.plugin_system:Skipping extension 'colcon_core.shell.bat': Not used on non-Windows systems
[0.220s] INFO:colcon.colcon_core.shell:Creating environment hook '/home/fuga1129/arm_sim_ws/install/aurora_arm/share/aurora_arm/hook/ament_prefix_path.ps1'
[0.220s] INFO:colcon.colcon_core.shell:Creating environment descriptor '/home/fuga1129/arm_sim_ws/install/aurora_arm/share/aurora_arm/hook/ament_prefix_path.dsv'
[0.221s] INFO:colcon.colcon_core.shell:Creating environment hook '/home/fuga1129/arm_sim_ws/install/aurora_arm/share/aurora_arm/hook/ament_prefix_path.sh'
[0.221s] INFO:colcon.colcon_core.shell:Skip shell extension 'powershell' for command environment: Not usable outside of PowerShell
[0.221s] DEBUG:colcon.colcon_core.shell:Skip shell extension 'dsv' for command environment
[0.224s] INFO:colcon.colcon_ros.task.ament_python.build:Building ROS package in '/home/fuga1129/arm_sim_ws/src/aurora_arm_v2' with build type 'ament_python'
[0.225s] Level 1:colcon.colcon_core.shell:create_environment_hook('aurora_arm_v2', 'ament_prefix_path')
[0.225s] INFO:colcon.colcon_core.shell:Creating environment hook '/home/fuga1129/arm_sim_ws/install/aurora_arm_v2/share/aurora_arm_v2/hook/ament_prefix_path.ps1'
[0.225s] INFO:colcon.colcon_core.shell:Creating environment descriptor '/home/fuga1129/arm_sim_ws/install/aurora_arm_v2/share/aurora_arm_v2/hook/ament_prefix_path.dsv'
[0.225s] INFO:colcon.colcon_core.shell:Creating environment hook '/home/fuga1129/arm_sim_ws/install/aurora_arm_v2/share/aurora_arm_v2/hook/ament_prefix_path.sh'
[0.225s] INFO:colcon.colcon_core.shell:Skip shell extension 'powershell' for command environment: Not usable outside of PowerShell
[0.225s] DEBUG:colcon.colcon_core.shell:Skip shell extension 'dsv' for command environment
[0.401s] INFO:colcon.colcon_core.task.python.build:Building Python package in '/home/fuga1129/arm_sim_ws/src/aurora_arm'
[0.401s] INFO:colcon.colcon_core.shell:Skip shell extension 'powershell' for command environment: Not usable outside of PowerShell
[0.401s] DEBUG:colcon.colcon_core.shell:Skip shell extension 'dsv' for command environment
[0.554s] INFO:colcon.colcon_core.task.python.build:Building Python package in '/home/fuga1129/arm_sim_ws/src/aurora_arm_v2'
[0.555s] INFO:colcon.colcon_core.shell:Skip shell extension 'powershell' for command environment: Not usable outside of PowerShell
[0.555s] DEBUG:colcon.colcon_core.shell:Skip shell extension 'dsv' for command environment
[0.806s] DEBUG:colcon.colcon_core.event_handler.log_command:Invoking command in '/home/fuga1129/arm_sim_ws/src/aurora_arm': PYTHONPATH=/home/fuga1129/arm_sim_ws/build/aurora_arm/prefix_override:/usr/lib/python3/dist-packages/colcon_core/task/python/colcon_distutils_commands:/home/fuga1129/arm_sim_ws/install/aurora_arm/lib/python3.10/site-packages:${PYTHONPATH} /usr/bin/python3 -W ignore:setup.py install is deprecated -W ignore:easy_install command is deprecated setup.py egg_info --egg-base ../../build/aurora_arm build --build-base /home/fuga1129/arm_sim_ws/build/aurora_arm/build install --record /home/fuga1129/arm_sim_ws/build/aurora_arm/install.log --single-version-externally-managed install_data
[0.816s] DEBUG:colcon.colcon_core.event_handler.log_command:Invoking command in '/home/fuga1129/arm_sim_ws/src/aurora_arm_v2': PYTHONPATH=/home/fuga1129/arm_sim_ws/build/aurora_arm_v2/prefix_override:/usr/lib/python3/dist-packages/colcon_core/task/python/colcon_distutils_commands:/home/fuga1129/arm_sim_ws/install/aurora_arm_v2/lib/python3.10/site-packages:${PYTHONPATH} /usr/bin/python3 -W ignore:setup.py install is deprecated -W ignore:easy_install command is deprecated setup.py egg_info --egg-base ../../build/aurora_arm_v2 build --build-base /home/fuga1129/arm_sim_ws/build/aurora_arm_v2/build install --record /home/fuga1129/arm_sim_ws/build/aurora_arm_v2/install.log --single-version-externally-managed install_data
[1.002s] DEBUG:colcon.colcon_core.event_handler.log_command:Invoked command in '/home/fuga1129/arm_sim_ws/src/aurora_arm' returned '0': PYTHONPATH=/home/fuga1129/arm_sim_ws/build/aurora_arm/prefix_override:/usr/lib/python3/dist-packages/colcon_core/task/python/colcon_distutils_commands:/home/fuga1129/arm_sim_ws/install/aurora_arm/lib/python3.10/site-packages:${PYTHONPATH} /usr/bin/python3 -W ignore:setup.py install is deprecated -W ignore:easy_install command is deprecated setup.py egg_info --egg-base ../../build/aurora_arm build --build-base /home/fuga1129/arm_sim_ws/build/aurora_arm/build install --record /home/fuga1129/arm_sim_ws/build/aurora_arm/install.log --single-version-externally-managed install_data
[1.004s] Level 1:colcon.colcon_core.environment:checking '/home/fuga1129/arm_sim_ws/install/aurora_arm' for CMake module files
[1.004s] Level 1:colcon.colcon_core.environment:checking '/home/fuga1129/arm_sim_ws/install/aurora_arm' for CMake config files
[1.005s] Level 1:colcon.colcon_core.environment:checking '/home/fuga1129/arm_sim_ws/install/aurora_arm/lib'
[1.005s] Level 1:colcon.colcon_core.environment:checking '/home/fuga1129/arm_sim_ws/install/aurora_arm/bin'
[1.005s] Level 1:colcon.colcon_core.environment:checking '/home/fuga1129/arm_sim_ws/install/aurora_arm/lib/pkgconfig/aurora_arm.pc'
[1.005s] Level 1:colcon.colcon_core.environment:checking '/home/fuga1129/arm_sim_ws/install/aurora_arm/lib/python3.10/site-packages'
[1.005s] Level 1:colcon.colcon_core.shell:create_environment_hook('aurora_arm', 'pythonpath')
[1.005s] INFO:colcon.colcon_core.shell:Creating environment hook '/home/fuga1129/arm_sim_ws/install/aurora_arm/share/aurora_arm/hook/pythonpath.ps1'
[1.005s] INFO:colcon.colcon_core.shell:Creating environment descriptor '/home/fuga1129/arm_sim_ws/install/aurora_arm/share/aurora_arm/hook/pythonpath.dsv'
[1.006s] INFO:colcon.colcon_core.shell:Creating environment hook '/home/fuga1129/arm_sim_ws/install/aurora_arm/share/aurora_arm/hook/pythonpath.sh'
[1.006s] Level 1:colcon.colcon_core.environment:checking '/home/fuga1129/arm_sim_ws/install/aurora_arm/bin'
[1.006s] Level 1:colcon.colcon_core.environment:create_environment_scripts_only(aurora_arm)
[1.006s] INFO:colcon.colcon_core.shell:Creating package script '/home/fuga1129/arm_sim_ws/install/aurora_arm/share/aurora_arm/package.ps1'
[1.007s] INFO:colcon.colcon_core.shell:Creating package descriptor '/home/fuga1129/arm_sim_ws/install/aurora_arm/share/aurora_arm/package.dsv'
[1.007s] INFO:colcon.colcon_core.shell:Creating package script '/home/fuga1129/arm_sim_ws/install/aurora_arm/share/aurora_arm/package.sh'
[1.007s] INFO:colcon.colcon_core.shell:Creating package script '/home/fuga1129/arm_sim_ws/install/aurora_arm/share/aurora_arm/package.bash'
[1.008s] INFO:colcon.colcon_core.shell:Creating package script '/home/fuga1129/arm_sim_ws/install/aurora_arm/share/aurora_arm/package.zsh'
[1.008s] Level 1:colcon.colcon_core.environment:create_file_with_runtime_dependencies(/home/fuga1129/arm_sim_ws/install/aurora_arm/share/colcon-core/packages/aurora_arm)
[1.008s] INFO:colcon.colcon_ros.task.ament_cmake.build:Building ROS package in '/home/fuga1129/arm_sim_ws/src/aurora_arm_moveit' with build type 'ament_cmake'
[1.008s] INFO:colcon.colcon_cmake.task.cmake.build:Building CMake package in '/home/fuga1129/arm_sim_ws/src/aurora_arm_moveit'
[1.009s] INFO:colcon.colcon_core.shell:Skip shell extension 'powershell' for command environment: Not usable outside of PowerShell
[1.009s] DEBUG:colcon.colcon_core.shell:Skip shell extension 'dsv' for command environment
[1.013s] Level 1:colcon.colcon_core.environment:checking '/home/fuga1129/arm_sim_ws/install/aurora_arm_v2' for CMake module files
[1.013s] DEBUG:colcon.colcon_core.event_handler.log_command:Invoked command in '/home/fuga1129/arm_sim_ws/src/aurora_arm_v2' returned '0': PYTHONPATH=/home/fuga1129/arm_sim_ws/build/aurora_arm_v2/prefix_override:/usr/lib/python3/dist-packages/colcon_core/task/python/colcon_distutils_commands:/home/fuga1129/arm_sim_ws/install/aurora_arm_v2/lib/python3.10/site-packages:${PYTHONPATH} /usr/bin/python3 -W ignore:setup.py install is deprecated -W ignore:easy_install command is deprecated setup.py egg_info --egg-base ../../build/aurora_arm_v2 build --build-base /home/fuga1129/arm_sim_ws/build/aurora_arm_v2/build install --record /home/fuga1129/arm_sim_ws/build/aurora_arm_v2/install.log --single-version-externally-managed install_data
[1.014s] Level 1:colcon.colcon_core.environment:checking '/home/fuga1129/arm_sim_ws/install/aurora_arm_v2' for CMake config files
[1.014s] Level 1:colcon.colcon_core.environment:checking '/home/fuga1129/arm_sim_ws/install/aurora_arm_v2/lib'
[1.014s] Level 1:colcon.colcon_core.environment:checking '/home/fuga1129/arm_sim_ws/install/aurora_arm_v2/bin'
[1.014s] Level 1:colcon.colcon_core.environment:checking '/home/fuga1129/arm_sim_ws/install/aurora_arm_v2/lib/pkgconfig/aurora_arm_v2.pc'
[1.015s] Level 1:colcon.colcon_core.environment:checking '/home/fuga1129/arm_sim_ws/install/aurora_arm_v2/lib/python3.10/site-packages'
[1.015s] Level 1:colcon.colcon_core.shell:create_environment_hook('aurora_arm_v2', 'pythonpath')
[1.015s] INFO:colcon.colcon_core.shell:Creating environment hook '/home/fuga1129/arm_sim_ws/install/aurora_arm_v2/share/aurora_arm_v2/hook/pythonpath.ps1'
[1.015s] INFO:colcon.colcon_core.shell:Creating environment descriptor '/home/fuga1129/arm_sim_ws/install/aurora_arm_v2/share/aurora_arm_v2/hook/pythonpath.dsv'
[1.016s] INFO:colcon.colcon_core.shell:Creating environment hook '/home/fuga1129/arm_sim_ws/install/aurora_arm_v2/share/aurora_arm_v2/hook/pythonpath.sh'
[1.016s] Level 1:colcon.colcon_core.environment:checking '/home/fuga1129/arm_sim_ws/install/aurora_arm_v2/bin'
[1.016s] Level 1:colcon.colcon_core.environment:create_environment_scripts_only(aurora_arm_v2)
[1.016s] INFO:colcon.colcon_core.shell:Creating package script '/home/fuga1129/arm_sim_ws/install/aurora_arm_v2/share/aurora_arm_v2/package.ps1'
[1.017s] INFO:colcon.colcon_core.shell:Creating package descriptor '/home/fuga1129/arm_sim_ws/install/aurora_arm_v2/share/aurora_arm_v2/package.dsv'
[1.017s] INFO:colcon.colcon_core.shell:Creating package script '/home/fuga1129/arm_sim_ws/install/aurora_arm_v2/share/aurora_arm_v2/package.sh'
[1.017s] INFO:colcon.colcon_core.shell:Creating package script '/home/fuga1129/arm_sim_ws/install/aurora_arm_v2/share/aurora_arm_v2/package.bash'
[1.017s] INFO:colcon.colcon_core.shell:Creating package script '/home/fuga1129/arm_sim_ws/install/aurora_arm_v2/share/aurora_arm_v2/package.zsh'
[1.017s] Level 1:colcon.colcon_core.environment:create_file_with_runtime_dependencies(/home/fuga1129/arm_sim_ws/install/aurora_arm_v2/share/colcon-core/packages/aurora_arm_v2)
[1.020s] DEBUG:colcon.colcon_core.event_handler.log_command:Invoking command in '/home/fuga1129/arm_sim_ws/build/aurora_arm_moveit': AMENT_PREFIX_PATH=/home/fuga1129/arm_sim_ws/install/aurora_arm:${AMENT_PREFIX_PATH} CMAKE_PREFIX_PATH=${CMAKE_PREFIX_PATH}:/home/fuga1129/moveit2_ws/install/moveit_configs_utils:/home/fuga1129/moveit2_ws/install/launch_param_builder:/opt/ros/humble PYTHONPATH=/home/fuga1129/arm_sim_ws/install/aurora_arm/lib/python3.10/site-packages:${PYTHONPATH} /usr/bin/cmake --build /home/fuga1129/arm_sim_ws/build/aurora_arm_moveit -- -j12 -l12
[1.057s] DEBUG:colcon.colcon_core.event_handler.log_command:Invoked command in '/home/fuga1129/arm_sim_ws/build/aurora_arm_moveit' returned '0': AMENT_PREFIX_PATH=/home/fuga1129/arm_sim_ws/install/aurora_arm:${AMENT_PREFIX_PATH} CMAKE_PREFIX_PATH=${CMAKE_PREFIX_PATH}:/home/fuga1129/moveit2_ws/install/moveit_configs_utils:/home/fuga1129/moveit2_ws/install/launch_param_builder:/opt/ros/humble PYTHONPATH=/home/fuga1129/arm_sim_ws/install/aurora_arm/lib/python3.10/site-packages:${PYTHONPATH} /usr/bin/cmake --build /home/fuga1129/arm_sim_ws/build/aurora_arm_moveit -- -j12 -l12
[1.066s] DEBUG:colcon.colcon_core.event_handler.log_command:Invoking command in '/home/fuga1129/arm_sim_ws/build/aurora_arm_moveit': AMENT_PREFIX_PATH=/home/fuga1129/arm_sim_ws/install/aurora_arm:${AMENT_PREFIX_PATH} CMAKE_PREFIX_PATH=${CMAKE_PREFIX_PATH}:/home/fuga1129/moveit2_ws/install/moveit_configs_utils:/home/fuga1129/moveit2_ws/install/launch_param_builder:/opt/ros/humble PYTHONPATH=/home/fuga1129/arm_sim_ws/install/aurora_arm/lib/python3.10/site-packages:${PYTHONPATH} /usr/bin/cmake --install /home/fuga1129/arm_sim_ws/build/aurora_arm_moveit
[1.075s] Level 1:colcon.colcon_core.environment:create_environment_scripts_only(aurora_arm_moveit)
[1.076s] Level 1:colcon.colcon_core.environment:checking '/home/fuga1129/arm_sim_ws/install/aurora_arm_moveit' for CMake module files
[1.076s] DEBUG:colcon.colcon_core.event_handler.log_command:Invoked command in '/home/fuga1129/arm_sim_ws/build/aurora_arm_moveit' returned '0': AMENT_PREFIX_PATH=/home/fuga1129/arm_sim_ws/install/aurora_arm:${AMENT_PREFIX_PATH} CMAKE_PREFIX_PATH=${CMAKE_PREFIX_PATH}:/home/fuga1129/moveit2_ws/install/moveit_configs_utils:/home/fuga1129/moveit2_ws/install/launch_param_builder:/opt/ros/humble PYTHONPATH=/home/fuga1129/arm_sim_ws/install/aurora_arm/lib/python3.10/site-packages:${PYTHONPATH} /usr/bin/cmake --install /home/fuga1129/arm_sim_ws/build/aurora_arm_moveit
[1.076s] Level 1:colcon.colcon_core.environment:checking '/home/fuga1129/arm_sim_ws/install/aurora_arm_moveit' for CMake config files
[1.076s] Level 1:colcon.colcon_core.shell:create_environment_hook('aurora_arm_moveit', 'cmake_prefix_path')
[1.077s] INFO:colcon.colcon_core.shell:Creating environment hook '/home/fuga1129/arm_sim_ws/install/aurora_arm_moveit/share/aurora_arm_moveit/hook/cmake_prefix_path.ps1'
[1.077s] INFO:colcon.colcon_core.shell:Creating environment descriptor '/home/fuga1129/arm_sim_ws/install/aurora_arm_moveit/share/aurora_arm_moveit/hook/cmake_prefix_path.dsv'
[1.077s] INFO:colcon.colcon_core.shell:Creating environment hook '/home/fuga1129/arm_sim_ws/install/aurora_arm_moveit/share/aurora_arm_moveit/hook/cmake_prefix_path.sh'
[1.077s] Level 1:colcon.colcon_core.environment:checking '/home/fuga1129/arm_sim_ws/install/aurora_arm_moveit/bin'
[1.077s] Level 1:colcon.colcon_core.environment:checking '/home/fuga1129/arm_sim_ws/install/aurora_arm_moveit/lib/pkgconfig/aurora_arm_moveit.pc'
[1.078s] Level 1:colcon.colcon_core.environment:checking '/home/fuga1129/arm_sim_ws/install/aurora_arm_moveit/lib/python3.10/site-packages'
[1.078s] Level 1:colcon.colcon_core.environment:checking '/home/fuga1129/arm_sim_ws/install/aurora_arm_moveit/bin'
[1.078s] INFO:colcon.colcon_core.shell:Creating package script '/home/fuga1129/arm_sim_ws/install/aurora_arm_moveit/share/aurora_arm_moveit/package.ps1'
[1.078s] INFO:colcon.colcon_core.shell:Creating package descriptor '/home/fuga1129/arm_sim_ws/install/aurora_arm_moveit/share/aurora_arm_moveit/package.dsv'
[1.078s] INFO:colcon.colcon_core.shell:Creating package script '/home/fuga1129/arm_sim_ws/install/aurora_arm_moveit/share/aurora_arm_moveit/package.sh'
[1.079s] INFO:colcon.colcon_core.shell:Creating package script '/home/fuga1129/arm_sim_ws/install/aurora_arm_moveit/share/aurora_arm_moveit/package.bash'
[1.079s] INFO:colcon.colcon_core.shell:Creating package script '/home/fuga1129/arm_sim_ws/install/aurora_arm_moveit/share/aurora_arm_moveit/package.zsh'
[1.079s] Level 1:colcon.colcon_core.environment:create_file_with_runtime_dependencies(/home/fuga1129/arm_sim_ws/install/aurora_arm_moveit/share/colcon-core/packages/aurora_arm_moveit)
[1.079s] Level 1:colcon.colcon_core.environment:create_environment_scripts_only(aurora_arm_moveit)
[1.079s] Level 1:colcon.colcon_core.environment:checking '/home/fuga1129/arm_sim_ws/install/aurora_arm_moveit' for CMake module files
[1.080s] Level 1:colcon.colcon_core.environment:checking '/home/fuga1129/arm_sim_ws/install/aurora_arm_moveit' for CMake config files
[1.080s] Level 1:colcon.colcon_core.shell:create_environment_hook('aurora_arm_moveit', 'cmake_prefix_path')
[1.080s] INFO:colcon.colcon_core.shell:Creating environment hook '/home/fuga1129/arm_sim_ws/install/aurora_arm_moveit/share/aurora_arm_moveit/hook/cmake_prefix_path.ps1'
[1.080s] INFO:colcon.colcon_core.shell:Creating environment descriptor '/home/fuga1129/arm_sim_ws/install/aurora_arm_moveit/share/aurora_arm_moveit/hook/cmake_prefix_path.dsv'
[1.080s] INFO:colcon.colcon_core.shell:Creating environment hook '/home/fuga1129/arm_sim_ws/install/aurora_arm_moveit/share/aurora_arm_moveit/hook/cmake_prefix_path.sh'
[1.081s] Level 1:colcon.colcon_core.environment:checking '/home/fuga1129/arm_sim_ws/install/aurora_arm_moveit/bin'
[1.081s] Level 1:colcon.colcon_core.environment:checking '/home/fuga1129/arm_sim_ws/install/aurora_arm_moveit/lib/pkgconfig/aurora_arm_moveit.pc'
[1.081s] Level 1:colcon.colcon_core.environment:checking '/home/fuga1129/arm_sim_ws/install/aurora_arm_moveit/lib/python3.10/site-packages'
[1.081s] Level 1:colcon.colcon_core.environment:checking '/home/fuga1129/arm_sim_ws/install/aurora_arm_moveit/bin'
[1.081s] INFO:colcon.colcon_core.shell:Creating package script '/home/fuga1129/arm_sim_ws/install/aurora_arm_moveit/share/aurora_arm_moveit/package.ps1'
[1.081s] INFO:colcon.colcon_core.shell:Creating package descriptor '/home/fuga1129/arm_sim_ws/install/aurora_arm_moveit/share/aurora_arm_moveit/package.dsv'
[1.082s] INFO:colcon.colcon_core.shell:Creating package script '/home/fuga1129/arm_sim_ws/install/aurora_arm_moveit/share/aurora_arm_moveit/package.sh'
[1.082s] INFO:colcon.colcon_core.shell:Creating package script '/home/fuga1129/arm_sim_ws/install/aurora_arm_moveit/share/aurora_arm_moveit/package.bash'
[1.082s] INFO:colcon.colcon_core.shell:Creating package script '/home/fuga1129/arm_sim_ws/install/aurora_arm_moveit/share/aurora_arm_moveit/package.zsh'
[1.082s] Level 1:colcon.colcon_core.environment:create_file_with_runtime_dependencies(/home/fuga1129/arm_sim_ws/install/aurora_arm_moveit/share/colcon-core/packages/aurora_arm_moveit)
[1.082s] DEBUG:colcon.colcon_parallel_executor.executor.parallel:closing loop
[1.083s] DEBUG:colcon.colcon_parallel_executor.executor.parallel:loop closed
[1.083s] DEBUG:colcon.colcon_parallel_executor.executor.parallel:run_until_complete finished with '0'
[1.083s] DEBUG:colcon.colcon_core.event_reactor:joining thread
[1.087s] INFO:colcon.colcon_core.plugin_system:Skipping extension 'colcon_notification.desktop_notification.terminal_notifier': Not used on non-Darwin systems
[1.087s] INFO:colcon.colcon_core.plugin_system:Skipping extension 'colcon_notification.desktop_notification.win32': Not used on non-Windows systems
[1.087s] INFO:colcon.colcon_notification.desktop_notification:Sending desktop notification using 'notify2'
[1.097s] DEBUG:colcon.colcon_core.event_reactor:joined thread
[1.097s] INFO:colcon.colcon_core.shell:Creating prefix script '/home/fuga1129/arm_sim_ws/install/local_setup.ps1'
[1.098s] INFO:colcon.colcon_core.shell:Creating prefix util module '/home/fuga1129/arm_sim_ws/install/_local_setup_util_ps1.py'
[1.098s] INFO:colcon.colcon_core.shell:Creating prefix chain script '/home/fuga1129/arm_sim_ws/install/setup.ps1'
[1.100s] INFO:colcon.colcon_core.shell:Creating prefix script '/home/fuga1129/arm_sim_ws/install/local_setup.sh'
[1.100s] INFO:colcon.colcon_core.shell:Creating prefix util module '/home/fuga1129/arm_sim_ws/install/_local_setup_util_sh.py'
[1.101s] INFO:colcon.colcon_core.shell:Creating prefix chain script '/home/fuga1129/arm_sim_ws/install/setup.sh'
[1.102s] INFO:colcon.colcon_core.shell:Creating prefix script '/home/fuga1129/arm_sim_ws/install/local_setup.bash'
[1.103s] INFO:colcon.colcon_core.shell:Creating prefix chain script '/home/fuga1129/arm_sim_ws/install/setup.bash'
[1.104s] INFO:colcon.colcon_core.shell:Creating prefix script '/home/fuga1129/arm_sim_ws/install/local_setup.zsh'
[1.104s] INFO:colcon.colcon_core.shell:Creating prefix chain script '/home/fuga1129/arm_sim_ws/install/setup.zsh'
