[0.074s] DEBUG:colcon:Command line arguments: ['/usr/bin/colcon', 'build']
[0.074s] DEBUG:colcon:Parsed command line arguments: Namespace(log_base=None, log_level=None, verb_name='build', build_base='build', install_base='install', merge_install=False, symlink_install=False, test_result_base=None, continue_on_error=False, executor='parallel', parallel_workers=12, event_handlers=None, ignore_user_meta=False, metas=['./colcon.meta'], base_paths=['.'], packages_ignore=None, packages_ignore_regex=None, paths=None, packages_up_to=None, packages_up_to_regex=None, packages_above=None, packages_above_and_dependencies=None, packages_above_depth=None, packages_select_by_dep=None, packages_skip_by_dep=None, packages_skip_up_to=None, packages_select_build_failed=False, packages_skip_build_finished=False, packages_select_test_failures=False, packages_skip_test_passed=False, packages_select=None, packages_skip=None, packages_select_regex=None, packages_skip_regex=None, packages_start=None, packages_end=None, allow_overriding=[], cmake_args=None, cmake_target=None, cmake_target_skip_unavailable=False, cmake_clean_cache=False, cmake_clean_first=False, cmake_force_configure=False, ament_cmake_args=None, catkin_cmake_args=None, catkin_skip_building_tests=False, mixin_files=None, mixin=None, verb_parser=<colcon_mixin.mixin.mixin_argument.MixinArgumentDecorator object at 0x794847e0b9d0>, verb_extension=<colcon_core.verb.build.BuildVerb object at 0x794847f988e0>, main=<bound method BuildVerb.main of <colcon_core.verb.build.BuildVerb object at 0x794847f988e0>>, mixin_verb=('build',))
[0.194s] Level 1:colcon.colcon_core.package_discovery:discover_packages(colcon_meta) check parameters
[0.194s] Level 1:colcon.colcon_core.package_discovery:discover_packages(recursive) check parameters
[0.194s] Level 1:colcon.colcon_core.package_discovery:discover_packages(ignore) check parameters
[0.194s] Level 1:colcon.colcon_core.package_discovery:discover_packages(path) check parameters
[0.194s] Level 1:colcon.colcon_core.package_discovery:discover_packages(colcon_meta) discover
[0.194s] Level 1:colcon.colcon_core.package_discovery:discover_packages(recursive) discover
[0.194s] INFO:colcon.colcon_core.package_discovery:Crawling recursively for packages in '/home/fuga1129/arm_sim_ws'
[0.194s] Level 1:colcon.colcon_core.package_identification:_identify(.) by extensions ['ignore', 'ignore_ament_install']
[0.194s] Level 1:colcon.colcon_core.package_identification:_identify(.) by extension 'ignore'
[0.194s] Level 1:colcon.colcon_core.package_identification:_identify(.) by extension 'ignore_ament_install'
[0.195s] Level 1:colcon.colcon_core.package_identification:_identify(.) by extensions ['colcon_pkg']
[0.195s] Level 1:colcon.colcon_core.package_identification:_identify(.) by extension 'colcon_pkg'
[0.195s] Level 1:colcon.colcon_core.package_identification:_identify(.) by extensions ['colcon_meta']
[0.195s] Level 1:colcon.colcon_core.package_identification:_identify(.) by extension 'colcon_meta'
[0.195s] Level 1:colcon.colcon_core.package_identification:_identify(.) by extensions ['ros']
[0.195s] Level 1:colcon.colcon_core.package_identification:_identify(.) by extension 'ros'
[0.201s] Level 1:colcon.colcon_core.package_identification:_identify(.) by extensions ['cmake', 'python']
[0.201s] Level 1:colcon.colcon_core.package_identification:_identify(.) by extension 'cmake'
[0.201s] Level 1:colcon.colcon_core.package_identification:_identify(.) by extension 'python'
[0.201s] Level 1:colcon.colcon_core.package_identification:_identify(.) by extensions ['python_setup_py']
[0.201s] Level 1:colcon.colcon_core.package_identification:_identify(.) by extension 'python_setup_py'
[0.201s] Level 1:colcon.colcon_core.package_identification:_identify(build) by extensions ['ignore', 'ignore_ament_install']
[0.201s] Level 1:colcon.colcon_core.package_identification:_identify(build) by extension 'ignore'
[0.201s] Level 1:colcon.colcon_core.package_identification:_identify(build) ignored
[0.201s] Level 1:colcon.colcon_core.package_identification:_identify(install) by extensions ['ignore', 'ignore_ament_install']
[0.201s] Level 1:colcon.colcon_core.package_identification:_identify(install) by extension 'ignore'
[0.201s] Level 1:colcon.colcon_core.package_identification:_identify(install) ignored
[0.201s] Level 1:colcon.colcon_core.package_identification:_identify(log) by extensions ['ignore', 'ignore_ament_install']
[0.201s] Level 1:colcon.colcon_core.package_identification:_identify(log) by extension 'ignore'
[0.202s] Level 1:colcon.colcon_core.package_identification:_identify(log) ignored
[0.202s] Level 1:colcon.colcon_core.package_identification:_identify(src) by extensions ['ignore', 'ignore_ament_install']
[0.202s] Level 1:colcon.colcon_core.package_identification:_identify(src) by extension 'ignore'
[0.202s] Level 1:colcon.colcon_core.package_identification:_identify(src) by extension 'ignore_ament_install'
[0.202s] Level 1:colcon.colcon_core.package_identification:_identify(src) by extensions ['colcon_pkg']
[0.202s] Level 1:colcon.colcon_core.package_identification:_identify(src) by extension 'colcon_pkg'
[0.202s] Level 1:colcon.colcon_core.package_identification:_identify(src) by extensions ['colcon_meta']
[0.202s] Level 1:colcon.colcon_core.package_identification:_identify(src) by extension 'colcon_meta'
[0.202s] Level 1:colcon.colcon_core.package_identification:_identify(src) by extensions ['ros']
[0.202s] Level 1:colcon.colcon_core.package_identification:_identify(src) by extension 'ros'
[0.202s] Level 1:colcon.colcon_core.package_identification:_identify(src) by extensions ['cmake', 'python']
[0.202s] Level 1:colcon.colcon_core.package_identification:_identify(src) by extension 'cmake'
[0.202s] Level 1:colcon.colcon_core.package_identification:_identify(src) by extension 'python'
[0.202s] Level 1:colcon.colcon_core.package_identification:_identify(src) by extensions ['python_setup_py']
[0.202s] Level 1:colcon.colcon_core.package_identification:_identify(src) by extension 'python_setup_py'
[0.202s] Level 1:colcon.colcon_core.package_identification:_identify(src/arm_moveit_v2) by extensions ['ignore', 'ignore_ament_install']
[0.202s] Level 1:colcon.colcon_core.package_identification:_identify(src/arm_moveit_v2) by extension 'ignore'
[0.202s] Level 1:colcon.colcon_core.package_identification:_identify(src/arm_moveit_v2) by extension 'ignore_ament_install'
[0.202s] Level 1:colcon.colcon_core.package_identification:_identify(src/arm_moveit_v2) by extensions ['colcon_pkg']
[0.202s] Level 1:colcon.colcon_core.package_identification:_identify(src/arm_moveit_v2) by extension 'colcon_pkg'
[0.202s] Level 1:colcon.colcon_core.package_identification:_identify(src/arm_moveit_v2) by extensions ['colcon_meta']
[0.202s] Level 1:colcon.colcon_core.package_identification:_identify(src/arm_moveit_v2) by extension 'colcon_meta'
[0.202s] Level 1:colcon.colcon_core.package_identification:_identify(src/arm_moveit_v2) by extensions ['ros']
[0.202s] Level 1:colcon.colcon_core.package_identification:_identify(src/arm_moveit_v2) by extension 'ros'
[0.204s] DEBUG:colcon.colcon_core.package_identification:Package 'src/arm_moveit_v2' with type 'ros.ament_cmake' and name 'arm_moveit_v2'
[0.204s] Level 1:colcon.colcon_core.package_identification:_identify(src/aurora_arm) by extensions ['ignore', 'ignore_ament_install']
[0.204s] Level 1:colcon.colcon_core.package_identification:_identify(src/aurora_arm) by extension 'ignore'
[0.204s] Level 1:colcon.colcon_core.package_identification:_identify(src/aurora_arm) by extension 'ignore_ament_install'
[0.204s] Level 1:colcon.colcon_core.package_identification:_identify(src/aurora_arm) by extensions ['colcon_pkg']
[0.204s] Level 1:colcon.colcon_core.package_identification:_identify(src/aurora_arm) by extension 'colcon_pkg'
[0.204s] Level 1:colcon.colcon_core.package_identification:_identify(src/aurora_arm) by extensions ['colcon_meta']
[0.204s] Level 1:colcon.colcon_core.package_identification:_identify(src/aurora_arm) by extension 'colcon_meta'
[0.204s] Level 1:colcon.colcon_core.package_identification:_identify(src/aurora_arm) by extensions ['ros']
[0.204s] Level 1:colcon.colcon_core.package_identification:_identify(src/aurora_arm) by extension 'ros'
[0.204s] DEBUG:colcon.colcon_core.package_identification:Package 'src/aurora_arm' with type 'ros.ament_python' and name 'aurora_arm'
[0.204s] Level 1:colcon.colcon_core.package_identification:_identify(src/aurora_arm_moveit) by extensions ['ignore', 'ignore_ament_install']
[0.204s] Level 1:colcon.colcon_core.package_identification:_identify(src/aurora_arm_moveit) by extension 'ignore'
[0.204s] Level 1:colcon.colcon_core.package_identification:_identify(src/aurora_arm_moveit) by extension 'ignore_ament_install'
[0.204s] Level 1:colcon.colcon_core.package_identification:_identify(src/aurora_arm_moveit) by extensions ['colcon_pkg']
[0.204s] Level 1:colcon.colcon_core.package_identification:_identify(src/aurora_arm_moveit) by extension 'colcon_pkg'
[0.205s] Level 1:colcon.colcon_core.package_identification:_identify(src/aurora_arm_moveit) by extensions ['colcon_meta']
[0.205s] Level 1:colcon.colcon_core.package_identification:_identify(src/aurora_arm_moveit) by extension 'colcon_meta'
[0.205s] Level 1:colcon.colcon_core.package_identification:_identify(src/aurora_arm_moveit) by extensions ['ros']
[0.205s] Level 1:colcon.colcon_core.package_identification:_identify(src/aurora_arm_moveit) by extension 'ros'
[0.205s] DEBUG:colcon.colcon_core.package_identification:Package 'src/aurora_arm_moveit' with type 'ros.ament_cmake' and name 'aurora_arm_moveit'
[0.205s] Level 1:colcon.colcon_core.package_identification:_identify(src/aurora_arm_v2) by extensions ['ignore', 'ignore_ament_install']
[0.205s] Level 1:colcon.colcon_core.package_identification:_identify(src/aurora_arm_v2) by extension 'ignore'
[0.205s] Level 1:colcon.colcon_core.package_identification:_identify(src/aurora_arm_v2) by extension 'ignore_ament_install'
[0.205s] Level 1:colcon.colcon_core.package_identification:_identify(src/aurora_arm_v2) by extensions ['colcon_pkg']
[0.205s] Level 1:colcon.colcon_core.package_identification:_identify(src/aurora_arm_v2) by extension 'colcon_pkg'
[0.205s] Level 1:colcon.colcon_core.package_identification:_identify(src/aurora_arm_v2) by extensions ['colcon_meta']
[0.205s] Level 1:colcon.colcon_core.package_identification:_identify(src/aurora_arm_v2) by extension 'colcon_meta'
[0.205s] Level 1:colcon.colcon_core.package_identification:_identify(src/aurora_arm_v2) by extensions ['ros']
[0.205s] Level 1:colcon.colcon_core.package_identification:_identify(src/aurora_arm_v2) by extension 'ros'
[0.206s] DEBUG:colcon.colcon_core.package_identification:Package 'src/aurora_arm_v2' with type 'ros.ament_python' and name 'aurora_arm_v2'
[0.206s] Level 1:colcon.colcon_core.package_discovery:discover_packages(recursive) using defaults
[0.206s] Level 1:colcon.colcon_core.package_discovery:discover_packages(ignore) discover
[0.206s] Level 1:colcon.colcon_core.package_discovery:discover_packages(ignore) using defaults
[0.206s] Level 1:colcon.colcon_core.package_discovery:discover_packages(path) discover
[0.206s] Level 1:colcon.colcon_core.package_discovery:discover_packages(path) using defaults
[0.225s] Level 1:colcon.colcon_core.package_discovery:discover_packages(prefix_path) check parameters
[0.225s] Level 1:colcon.colcon_core.package_discovery:discover_packages(prefix_path) discover
[0.233s] DEBUG:colcon.colcon_installed_package_information.package_discovery:Found 4 installed packages in /home/fuga1129/arm_sim_ws/install
[0.234s] DEBUG:colcon.colcon_installed_package_information.package_discovery:Found 55 installed packages in /home/fuga1129/moveit2_ws/install
[0.235s] DEBUG:colcon.colcon_installed_package_information.package_discovery:Found 373 installed packages in /opt/ros/humble
[0.236s] Level 1:colcon.colcon_core.package_discovery:discover_packages(prefix_path) using defaults
[0.268s] Level 5:colcon.colcon_core.verb:set package 'aurora_arm' build argument 'cmake_args' from command line to 'None'
[0.268s] Level 5:colcon.colcon_core.verb:set package 'aurora_arm' build argument 'cmake_target' from command line to 'None'
[0.268s] Level 5:colcon.colcon_core.verb:set package 'aurora_arm' build argument 'cmake_target_skip_unavailable' from command line to 'False'
[0.268s] Level 5:colcon.colcon_core.verb:set package 'aurora_arm' build argument 'cmake_clean_cache' from command line to 'False'
[0.268s] Level 5:colcon.colcon_core.verb:set package 'aurora_arm' build argument 'cmake_clean_first' from command line to 'False'
[0.268s] Level 5:colcon.colcon_core.verb:set package 'aurora_arm' build argument 'cmake_force_configure' from command line to 'False'
[0.268s] Level 5:colcon.colcon_core.verb:set package 'aurora_arm' build argument 'ament_cmake_args' from command line to 'None'
[0.268s] Level 5:colcon.colcon_core.verb:set package 'aurora_arm' build argument 'catkin_cmake_args' from command line to 'None'
[0.268s] Level 5:colcon.colcon_core.verb:set package 'aurora_arm' build argument 'catkin_skip_building_tests' from command line to 'False'
[0.268s] DEBUG:colcon.colcon_core.verb:Building package 'aurora_arm' with the following arguments: {'ament_cmake_args': None, 'build_base': '/home/fuga1129/arm_sim_ws/build/aurora_arm', 'catkin_cmake_args': None, 'catkin_skip_building_tests': False, 'cmake_args': None, 'cmake_clean_cache': False, 'cmake_clean_first': False, 'cmake_force_configure': False, 'cmake_target': None, 'cmake_target_skip_unavailable': False, 'install_base': '/home/fuga1129/arm_sim_ws/install/aurora_arm', 'merge_install': False, 'path': '/home/fuga1129/arm_sim_ws/src/aurora_arm', 'symlink_install': False, 'test_result_base': None}
[0.268s] Level 5:colcon.colcon_core.verb:set package 'aurora_arm_v2' build argument 'cmake_args' from command line to 'None'
[0.268s] Level 5:colcon.colcon_core.verb:set package 'aurora_arm_v2' build argument 'cmake_target' from command line to 'None'
[0.268s] Level 5:colcon.colcon_core.verb:set package 'aurora_arm_v2' build argument 'cmake_target_skip_unavailable' from command line to 'False'
[0.269s] Level 5:colcon.colcon_core.verb:set package 'aurora_arm_v2' build argument 'cmake_clean_cache' from command line to 'False'
[0.269s] Level 5:colcon.colcon_core.verb:set package 'aurora_arm_v2' build argument 'cmake_clean_first' from command line to 'False'
[0.269s] Level 5:colcon.colcon_core.verb:set package 'aurora_arm_v2' build argument 'cmake_force_configure' from command line to 'False'
[0.269s] Level 5:colcon.colcon_core.verb:set package 'aurora_arm_v2' build argument 'ament_cmake_args' from command line to 'None'
[0.269s] Level 5:colcon.colcon_core.verb:set package 'aurora_arm_v2' build argument 'catkin_cmake_args' from command line to 'None'
[0.269s] Level 5:colcon.colcon_core.verb:set package 'aurora_arm_v2' build argument 'catkin_skip_building_tests' from command line to 'False'
[0.269s] DEBUG:colcon.colcon_core.verb:Building package 'aurora_arm_v2' with the following arguments: {'ament_cmake_args': None, 'build_base': '/home/fuga1129/arm_sim_ws/build/aurora_arm_v2', 'catkin_cmake_args': None, 'catkin_skip_building_tests': False, 'cmake_args': None, 'cmake_clean_cache': False, 'cmake_clean_first': False, 'cmake_force_configure': False, 'cmake_target': None, 'cmake_target_skip_unavailable': False, 'install_base': '/home/fuga1129/arm_sim_ws/install/aurora_arm_v2', 'merge_install': False, 'path': '/home/fuga1129/arm_sim_ws/src/aurora_arm_v2', 'symlink_install': False, 'test_result_base': None}
[0.269s] Level 5:colcon.colcon_core.verb:set package 'arm_moveit_v2' build argument 'cmake_args' from command line to 'None'
[0.269s] Level 5:colcon.colcon_core.verb:set package 'arm_moveit_v2' build argument 'cmake_target' from command line to 'None'
[0.269s] Level 5:colcon.colcon_core.verb:set package 'arm_moveit_v2' build argument 'cmake_target_skip_unavailable' from command line to 'False'
[0.269s] Level 5:colcon.colcon_core.verb:set package 'arm_moveit_v2' build argument 'cmake_clean_cache' from command line to 'False'
[0.269s] Level 5:colcon.colcon_core.verb:set package 'arm_moveit_v2' build argument 'cmake_clean_first' from command line to 'False'
[0.269s] Level 5:colcon.colcon_core.verb:set package 'arm_moveit_v2' build argument 'cmake_force_configure' from command line to 'False'
[0.269s] Level 5:colcon.colcon_core.verb:set package 'arm_moveit_v2' build argument 'ament_cmake_args' from command line to 'None'
[0.269s] Level 5:colcon.colcon_core.verb:set package 'arm_moveit_v2' build argument 'catkin_cmake_args' from command line to 'None'
[0.269s] Level 5:colcon.colcon_core.verb:set package 'arm_moveit_v2' build argument 'catkin_skip_building_tests' from command line to 'False'
[0.269s] DEBUG:colcon.colcon_core.verb:Building package 'arm_moveit_v2' with the following arguments: {'ament_cmake_args': None, 'build_base': '/home/fuga1129/arm_sim_ws/build/arm_moveit_v2', 'catkin_cmake_args': None, 'catkin_skip_building_tests': False, 'cmake_args': None, 'cmake_clean_cache': False, 'cmake_clean_first': False, 'cmake_force_configure': False, 'cmake_target': None, 'cmake_target_skip_unavailable': False, 'install_base': '/home/fuga1129/arm_sim_ws/install/arm_moveit_v2', 'merge_install': False, 'path': '/home/fuga1129/arm_sim_ws/src/arm_moveit_v2', 'symlink_install': False, 'test_result_base': None}
[0.269s] Level 5:colcon.colcon_core.verb:set package 'aurora_arm_moveit' build argument 'cmake_args' from command line to 'None'
[0.269s] Level 5:colcon.colcon_core.verb:set package 'aurora_arm_moveit' build argument 'cmake_target' from command line to 'None'
[0.269s] Level 5:colcon.colcon_core.verb:set package 'aurora_arm_moveit' build argument 'cmake_target_skip_unavailable' from command line to 'False'
[0.269s] Level 5:colcon.colcon_core.verb:set package 'aurora_arm_moveit' build argument 'cmake_clean_cache' from command line to 'False'
[0.269s] Level 5:colcon.colcon_core.verb:set package 'aurora_arm_moveit' build argument 'cmake_clean_first' from command line to 'False'
[0.269s] Level 5:colcon.colcon_core.verb:set package 'aurora_arm_moveit' build argument 'cmake_force_configure' from command line to 'False'
[0.269s] Level 5:colcon.colcon_core.verb:set package 'aurora_arm_moveit' build argument 'ament_cmake_args' from command line to 'None'
[0.269s] Level 5:colcon.colcon_core.verb:set package 'aurora_arm_moveit' build argument 'catkin_cmake_args' from command line to 'None'
[0.269s] Level 5:colcon.colcon_core.verb:set package 'aurora_arm_moveit' build argument 'catkin_skip_building_tests' from command line to 'False'
[0.269s] DEBUG:colcon.colcon_core.verb:Building package 'aurora_arm_moveit' with the following arguments: {'ament_cmake_args': None, 'build_base': '/home/fuga1129/arm_sim_ws/build/aurora_arm_moveit', 'catkin_cmake_args': None, 'catkin_skip_building_tests': False, 'cmake_args': None, 'cmake_clean_cache': False, 'cmake_clean_first': False, 'cmake_force_configure': False, 'cmake_target': None, 'cmake_target_skip_unavailable': False, 'install_base': '/home/fuga1129/arm_sim_ws/install/aurora_arm_moveit', 'merge_install': False, 'path': '/home/fuga1129/arm_sim_ws/src/aurora_arm_moveit', 'symlink_install': False, 'test_result_base': None}
[0.269s] INFO:colcon.colcon_core.executor:Executing jobs using 'parallel' executor
[0.270s] DEBUG:colcon.colcon_parallel_executor.executor.parallel:run_until_complete
[0.270s] INFO:colcon.colcon_ros.task.ament_python.build:Building ROS package in '/home/fuga1129/arm_sim_ws/src/aurora_arm' with build type 'ament_python'
[0.270s] Level 1:colcon.colcon_core.shell:create_environment_hook('aurora_arm', 'ament_prefix_path')
[0.272s] INFO:colcon.colcon_core.plugin_system:Skipping extension 'colcon_core.shell.bat': Not used on non-Windows systems
[0.272s] INFO:colcon.colcon_core.shell:Creating environment hook '/home/fuga1129/arm_sim_ws/install/aurora_arm/share/aurora_arm/hook/ament_prefix_path.ps1'
[0.272s] INFO:colcon.colcon_core.shell:Creating environment descriptor '/home/fuga1129/arm_sim_ws/install/aurora_arm/share/aurora_arm/hook/ament_prefix_path.dsv'
[0.272s] INFO:colcon.colcon_core.shell:Creating environment hook '/home/fuga1129/arm_sim_ws/install/aurora_arm/share/aurora_arm/hook/ament_prefix_path.sh'
[0.273s] INFO:colcon.colcon_core.shell:Skip shell extension 'powershell' for command environment: Not usable outside of PowerShell
[0.273s] DEBUG:colcon.colcon_core.shell:Skip shell extension 'dsv' for command environment
[0.276s] INFO:colcon.colcon_ros.task.ament_python.build:Building ROS package in '/home/fuga1129/arm_sim_ws/src/aurora_arm_v2' with build type 'ament_python'
[0.276s] Level 1:colcon.colcon_core.shell:create_environment_hook('aurora_arm_v2', 'ament_prefix_path')
[0.276s] INFO:colcon.colcon_core.shell:Creating environment hook '/home/fuga1129/arm_sim_ws/install/aurora_arm_v2/share/aurora_arm_v2/hook/ament_prefix_path.ps1'
[0.277s] INFO:colcon.colcon_core.shell:Creating environment descriptor '/home/fuga1129/arm_sim_ws/install/aurora_arm_v2/share/aurora_arm_v2/hook/ament_prefix_path.dsv'
[0.277s] INFO:colcon.colcon_core.shell:Creating environment hook '/home/fuga1129/arm_sim_ws/install/aurora_arm_v2/share/aurora_arm_v2/hook/ament_prefix_path.sh'
[0.278s] INFO:colcon.colcon_core.shell:Skip shell extension 'powershell' for command environment: Not usable outside of PowerShell
[0.278s] DEBUG:colcon.colcon_core.shell:Skip shell extension 'dsv' for command environment
[0.432s] INFO:colcon.colcon_core.task.python.build:Building Python package in '/home/fuga1129/arm_sim_ws/src/aurora_arm'
[0.433s] INFO:colcon.colcon_core.shell:Skip shell extension 'powershell' for command environment: Not usable outside of PowerShell
[0.433s] DEBUG:colcon.colcon_core.shell:Skip shell extension 'dsv' for command environment
[0.586s] INFO:colcon.colcon_core.task.python.build:Building Python package in '/home/fuga1129/arm_sim_ws/src/aurora_arm_v2'
[0.586s] INFO:colcon.colcon_core.shell:Skip shell extension 'powershell' for command environment: Not usable outside of PowerShell
[0.586s] DEBUG:colcon.colcon_core.shell:Skip shell extension 'dsv' for command environment
[0.825s] DEBUG:colcon.colcon_core.event_handler.log_command:Invoking command in '/home/fuga1129/arm_sim_ws/src/aurora_arm': PYTHONPATH=/home/fuga1129/arm_sim_ws/build/aurora_arm/prefix_override:/usr/lib/python3/dist-packages/colcon_core/task/python/colcon_distutils_commands:/home/fuga1129/arm_sim_ws/install/aurora_arm/lib/python3.10/site-packages:${PYTHONPATH} /usr/bin/python3 -W ignore:setup.py install is deprecated -W ignore:easy_install command is deprecated setup.py egg_info --egg-base ../../build/aurora_arm build --build-base /home/fuga1129/arm_sim_ws/build/aurora_arm/build install --record /home/fuga1129/arm_sim_ws/build/aurora_arm/install.log --single-version-externally-managed install_data
[0.826s] DEBUG:colcon.colcon_core.event_handler.log_command:Invoking command in '/home/fuga1129/arm_sim_ws/src/aurora_arm_v2': PYTHONPATH=/home/fuga1129/arm_sim_ws/build/aurora_arm_v2/prefix_override:/usr/lib/python3/dist-packages/colcon_core/task/python/colcon_distutils_commands:/home/fuga1129/arm_sim_ws/install/aurora_arm_v2/lib/python3.10/site-packages:${PYTHONPATH} /usr/bin/python3 -W ignore:setup.py install is deprecated -W ignore:easy_install command is deprecated setup.py egg_info --egg-base ../../build/aurora_arm_v2 build --build-base /home/fuga1129/arm_sim_ws/build/aurora_arm_v2/build install --record /home/fuga1129/arm_sim_ws/build/aurora_arm_v2/install.log --single-version-externally-managed install_data
[1.014s] DEBUG:colcon.colcon_core.event_handler.log_command:Invoked command in '/home/fuga1129/arm_sim_ws/src/aurora_arm' returned '0': PYTHONPATH=/home/fuga1129/arm_sim_ws/build/aurora_arm/prefix_override:/usr/lib/python3/dist-packages/colcon_core/task/python/colcon_distutils_commands:/home/fuga1129/arm_sim_ws/install/aurora_arm/lib/python3.10/site-packages:${PYTHONPATH} /usr/bin/python3 -W ignore:setup.py install is deprecated -W ignore:easy_install command is deprecated setup.py egg_info --egg-base ../../build/aurora_arm build --build-base /home/fuga1129/arm_sim_ws/build/aurora_arm/build install --record /home/fuga1129/arm_sim_ws/build/aurora_arm/install.log --single-version-externally-managed install_data
[1.016s] Level 1:colcon.colcon_core.environment:checking '/home/fuga1129/arm_sim_ws/install/aurora_arm' for CMake module files
[1.016s] Level 1:colcon.colcon_core.environment:checking '/home/fuga1129/arm_sim_ws/install/aurora_arm' for CMake config files
[1.017s] Level 1:colcon.colcon_core.environment:checking '/home/fuga1129/arm_sim_ws/install/aurora_arm/lib'
[1.017s] Level 1:colcon.colcon_core.environment:checking '/home/fuga1129/arm_sim_ws/install/aurora_arm/bin'
[1.017s] Level 1:colcon.colcon_core.environment:checking '/home/fuga1129/arm_sim_ws/install/aurora_arm/lib/pkgconfig/aurora_arm.pc'
[1.017s] Level 1:colcon.colcon_core.environment:checking '/home/fuga1129/arm_sim_ws/install/aurora_arm/lib/python3.10/site-packages'
[1.017s] Level 1:colcon.colcon_core.shell:create_environment_hook('aurora_arm', 'pythonpath')
[1.017s] INFO:colcon.colcon_core.shell:Creating environment hook '/home/fuga1129/arm_sim_ws/install/aurora_arm/share/aurora_arm/hook/pythonpath.ps1'
[1.017s] INFO:colcon.colcon_core.shell:Creating environment descriptor '/home/fuga1129/arm_sim_ws/install/aurora_arm/share/aurora_arm/hook/pythonpath.dsv'
[1.018s] INFO:colcon.colcon_core.shell:Creating environment hook '/home/fuga1129/arm_sim_ws/install/aurora_arm/share/aurora_arm/hook/pythonpath.sh'
[1.018s] Level 1:colcon.colcon_core.environment:checking '/home/fuga1129/arm_sim_ws/install/aurora_arm/bin'
[1.018s] Level 1:colcon.colcon_core.environment:create_environment_scripts_only(aurora_arm)
[1.018s] INFO:colcon.colcon_core.shell:Creating package script '/home/fuga1129/arm_sim_ws/install/aurora_arm/share/aurora_arm/package.ps1'
[1.019s] INFO:colcon.colcon_core.shell:Creating package descriptor '/home/fuga1129/arm_sim_ws/install/aurora_arm/share/aurora_arm/package.dsv'
[1.019s] INFO:colcon.colcon_core.shell:Creating package script '/home/fuga1129/arm_sim_ws/install/aurora_arm/share/aurora_arm/package.sh'
[1.019s] INFO:colcon.colcon_core.shell:Creating package script '/home/fuga1129/arm_sim_ws/install/aurora_arm/share/aurora_arm/package.bash'
[1.020s] INFO:colcon.colcon_core.shell:Creating package script '/home/fuga1129/arm_sim_ws/install/aurora_arm/share/aurora_arm/package.zsh'
[1.020s] Level 1:colcon.colcon_core.environment:create_file_with_runtime_dependencies(/home/fuga1129/arm_sim_ws/install/aurora_arm/share/colcon-core/packages/aurora_arm)
[1.020s] INFO:colcon.colcon_ros.task.ament_cmake.build:Building ROS package in '/home/fuga1129/arm_sim_ws/src/aurora_arm_moveit' with build type 'ament_cmake'
[1.020s] INFO:colcon.colcon_cmake.task.cmake.build:Building CMake package in '/home/fuga1129/arm_sim_ws/src/aurora_arm_moveit'
[1.020s] INFO:colcon.colcon_core.shell:Skip shell extension 'powershell' for command environment: Not usable outside of PowerShell
[1.020s] DEBUG:colcon.colcon_core.shell:Skip shell extension 'dsv' for command environment
[1.025s] Level 1:colcon.colcon_core.environment:checking '/home/fuga1129/arm_sim_ws/install/aurora_arm_v2' for CMake module files
[1.026s] Level 1:colcon.colcon_core.environment:checking '/home/fuga1129/arm_sim_ws/install/aurora_arm_v2' for CMake config files
[1.026s] DEBUG:colcon.colcon_core.event_handler.log_command:Invoked command in '/home/fuga1129/arm_sim_ws/src/aurora_arm_v2' returned '0': PYTHONPATH=/home/fuga1129/arm_sim_ws/build/aurora_arm_v2/prefix_override:/usr/lib/python3/dist-packages/colcon_core/task/python/colcon_distutils_commands:/home/fuga1129/arm_sim_ws/install/aurora_arm_v2/lib/python3.10/site-packages:${PYTHONPATH} /usr/bin/python3 -W ignore:setup.py install is deprecated -W ignore:easy_install command is deprecated setup.py egg_info --egg-base ../../build/aurora_arm_v2 build --build-base /home/fuga1129/arm_sim_ws/build/aurora_arm_v2/build install --record /home/fuga1129/arm_sim_ws/build/aurora_arm_v2/install.log --single-version-externally-managed install_data
[1.027s] Level 1:colcon.colcon_core.environment:checking '/home/fuga1129/arm_sim_ws/install/aurora_arm_v2/lib'
[1.027s] Level 1:colcon.colcon_core.environment:checking '/home/fuga1129/arm_sim_ws/install/aurora_arm_v2/bin'
[1.027s] Level 1:colcon.colcon_core.environment:checking '/home/fuga1129/arm_sim_ws/install/aurora_arm_v2/lib/pkgconfig/aurora_arm_v2.pc'
[1.027s] Level 1:colcon.colcon_core.environment:checking '/home/fuga1129/arm_sim_ws/install/aurora_arm_v2/lib/python3.10/site-packages'
[1.027s] Level 1:colcon.colcon_core.shell:create_environment_hook('aurora_arm_v2', 'pythonpath')
[1.027s] INFO:colcon.colcon_core.shell:Creating environment hook '/home/fuga1129/arm_sim_ws/install/aurora_arm_v2/share/aurora_arm_v2/hook/pythonpath.ps1'
[1.028s] INFO:colcon.colcon_core.shell:Creating environment descriptor '/home/fuga1129/arm_sim_ws/install/aurora_arm_v2/share/aurora_arm_v2/hook/pythonpath.dsv'
[1.028s] INFO:colcon.colcon_core.shell:Creating environment hook '/home/fuga1129/arm_sim_ws/install/aurora_arm_v2/share/aurora_arm_v2/hook/pythonpath.sh'
[1.028s] Level 1:colcon.colcon_core.environment:checking '/home/fuga1129/arm_sim_ws/install/aurora_arm_v2/bin'
[1.028s] Level 1:colcon.colcon_core.environment:create_environment_scripts_only(aurora_arm_v2)
[1.029s] INFO:colcon.colcon_core.shell:Creating package script '/home/fuga1129/arm_sim_ws/install/aurora_arm_v2/share/aurora_arm_v2/package.ps1'
[1.029s] INFO:colcon.colcon_core.shell:Creating package descriptor '/home/fuga1129/arm_sim_ws/install/aurora_arm_v2/share/aurora_arm_v2/package.dsv'
[1.029s] INFO:colcon.colcon_core.shell:Creating package script '/home/fuga1129/arm_sim_ws/install/aurora_arm_v2/share/aurora_arm_v2/package.sh'
[1.029s] INFO:colcon.colcon_core.shell:Creating package script '/home/fuga1129/arm_sim_ws/install/aurora_arm_v2/share/aurora_arm_v2/package.bash'
[1.029s] INFO:colcon.colcon_core.shell:Creating package script '/home/fuga1129/arm_sim_ws/install/aurora_arm_v2/share/aurora_arm_v2/package.zsh'
[1.029s] Level 1:colcon.colcon_core.environment:create_file_with_runtime_dependencies(/home/fuga1129/arm_sim_ws/install/aurora_arm_v2/share/colcon-core/packages/aurora_arm_v2)
[1.030s] INFO:colcon.colcon_ros.task.ament_cmake.build:Building ROS package in '/home/fuga1129/arm_sim_ws/src/arm_moveit_v2' with build type 'ament_cmake'
[1.030s] INFO:colcon.colcon_cmake.task.cmake.build:Building CMake package in '/home/fuga1129/arm_sim_ws/src/arm_moveit_v2'
[1.030s] INFO:colcon.colcon_core.shell:Skip shell extension 'powershell' for command environment: Not usable outside of PowerShell
[1.030s] DEBUG:colcon.colcon_core.shell:Skip shell extension 'dsv' for command environment
[1.037s] DEBUG:colcon.colcon_core.event_handler.log_command:Invoking command in '/home/fuga1129/arm_sim_ws/build/aurora_arm_moveit': AMENT_PREFIX_PATH=/home/fuga1129/arm_sim_ws/install/aurora_arm:/home/fuga1129/arm_sim_ws/install/arm_moveit_v2:/home/fuga1129/arm_sim_ws/install/aurora_arm_v2:/home/fuga1129/arm_sim_ws/install/aurora_arm_moveit:/home/fuga1129/moveit2_ws/install/pilz_industrial_motion_planner_testutils:/home/fuga1129/moveit2_ws/install/moveit_runtime:/home/fuga1129/moveit2_ws/install/moveit2_tutorials:/home/fuga1129/moveit2_ws/install/moveit:/home/fuga1129/moveit2_ws/install/moveit_planners:/home/fuga1129/moveit2_ws/install/pilz_industrial_motion_planner:/home/fuga1129/moveit2_ws/install/moveit_visual_tools:/home/fuga1129/moveit2_ws/install/moveit_task_constructor_visualization:/home/fuga1129/moveit2_ws/install/moveit_task_constructor_demo:/home/fuga1129/moveit2_ws/install/moveit_task_constructor_capabilities:/home/fuga1129/moveit2_ws/install/moveit_task_constructor_core:/home/fuga1129/moveit2_ws/install/moveit_ros_control_interface:/home/fuga1129/moveit2_ws/install/moveit_plugins:/home/fuga1129/moveit2_ws/install/moveit_simple_controller_manager:/home/fuga1129/moveit2_ws/install/moveit_setup_assistant:/home/fuga1129/moveit2_ws/install/moveit_setup_srdf_plugins:/home/fuga1129/moveit2_ws/install/moveit_setup_core_plugins:/home/fuga1129/moveit2_ws/install/moveit_setup_controllers:/home/fuga1129/moveit2_ws/install/moveit_setup_app_plugins:/home/fuga1129/moveit2_ws/install/moveit_setup_framework:/home/fuga1129/moveit2_ws/install/moveit_servo:/home/fuga1129/moveit2_ws/install/moveit_ros:/home/fuga1129/moveit2_ws/install/moveit_ros_visualization:/home/fuga1129/moveit2_ws/install/moveit_hybrid_planning:/home/fuga1129/moveit2_ws/install/moveit_ros_planning_interface:/home/fuga1129/moveit2_ws/install/moveit_ros_benchmarks:/home/fuga1129/moveit2_ws/install/moveit_ros_warehouse:/home/fuga1129/moveit2_ws/install/moveit_ros_robot_interaction:/home/fuga1129/moveit2_ws/install/moveit_ros_perception:/home/fuga1129/moveit2_ws/install/moveit_resources_prbt_pg70_support:/home/fuga1129/moveit2_ws/install/moveit_resources_prbt_moveit_config:/home/fuga1129/moveit2_ws/install/moveit_ros_move_group:/home/fuga1129/moveit2_ws/install/moveit_planners_ompl:/home/fuga1129/moveit2_ws/install/moveit_ros_planning:/home/fuga1129/moveit2_ws/install/moveit_ros_occupancy_map_monitor:/home/fuga1129/moveit2_ws/install/moveit_resources_prbt_ikfast_manipulator_plugin:/home/fuga1129/moveit2_ws/install/moveit_planners_chomp:/home/fuga1129/moveit2_ws/install/moveit_kinematics:/home/fuga1129/moveit2_ws/install/moveit_chomp_optimizer_adapter:/home/fuga1129/moveit2_ws/install/chomp_motion_planner:/home/fuga1129/moveit2_ws/install/moveit_core:/home/fuga1129/moveit2_ws/install/moveit_configs_utils:/home/fuga1129/moveit2_ws/install/srdfdom:/home/fuga1129/moveit2_ws/install/rviz_marker_tools:/home/fuga1129/moveit2_ws/install/rosparam_shortcuts:/home/fuga1129/moveit2_ws/install/moveit_task_constructor_msgs:/home/fuga1129/moveit2_ws/install/moveit_resources_prbt_support:/home/fuga1129/moveit2_ws/install/moveit_resources:/home/fuga1129/moveit2_ws/install/moveit_resources_pr2_description:/home/fuga1129/moveit2_ws/install/moveit_resources_panda_moveit_config:/home/fuga1129/moveit2_ws/install/moveit_resources_panda_description:/home/fuga1129/moveit2_ws/install/moveit_resources_fanuc_moveit_config:/home/fuga1129/moveit2_ws/install/moveit_resources_fanuc_description:/home/fuga1129/moveit2_ws/install/moveit_common:/home/fuga1129/moveit2_ws/install/launch_param_builder:/opt/ros/humble CMAKE_PREFIX_PATH=${CMAKE_PREFIX_PATH}:/home/fuga1129/arm_sim_ws/install/aurora_arm_v2:/home/fuga1129/arm_sim_ws/install/aurora_arm:/home/fuga1129/moveit2_ws/install/moveit_configs_utils:/home/fuga1129/moveit2_ws/install/launch_param_builder:/opt/ros/humble PYTHONPATH=/home/fuga1129/arm_sim_ws/install/aurora_arm/lib/python3.10/site-packages:/home/fuga1129/arm_sim_ws/install/aurora_arm_v2/lib/python3.10/site-packages:/home/fuga1129/moveit2_ws/install/moveit_task_constructor_core/local/lib/python3.10/dist-packages:/home/fuga1129/moveit2_ws/install/moveit_configs_utils/lib/python3.10/site-packages:/home/fuga1129/moveit2_ws/install/srdfdom/local/lib/python3.10/dist-packages:/home/fuga1129/moveit2_ws/install/moveit_task_constructor_msgs/local/lib/python3.10/dist-packages:/home/fuga1129/moveit2_ws/install/launch_param_builder/lib/python3.10/site-packages:/opt/ros/humble/lib/python3.10/site-packages:/opt/ros/humble/local/lib/python3.10/dist-packages /usr/bin/cmake --build /home/fuga1129/arm_sim_ws/build/aurora_arm_moveit -- -j12 -l12
[1.041s] DEBUG:colcon.colcon_core.event_handler.log_command:Invoking command in '/home/fuga1129/arm_sim_ws/build/arm_moveit_v2': AMENT_PREFIX_PATH=/home/fuga1129/arm_sim_ws/install/aurora_arm_v2:/home/fuga1129/arm_sim_ws/install/arm_moveit_v2:/home/fuga1129/arm_sim_ws/install/aurora_arm_moveit:/home/fuga1129/arm_sim_ws/install/aurora_arm:/home/fuga1129/moveit2_ws/install/pilz_industrial_motion_planner_testutils:/home/fuga1129/moveit2_ws/install/moveit_runtime:/home/fuga1129/moveit2_ws/install/moveit2_tutorials:/home/fuga1129/moveit2_ws/install/moveit:/home/fuga1129/moveit2_ws/install/moveit_planners:/home/fuga1129/moveit2_ws/install/pilz_industrial_motion_planner:/home/fuga1129/moveit2_ws/install/moveit_visual_tools:/home/fuga1129/moveit2_ws/install/moveit_task_constructor_visualization:/home/fuga1129/moveit2_ws/install/moveit_task_constructor_demo:/home/fuga1129/moveit2_ws/install/moveit_task_constructor_capabilities:/home/fuga1129/moveit2_ws/install/moveit_task_constructor_core:/home/fuga1129/moveit2_ws/install/moveit_ros_control_interface:/home/fuga1129/moveit2_ws/install/moveit_plugins:/home/fuga1129/moveit2_ws/install/moveit_simple_controller_manager:/home/fuga1129/moveit2_ws/install/moveit_setup_assistant:/home/fuga1129/moveit2_ws/install/moveit_setup_srdf_plugins:/home/fuga1129/moveit2_ws/install/moveit_setup_core_plugins:/home/fuga1129/moveit2_ws/install/moveit_setup_controllers:/home/fuga1129/moveit2_ws/install/moveit_setup_app_plugins:/home/fuga1129/moveit2_ws/install/moveit_setup_framework:/home/fuga1129/moveit2_ws/install/moveit_servo:/home/fuga1129/moveit2_ws/install/moveit_ros:/home/fuga1129/moveit2_ws/install/moveit_ros_visualization:/home/fuga1129/moveit2_ws/install/moveit_hybrid_planning:/home/fuga1129/moveit2_ws/install/moveit_ros_planning_interface:/home/fuga1129/moveit2_ws/install/moveit_ros_benchmarks:/home/fuga1129/moveit2_ws/install/moveit_ros_warehouse:/home/fuga1129/moveit2_ws/install/moveit_ros_robot_interaction:/home/fuga1129/moveit2_ws/install/moveit_ros_perception:/home/fuga1129/moveit2_ws/install/moveit_resources_prbt_pg70_support:/home/fuga1129/moveit2_ws/install/moveit_resources_prbt_moveit_config:/home/fuga1129/moveit2_ws/install/moveit_ros_move_group:/home/fuga1129/moveit2_ws/install/moveit_planners_ompl:/home/fuga1129/moveit2_ws/install/moveit_ros_planning:/home/fuga1129/moveit2_ws/install/moveit_ros_occupancy_map_monitor:/home/fuga1129/moveit2_ws/install/moveit_resources_prbt_ikfast_manipulator_plugin:/home/fuga1129/moveit2_ws/install/moveit_planners_chomp:/home/fuga1129/moveit2_ws/install/moveit_kinematics:/home/fuga1129/moveit2_ws/install/moveit_chomp_optimizer_adapter:/home/fuga1129/moveit2_ws/install/chomp_motion_planner:/home/fuga1129/moveit2_ws/install/moveit_core:/home/fuga1129/moveit2_ws/install/moveit_configs_utils:/home/fuga1129/moveit2_ws/install/srdfdom:/home/fuga1129/moveit2_ws/install/rviz_marker_tools:/home/fuga1129/moveit2_ws/install/rosparam_shortcuts:/home/fuga1129/moveit2_ws/install/moveit_task_constructor_msgs:/home/fuga1129/moveit2_ws/install/moveit_resources_prbt_support:/home/fuga1129/moveit2_ws/install/moveit_resources:/home/fuga1129/moveit2_ws/install/moveit_resources_pr2_description:/home/fuga1129/moveit2_ws/install/moveit_resources_panda_moveit_config:/home/fuga1129/moveit2_ws/install/moveit_resources_panda_description:/home/fuga1129/moveit2_ws/install/moveit_resources_fanuc_moveit_config:/home/fuga1129/moveit2_ws/install/moveit_resources_fanuc_description:/home/fuga1129/moveit2_ws/install/moveit_common:/home/fuga1129/moveit2_ws/install/launch_param_builder:/opt/ros/humble CMAKE_PREFIX_PATH=${CMAKE_PREFIX_PATH}:/home/fuga1129/arm_sim_ws/install/aurora_arm_v2:/home/fuga1129/arm_sim_ws/install/aurora_arm:/home/fuga1129/moveit2_ws/install/moveit_configs_utils:/home/fuga1129/moveit2_ws/install/launch_param_builder:/opt/ros/humble /usr/bin/cmake --build /home/fuga1129/arm_sim_ws/build/arm_moveit_v2 -- -j12 -l12
[1.081s] DEBUG:colcon.colcon_core.event_handler.log_command:Invoked command in '/home/fuga1129/arm_sim_ws/build/arm_moveit_v2' returned '0': AMENT_PREFIX_PATH=/home/fuga1129/arm_sim_ws/install/aurora_arm_v2:/home/fuga1129/arm_sim_ws/install/arm_moveit_v2:/home/fuga1129/arm_sim_ws/install/aurora_arm_moveit:/home/fuga1129/arm_sim_ws/install/aurora_arm:/home/fuga1129/moveit2_ws/install/pilz_industrial_motion_planner_testutils:/home/fuga1129/moveit2_ws/install/moveit_runtime:/home/fuga1129/moveit2_ws/install/moveit2_tutorials:/home/fuga1129/moveit2_ws/install/moveit:/home/fuga1129/moveit2_ws/install/moveit_planners:/home/fuga1129/moveit2_ws/install/pilz_industrial_motion_planner:/home/fuga1129/moveit2_ws/install/moveit_visual_tools:/home/fuga1129/moveit2_ws/install/moveit_task_constructor_visualization:/home/fuga1129/moveit2_ws/install/moveit_task_constructor_demo:/home/fuga1129/moveit2_ws/install/moveit_task_constructor_capabilities:/home/fuga1129/moveit2_ws/install/moveit_task_constructor_core:/home/fuga1129/moveit2_ws/install/moveit_ros_control_interface:/home/fuga1129/moveit2_ws/install/moveit_plugins:/home/fuga1129/moveit2_ws/install/moveit_simple_controller_manager:/home/fuga1129/moveit2_ws/install/moveit_setup_assistant:/home/fuga1129/moveit2_ws/install/moveit_setup_srdf_plugins:/home/fuga1129/moveit2_ws/install/moveit_setup_core_plugins:/home/fuga1129/moveit2_ws/install/moveit_setup_controllers:/home/fuga1129/moveit2_ws/install/moveit_setup_app_plugins:/home/fuga1129/moveit2_ws/install/moveit_setup_framework:/home/fuga1129/moveit2_ws/install/moveit_servo:/home/fuga1129/moveit2_ws/install/moveit_ros:/home/fuga1129/moveit2_ws/install/moveit_ros_visualization:/home/fuga1129/moveit2_ws/install/moveit_hybrid_planning:/home/fuga1129/moveit2_ws/install/moveit_ros_planning_interface:/home/fuga1129/moveit2_ws/install/moveit_ros_benchmarks:/home/fuga1129/moveit2_ws/install/moveit_ros_warehouse:/home/fuga1129/moveit2_ws/install/moveit_ros_robot_interaction:/home/fuga1129/moveit2_ws/install/moveit_ros_perception:/home/fuga1129/moveit2_ws/install/moveit_resources_prbt_pg70_support:/home/fuga1129/moveit2_ws/install/moveit_resources_prbt_moveit_config:/home/fuga1129/moveit2_ws/install/moveit_ros_move_group:/home/fuga1129/moveit2_ws/install/moveit_planners_ompl:/home/fuga1129/moveit2_ws/install/moveit_ros_planning:/home/fuga1129/moveit2_ws/install/moveit_ros_occupancy_map_monitor:/home/fuga1129/moveit2_ws/install/moveit_resources_prbt_ikfast_manipulator_plugin:/home/fuga1129/moveit2_ws/install/moveit_planners_chomp:/home/fuga1129/moveit2_ws/install/moveit_kinematics:/home/fuga1129/moveit2_ws/install/moveit_chomp_optimizer_adapter:/home/fuga1129/moveit2_ws/install/chomp_motion_planner:/home/fuga1129/moveit2_ws/install/moveit_core:/home/fuga1129/moveit2_ws/install/moveit_configs_utils:/home/fuga1129/moveit2_ws/install/srdfdom:/home/fuga1129/moveit2_ws/install/rviz_marker_tools:/home/fuga1129/moveit2_ws/install/rosparam_shortcuts:/home/fuga1129/moveit2_ws/install/moveit_task_constructor_msgs:/home/fuga1129/moveit2_ws/install/moveit_resources_prbt_support:/home/fuga1129/moveit2_ws/install/moveit_resources:/home/fuga1129/moveit2_ws/install/moveit_resources_pr2_description:/home/fuga1129/moveit2_ws/install/moveit_resources_panda_moveit_config:/home/fuga1129/moveit2_ws/install/moveit_resources_panda_description:/home/fuga1129/moveit2_ws/install/moveit_resources_fanuc_moveit_config:/home/fuga1129/moveit2_ws/install/moveit_resources_fanuc_description:/home/fuga1129/moveit2_ws/install/moveit_common:/home/fuga1129/moveit2_ws/install/launch_param_builder:/opt/ros/humble CMAKE_PREFIX_PATH=${CMAKE_PREFIX_PATH}:/home/fuga1129/arm_sim_ws/install/aurora_arm_v2:/home/fuga1129/arm_sim_ws/install/aurora_arm:/home/fuga1129/moveit2_ws/install/moveit_configs_utils:/home/fuga1129/moveit2_ws/install/launch_param_builder:/opt/ros/humble /usr/bin/cmake --build /home/fuga1129/arm_sim_ws/build/arm_moveit_v2 -- -j12 -l12
[1.091s] DEBUG:colcon.colcon_core.event_handler.log_command:Invoking command in '/home/fuga1129/arm_sim_ws/build/arm_moveit_v2': AMENT_PREFIX_PATH=/home/fuga1129/arm_sim_ws/install/aurora_arm_v2:/home/fuga1129/arm_sim_ws/install/arm_moveit_v2:/home/fuga1129/arm_sim_ws/install/aurora_arm_moveit:/home/fuga1129/arm_sim_ws/install/aurora_arm:/home/fuga1129/moveit2_ws/install/pilz_industrial_motion_planner_testutils:/home/fuga1129/moveit2_ws/install/moveit_runtime:/home/fuga1129/moveit2_ws/install/moveit2_tutorials:/home/fuga1129/moveit2_ws/install/moveit:/home/fuga1129/moveit2_ws/install/moveit_planners:/home/fuga1129/moveit2_ws/install/pilz_industrial_motion_planner:/home/fuga1129/moveit2_ws/install/moveit_visual_tools:/home/fuga1129/moveit2_ws/install/moveit_task_constructor_visualization:/home/fuga1129/moveit2_ws/install/moveit_task_constructor_demo:/home/fuga1129/moveit2_ws/install/moveit_task_constructor_capabilities:/home/fuga1129/moveit2_ws/install/moveit_task_constructor_core:/home/fuga1129/moveit2_ws/install/moveit_ros_control_interface:/home/fuga1129/moveit2_ws/install/moveit_plugins:/home/fuga1129/moveit2_ws/install/moveit_simple_controller_manager:/home/fuga1129/moveit2_ws/install/moveit_setup_assistant:/home/fuga1129/moveit2_ws/install/moveit_setup_srdf_plugins:/home/fuga1129/moveit2_ws/install/moveit_setup_core_plugins:/home/fuga1129/moveit2_ws/install/moveit_setup_controllers:/home/fuga1129/moveit2_ws/install/moveit_setup_app_plugins:/home/fuga1129/moveit2_ws/install/moveit_setup_framework:/home/fuga1129/moveit2_ws/install/moveit_servo:/home/fuga1129/moveit2_ws/install/moveit_ros:/home/fuga1129/moveit2_ws/install/moveit_ros_visualization:/home/fuga1129/moveit2_ws/install/moveit_hybrid_planning:/home/fuga1129/moveit2_ws/install/moveit_ros_planning_interface:/home/fuga1129/moveit2_ws/install/moveit_ros_benchmarks:/home/fuga1129/moveit2_ws/install/moveit_ros_warehouse:/home/fuga1129/moveit2_ws/install/moveit_ros_robot_interaction:/home/fuga1129/moveit2_ws/install/moveit_ros_perception:/home/fuga1129/moveit2_ws/install/moveit_resources_prbt_pg70_support:/home/fuga1129/moveit2_ws/install/moveit_resources_prbt_moveit_config:/home/fuga1129/moveit2_ws/install/moveit_ros_move_group:/home/fuga1129/moveit2_ws/install/moveit_planners_ompl:/home/fuga1129/moveit2_ws/install/moveit_ros_planning:/home/fuga1129/moveit2_ws/install/moveit_ros_occupancy_map_monitor:/home/fuga1129/moveit2_ws/install/moveit_resources_prbt_ikfast_manipulator_plugin:/home/fuga1129/moveit2_ws/install/moveit_planners_chomp:/home/fuga1129/moveit2_ws/install/moveit_kinematics:/home/fuga1129/moveit2_ws/install/moveit_chomp_optimizer_adapter:/home/fuga1129/moveit2_ws/install/chomp_motion_planner:/home/fuga1129/moveit2_ws/install/moveit_core:/home/fuga1129/moveit2_ws/install/moveit_configs_utils:/home/fuga1129/moveit2_ws/install/srdfdom:/home/fuga1129/moveit2_ws/install/rviz_marker_tools:/home/fuga1129/moveit2_ws/install/rosparam_shortcuts:/home/fuga1129/moveit2_ws/install/moveit_task_constructor_msgs:/home/fuga1129/moveit2_ws/install/moveit_resources_prbt_support:/home/fuga1129/moveit2_ws/install/moveit_resources:/home/fuga1129/moveit2_ws/install/moveit_resources_pr2_description:/home/fuga1129/moveit2_ws/install/moveit_resources_panda_moveit_config:/home/fuga1129/moveit2_ws/install/moveit_resources_panda_description:/home/fuga1129/moveit2_ws/install/moveit_resources_fanuc_moveit_config:/home/fuga1129/moveit2_ws/install/moveit_resources_fanuc_description:/home/fuga1129/moveit2_ws/install/moveit_common:/home/fuga1129/moveit2_ws/install/launch_param_builder:/opt/ros/humble CMAKE_PREFIX_PATH=${CMAKE_PREFIX_PATH}:/home/fuga1129/arm_sim_ws/install/aurora_arm_v2:/home/fuga1129/arm_sim_ws/install/aurora_arm:/home/fuga1129/moveit2_ws/install/moveit_configs_utils:/home/fuga1129/moveit2_ws/install/launch_param_builder:/opt/ros/humble /usr/bin/cmake --install /home/fuga1129/arm_sim_ws/build/arm_moveit_v2
[1.093s] DEBUG:colcon.colcon_core.event_handler.log_command:Invoked command in '/home/fuga1129/arm_sim_ws/build/aurora_arm_moveit' returned '0': AMENT_PREFIX_PATH=/home/fuga1129/arm_sim_ws/install/aurora_arm:/home/fuga1129/arm_sim_ws/install/arm_moveit_v2:/home/fuga1129/arm_sim_ws/install/aurora_arm_v2:/home/fuga1129/arm_sim_ws/install/aurora_arm_moveit:/home/fuga1129/moveit2_ws/install/pilz_industrial_motion_planner_testutils:/home/fuga1129/moveit2_ws/install/moveit_runtime:/home/fuga1129/moveit2_ws/install/moveit2_tutorials:/home/fuga1129/moveit2_ws/install/moveit:/home/fuga1129/moveit2_ws/install/moveit_planners:/home/fuga1129/moveit2_ws/install/pilz_industrial_motion_planner:/home/fuga1129/moveit2_ws/install/moveit_visual_tools:/home/fuga1129/moveit2_ws/install/moveit_task_constructor_visualization:/home/fuga1129/moveit2_ws/install/moveit_task_constructor_demo:/home/fuga1129/moveit2_ws/install/moveit_task_constructor_capabilities:/home/fuga1129/moveit2_ws/install/moveit_task_constructor_core:/home/fuga1129/moveit2_ws/install/moveit_ros_control_interface:/home/fuga1129/moveit2_ws/install/moveit_plugins:/home/fuga1129/moveit2_ws/install/moveit_simple_controller_manager:/home/fuga1129/moveit2_ws/install/moveit_setup_assistant:/home/fuga1129/moveit2_ws/install/moveit_setup_srdf_plugins:/home/fuga1129/moveit2_ws/install/moveit_setup_core_plugins:/home/fuga1129/moveit2_ws/install/moveit_setup_controllers:/home/fuga1129/moveit2_ws/install/moveit_setup_app_plugins:/home/fuga1129/moveit2_ws/install/moveit_setup_framework:/home/fuga1129/moveit2_ws/install/moveit_servo:/home/fuga1129/moveit2_ws/install/moveit_ros:/home/fuga1129/moveit2_ws/install/moveit_ros_visualization:/home/fuga1129/moveit2_ws/install/moveit_hybrid_planning:/home/fuga1129/moveit2_ws/install/moveit_ros_planning_interface:/home/fuga1129/moveit2_ws/install/moveit_ros_benchmarks:/home/fuga1129/moveit2_ws/install/moveit_ros_warehouse:/home/fuga1129/moveit2_ws/install/moveit_ros_robot_interaction:/home/fuga1129/moveit2_ws/install/moveit_ros_perception:/home/fuga1129/moveit2_ws/install/moveit_resources_prbt_pg70_support:/home/fuga1129/moveit2_ws/install/moveit_resources_prbt_moveit_config:/home/fuga1129/moveit2_ws/install/moveit_ros_move_group:/home/fuga1129/moveit2_ws/install/moveit_planners_ompl:/home/fuga1129/moveit2_ws/install/moveit_ros_planning:/home/fuga1129/moveit2_ws/install/moveit_ros_occupancy_map_monitor:/home/fuga1129/moveit2_ws/install/moveit_resources_prbt_ikfast_manipulator_plugin:/home/fuga1129/moveit2_ws/install/moveit_planners_chomp:/home/fuga1129/moveit2_ws/install/moveit_kinematics:/home/fuga1129/moveit2_ws/install/moveit_chomp_optimizer_adapter:/home/fuga1129/moveit2_ws/install/chomp_motion_planner:/home/fuga1129/moveit2_ws/install/moveit_core:/home/fuga1129/moveit2_ws/install/moveit_configs_utils:/home/fuga1129/moveit2_ws/install/srdfdom:/home/fuga1129/moveit2_ws/install/rviz_marker_tools:/home/fuga1129/moveit2_ws/install/rosparam_shortcuts:/home/fuga1129/moveit2_ws/install/moveit_task_constructor_msgs:/home/fuga1129/moveit2_ws/install/moveit_resources_prbt_support:/home/fuga1129/moveit2_ws/install/moveit_resources:/home/fuga1129/moveit2_ws/install/moveit_resources_pr2_description:/home/fuga1129/moveit2_ws/install/moveit_resources_panda_moveit_config:/home/fuga1129/moveit2_ws/install/moveit_resources_panda_description:/home/fuga1129/moveit2_ws/install/moveit_resources_fanuc_moveit_config:/home/fuga1129/moveit2_ws/install/moveit_resources_fanuc_description:/home/fuga1129/moveit2_ws/install/moveit_common:/home/fuga1129/moveit2_ws/install/launch_param_builder:/opt/ros/humble CMAKE_PREFIX_PATH=${CMAKE_PREFIX_PATH}:/home/fuga1129/arm_sim_ws/install/aurora_arm_v2:/home/fuga1129/arm_sim_ws/install/aurora_arm:/home/fuga1129/moveit2_ws/install/moveit_configs_utils:/home/fuga1129/moveit2_ws/install/launch_param_builder:/opt/ros/humble PYTHONPATH=/home/fuga1129/arm_sim_ws/install/aurora_arm/lib/python3.10/site-packages:/home/fuga1129/arm_sim_ws/install/aurora_arm_v2/lib/python3.10/site-packages:/home/fuga1129/moveit2_ws/install/moveit_task_constructor_core/local/lib/python3.10/dist-packages:/home/fuga1129/moveit2_ws/install/moveit_configs_utils/lib/python3.10/site-packages:/home/fuga1129/moveit2_ws/install/srdfdom/local/lib/python3.10/dist-packages:/home/fuga1129/moveit2_ws/install/moveit_task_constructor_msgs/local/lib/python3.10/dist-packages:/home/fuga1129/moveit2_ws/install/launch_param_builder/lib/python3.10/site-packages:/opt/ros/humble/lib/python3.10/site-packages:/opt/ros/humble/local/lib/python3.10/dist-packages /usr/bin/cmake --build /home/fuga1129/arm_sim_ws/build/aurora_arm_moveit -- -j12 -l12
[1.094s] DEBUG:colcon.colcon_core.event_handler.log_command:Invoking command in '/home/fuga1129/arm_sim_ws/build/aurora_arm_moveit': AMENT_PREFIX_PATH=/home/fuga1129/arm_sim_ws/install/aurora_arm:/home/fuga1129/arm_sim_ws/install/arm_moveit_v2:/home/fuga1129/arm_sim_ws/install/aurora_arm_v2:/home/fuga1129/arm_sim_ws/install/aurora_arm_moveit:/home/fuga1129/moveit2_ws/install/pilz_industrial_motion_planner_testutils:/home/fuga1129/moveit2_ws/install/moveit_runtime:/home/fuga1129/moveit2_ws/install/moveit2_tutorials:/home/fuga1129/moveit2_ws/install/moveit:/home/fuga1129/moveit2_ws/install/moveit_planners:/home/fuga1129/moveit2_ws/install/pilz_industrial_motion_planner:/home/fuga1129/moveit2_ws/install/moveit_visual_tools:/home/fuga1129/moveit2_ws/install/moveit_task_constructor_visualization:/home/fuga1129/moveit2_ws/install/moveit_task_constructor_demo:/home/fuga1129/moveit2_ws/install/moveit_task_constructor_capabilities:/home/fuga1129/moveit2_ws/install/moveit_task_constructor_core:/home/fuga1129/moveit2_ws/install/moveit_ros_control_interface:/home/fuga1129/moveit2_ws/install/moveit_plugins:/home/fuga1129/moveit2_ws/install/moveit_simple_controller_manager:/home/fuga1129/moveit2_ws/install/moveit_setup_assistant:/home/fuga1129/moveit2_ws/install/moveit_setup_srdf_plugins:/home/fuga1129/moveit2_ws/install/moveit_setup_core_plugins:/home/fuga1129/moveit2_ws/install/moveit_setup_controllers:/home/fuga1129/moveit2_ws/install/moveit_setup_app_plugins:/home/fuga1129/moveit2_ws/install/moveit_setup_framework:/home/fuga1129/moveit2_ws/install/moveit_servo:/home/fuga1129/moveit2_ws/install/moveit_ros:/home/fuga1129/moveit2_ws/install/moveit_ros_visualization:/home/fuga1129/moveit2_ws/install/moveit_hybrid_planning:/home/fuga1129/moveit2_ws/install/moveit_ros_planning_interface:/home/fuga1129/moveit2_ws/install/moveit_ros_benchmarks:/home/fuga1129/moveit2_ws/install/moveit_ros_warehouse:/home/fuga1129/moveit2_ws/install/moveit_ros_robot_interaction:/home/fuga1129/moveit2_ws/install/moveit_ros_perception:/home/fuga1129/moveit2_ws/install/moveit_resources_prbt_pg70_support:/home/fuga1129/moveit2_ws/install/moveit_resources_prbt_moveit_config:/home/fuga1129/moveit2_ws/install/moveit_ros_move_group:/home/fuga1129/moveit2_ws/install/moveit_planners_ompl:/home/fuga1129/moveit2_ws/install/moveit_ros_planning:/home/fuga1129/moveit2_ws/install/moveit_ros_occupancy_map_monitor:/home/fuga1129/moveit2_ws/install/moveit_resources_prbt_ikfast_manipulator_plugin:/home/fuga1129/moveit2_ws/install/moveit_planners_chomp:/home/fuga1129/moveit2_ws/install/moveit_kinematics:/home/fuga1129/moveit2_ws/install/moveit_chomp_optimizer_adapter:/home/fuga1129/moveit2_ws/install/chomp_motion_planner:/home/fuga1129/moveit2_ws/install/moveit_core:/home/fuga1129/moveit2_ws/install/moveit_configs_utils:/home/fuga1129/moveit2_ws/install/srdfdom:/home/fuga1129/moveit2_ws/install/rviz_marker_tools:/home/fuga1129/moveit2_ws/install/rosparam_shortcuts:/home/fuga1129/moveit2_ws/install/moveit_task_constructor_msgs:/home/fuga1129/moveit2_ws/install/moveit_resources_prbt_support:/home/fuga1129/moveit2_ws/install/moveit_resources:/home/fuga1129/moveit2_ws/install/moveit_resources_pr2_description:/home/fuga1129/moveit2_ws/install/moveit_resources_panda_moveit_config:/home/fuga1129/moveit2_ws/install/moveit_resources_panda_description:/home/fuga1129/moveit2_ws/install/moveit_resources_fanuc_moveit_config:/home/fuga1129/moveit2_ws/install/moveit_resources_fanuc_description:/home/fuga1129/moveit2_ws/install/moveit_common:/home/fuga1129/moveit2_ws/install/launch_param_builder:/opt/ros/humble CMAKE_PREFIX_PATH=${CMAKE_PREFIX_PATH}:/home/fuga1129/arm_sim_ws/install/aurora_arm_v2:/home/fuga1129/arm_sim_ws/install/aurora_arm:/home/fuga1129/moveit2_ws/install/moveit_configs_utils:/home/fuga1129/moveit2_ws/install/launch_param_builder:/opt/ros/humble PYTHONPATH=/home/fuga1129/arm_sim_ws/install/aurora_arm/lib/python3.10/site-packages:/home/fuga1129/arm_sim_ws/install/aurora_arm_v2/lib/python3.10/site-packages:/home/fuga1129/moveit2_ws/install/moveit_task_constructor_core/local/lib/python3.10/dist-packages:/home/fuga1129/moveit2_ws/install/moveit_configs_utils/lib/python3.10/site-packages:/home/fuga1129/moveit2_ws/install/srdfdom/local/lib/python3.10/dist-packages:/home/fuga1129/moveit2_ws/install/moveit_task_constructor_msgs/local/lib/python3.10/dist-packages:/home/fuga1129/moveit2_ws/install/launch_param_builder/lib/python3.10/site-packages:/opt/ros/humble/lib/python3.10/site-packages:/opt/ros/humble/local/lib/python3.10/dist-packages /usr/bin/cmake --install /home/fuga1129/arm_sim_ws/build/aurora_arm_moveit
[1.104s] Level 1:colcon.colcon_core.environment:create_environment_scripts_only(arm_moveit_v2)
[1.104s] Level 1:colcon.colcon_core.environment:checking '/home/fuga1129/arm_sim_ws/install/arm_moveit_v2' for CMake module files
[1.105s] DEBUG:colcon.colcon_core.event_handler.log_command:Invoked command in '/home/fuga1129/arm_sim_ws/build/arm_moveit_v2' returned '0': AMENT_PREFIX_PATH=/home/fuga1129/arm_sim_ws/install/aurora_arm_v2:/home/fuga1129/arm_sim_ws/install/arm_moveit_v2:/home/fuga1129/arm_sim_ws/install/aurora_arm_moveit:/home/fuga1129/arm_sim_ws/install/aurora_arm:/home/fuga1129/moveit2_ws/install/pilz_industrial_motion_planner_testutils:/home/fuga1129/moveit2_ws/install/moveit_runtime:/home/fuga1129/moveit2_ws/install/moveit2_tutorials:/home/fuga1129/moveit2_ws/install/moveit:/home/fuga1129/moveit2_ws/install/moveit_planners:/home/fuga1129/moveit2_ws/install/pilz_industrial_motion_planner:/home/fuga1129/moveit2_ws/install/moveit_visual_tools:/home/fuga1129/moveit2_ws/install/moveit_task_constructor_visualization:/home/fuga1129/moveit2_ws/install/moveit_task_constructor_demo:/home/fuga1129/moveit2_ws/install/moveit_task_constructor_capabilities:/home/fuga1129/moveit2_ws/install/moveit_task_constructor_core:/home/fuga1129/moveit2_ws/install/moveit_ros_control_interface:/home/fuga1129/moveit2_ws/install/moveit_plugins:/home/fuga1129/moveit2_ws/install/moveit_simple_controller_manager:/home/fuga1129/moveit2_ws/install/moveit_setup_assistant:/home/fuga1129/moveit2_ws/install/moveit_setup_srdf_plugins:/home/fuga1129/moveit2_ws/install/moveit_setup_core_plugins:/home/fuga1129/moveit2_ws/install/moveit_setup_controllers:/home/fuga1129/moveit2_ws/install/moveit_setup_app_plugins:/home/fuga1129/moveit2_ws/install/moveit_setup_framework:/home/fuga1129/moveit2_ws/install/moveit_servo:/home/fuga1129/moveit2_ws/install/moveit_ros:/home/fuga1129/moveit2_ws/install/moveit_ros_visualization:/home/fuga1129/moveit2_ws/install/moveit_hybrid_planning:/home/fuga1129/moveit2_ws/install/moveit_ros_planning_interface:/home/fuga1129/moveit2_ws/install/moveit_ros_benchmarks:/home/fuga1129/moveit2_ws/install/moveit_ros_warehouse:/home/fuga1129/moveit2_ws/install/moveit_ros_robot_interaction:/home/fuga1129/moveit2_ws/install/moveit_ros_perception:/home/fuga1129/moveit2_ws/install/moveit_resources_prbt_pg70_support:/home/fuga1129/moveit2_ws/install/moveit_resources_prbt_moveit_config:/home/fuga1129/moveit2_ws/install/moveit_ros_move_group:/home/fuga1129/moveit2_ws/install/moveit_planners_ompl:/home/fuga1129/moveit2_ws/install/moveit_ros_planning:/home/fuga1129/moveit2_ws/install/moveit_ros_occupancy_map_monitor:/home/fuga1129/moveit2_ws/install/moveit_resources_prbt_ikfast_manipulator_plugin:/home/fuga1129/moveit2_ws/install/moveit_planners_chomp:/home/fuga1129/moveit2_ws/install/moveit_kinematics:/home/fuga1129/moveit2_ws/install/moveit_chomp_optimizer_adapter:/home/fuga1129/moveit2_ws/install/chomp_motion_planner:/home/fuga1129/moveit2_ws/install/moveit_core:/home/fuga1129/moveit2_ws/install/moveit_configs_utils:/home/fuga1129/moveit2_ws/install/srdfdom:/home/fuga1129/moveit2_ws/install/rviz_marker_tools:/home/fuga1129/moveit2_ws/install/rosparam_shortcuts:/home/fuga1129/moveit2_ws/install/moveit_task_constructor_msgs:/home/fuga1129/moveit2_ws/install/moveit_resources_prbt_support:/home/fuga1129/moveit2_ws/install/moveit_resources:/home/fuga1129/moveit2_ws/install/moveit_resources_pr2_description:/home/fuga1129/moveit2_ws/install/moveit_resources_panda_moveit_config:/home/fuga1129/moveit2_ws/install/moveit_resources_panda_description:/home/fuga1129/moveit2_ws/install/moveit_resources_fanuc_moveit_config:/home/fuga1129/moveit2_ws/install/moveit_resources_fanuc_description:/home/fuga1129/moveit2_ws/install/moveit_common:/home/fuga1129/moveit2_ws/install/launch_param_builder:/opt/ros/humble CMAKE_PREFIX_PATH=${CMAKE_PREFIX_PATH}:/home/fuga1129/arm_sim_ws/install/aurora_arm_v2:/home/fuga1129/arm_sim_ws/install/aurora_arm:/home/fuga1129/moveit2_ws/install/moveit_configs_utils:/home/fuga1129/moveit2_ws/install/launch_param_builder:/opt/ros/humble /usr/bin/cmake --install /home/fuga1129/arm_sim_ws/build/arm_moveit_v2
[1.106s] Level 1:colcon.colcon_core.environment:checking '/home/fuga1129/arm_sim_ws/install/arm_moveit_v2' for CMake config files
[1.108s] Level 1:colcon.colcon_core.shell:create_environment_hook('arm_moveit_v2', 'cmake_prefix_path')
[1.108s] INFO:colcon.colcon_core.shell:Creating environment hook '/home/fuga1129/arm_sim_ws/install/arm_moveit_v2/share/arm_moveit_v2/hook/cmake_prefix_path.ps1'
[1.109s] INFO:colcon.colcon_core.shell:Creating environment descriptor '/home/fuga1129/arm_sim_ws/install/arm_moveit_v2/share/arm_moveit_v2/hook/cmake_prefix_path.dsv'
[1.109s] INFO:colcon.colcon_core.shell:Creating environment hook '/home/fuga1129/arm_sim_ws/install/arm_moveit_v2/share/arm_moveit_v2/hook/cmake_prefix_path.sh'
[1.110s] Level 1:colcon.colcon_core.environment:checking '/home/fuga1129/arm_sim_ws/install/arm_moveit_v2/bin'
[1.110s] Level 1:colcon.colcon_core.environment:checking '/home/fuga1129/arm_sim_ws/install/arm_moveit_v2/lib/pkgconfig/arm_moveit_v2.pc'
[1.110s] Level 1:colcon.colcon_core.environment:checking '/home/fuga1129/arm_sim_ws/install/arm_moveit_v2/lib/python3.10/site-packages'
[1.110s] Level 1:colcon.colcon_core.environment:checking '/home/fuga1129/arm_sim_ws/install/arm_moveit_v2/bin'
[1.111s] INFO:colcon.colcon_core.shell:Creating package script '/home/fuga1129/arm_sim_ws/install/arm_moveit_v2/share/arm_moveit_v2/package.ps1'
[1.111s] INFO:colcon.colcon_core.shell:Creating package descriptor '/home/fuga1129/arm_sim_ws/install/arm_moveit_v2/share/arm_moveit_v2/package.dsv'
[1.111s] INFO:colcon.colcon_core.shell:Creating package script '/home/fuga1129/arm_sim_ws/install/arm_moveit_v2/share/arm_moveit_v2/package.sh'
[1.112s] INFO:colcon.colcon_core.shell:Creating package script '/home/fuga1129/arm_sim_ws/install/arm_moveit_v2/share/arm_moveit_v2/package.bash'
[1.112s] INFO:colcon.colcon_core.shell:Creating package script '/home/fuga1129/arm_sim_ws/install/arm_moveit_v2/share/arm_moveit_v2/package.zsh'
[1.112s] Level 1:colcon.colcon_core.environment:create_file_with_runtime_dependencies(/home/fuga1129/arm_sim_ws/install/arm_moveit_v2/share/colcon-core/packages/arm_moveit_v2)
[1.113s] Level 1:colcon.colcon_core.environment:create_environment_scripts_only(arm_moveit_v2)
[1.113s] Level 1:colcon.colcon_core.environment:checking '/home/fuga1129/arm_sim_ws/install/arm_moveit_v2' for CMake module files
[1.114s] Level 1:colcon.colcon_core.environment:checking '/home/fuga1129/arm_sim_ws/install/arm_moveit_v2' for CMake config files
[1.114s] Level 1:colcon.colcon_core.shell:create_environment_hook('arm_moveit_v2', 'cmake_prefix_path')
[1.114s] INFO:colcon.colcon_core.shell:Creating environment hook '/home/fuga1129/arm_sim_ws/install/arm_moveit_v2/share/arm_moveit_v2/hook/cmake_prefix_path.ps1'
[1.114s] INFO:colcon.colcon_core.shell:Creating environment descriptor '/home/fuga1129/arm_sim_ws/install/arm_moveit_v2/share/arm_moveit_v2/hook/cmake_prefix_path.dsv'
[1.115s] INFO:colcon.colcon_core.shell:Creating environment hook '/home/fuga1129/arm_sim_ws/install/arm_moveit_v2/share/arm_moveit_v2/hook/cmake_prefix_path.sh'
[1.115s] Level 1:colcon.colcon_core.environment:checking '/home/fuga1129/arm_sim_ws/install/arm_moveit_v2/bin'
[1.115s] Level 1:colcon.colcon_core.environment:checking '/home/fuga1129/arm_sim_ws/install/arm_moveit_v2/lib/pkgconfig/arm_moveit_v2.pc'
[1.115s] Level 1:colcon.colcon_core.environment:checking '/home/fuga1129/arm_sim_ws/install/arm_moveit_v2/lib/python3.10/site-packages'
[1.116s] Level 1:colcon.colcon_core.environment:checking '/home/fuga1129/arm_sim_ws/install/arm_moveit_v2/bin'
[1.116s] INFO:colcon.colcon_core.shell:Creating package script '/home/fuga1129/arm_sim_ws/install/arm_moveit_v2/share/arm_moveit_v2/package.ps1'
[1.116s] INFO:colcon.colcon_core.shell:Creating package descriptor '/home/fuga1129/arm_sim_ws/install/arm_moveit_v2/share/arm_moveit_v2/package.dsv'
[1.117s] INFO:colcon.colcon_core.shell:Creating package script '/home/fuga1129/arm_sim_ws/install/arm_moveit_v2/share/arm_moveit_v2/package.sh'
[1.117s] INFO:colcon.colcon_core.shell:Creating package script '/home/fuga1129/arm_sim_ws/install/arm_moveit_v2/share/arm_moveit_v2/package.bash'
[1.117s] INFO:colcon.colcon_core.shell:Creating package script '/home/fuga1129/arm_sim_ws/install/arm_moveit_v2/share/arm_moveit_v2/package.zsh'
[1.117s] Level 1:colcon.colcon_core.environment:create_file_with_runtime_dependencies(/home/fuga1129/arm_sim_ws/install/arm_moveit_v2/share/colcon-core/packages/arm_moveit_v2)
[1.118s] Level 1:colcon.colcon_core.environment:create_environment_scripts_only(aurora_arm_moveit)
[1.118s] DEBUG:colcon.colcon_core.event_handler.log_command:Invoked command in '/home/fuga1129/arm_sim_ws/build/aurora_arm_moveit' returned '0': AMENT_PREFIX_PATH=/home/fuga1129/arm_sim_ws/install/aurora_arm:/home/fuga1129/arm_sim_ws/install/arm_moveit_v2:/home/fuga1129/arm_sim_ws/install/aurora_arm_v2:/home/fuga1129/arm_sim_ws/install/aurora_arm_moveit:/home/fuga1129/moveit2_ws/install/pilz_industrial_motion_planner_testutils:/home/fuga1129/moveit2_ws/install/moveit_runtime:/home/fuga1129/moveit2_ws/install/moveit2_tutorials:/home/fuga1129/moveit2_ws/install/moveit:/home/fuga1129/moveit2_ws/install/moveit_planners:/home/fuga1129/moveit2_ws/install/pilz_industrial_motion_planner:/home/fuga1129/moveit2_ws/install/moveit_visual_tools:/home/fuga1129/moveit2_ws/install/moveit_task_constructor_visualization:/home/fuga1129/moveit2_ws/install/moveit_task_constructor_demo:/home/fuga1129/moveit2_ws/install/moveit_task_constructor_capabilities:/home/fuga1129/moveit2_ws/install/moveit_task_constructor_core:/home/fuga1129/moveit2_ws/install/moveit_ros_control_interface:/home/fuga1129/moveit2_ws/install/moveit_plugins:/home/fuga1129/moveit2_ws/install/moveit_simple_controller_manager:/home/fuga1129/moveit2_ws/install/moveit_setup_assistant:/home/fuga1129/moveit2_ws/install/moveit_setup_srdf_plugins:/home/fuga1129/moveit2_ws/install/moveit_setup_core_plugins:/home/fuga1129/moveit2_ws/install/moveit_setup_controllers:/home/fuga1129/moveit2_ws/install/moveit_setup_app_plugins:/home/fuga1129/moveit2_ws/install/moveit_setup_framework:/home/fuga1129/moveit2_ws/install/moveit_servo:/home/fuga1129/moveit2_ws/install/moveit_ros:/home/fuga1129/moveit2_ws/install/moveit_ros_visualization:/home/fuga1129/moveit2_ws/install/moveit_hybrid_planning:/home/fuga1129/moveit2_ws/install/moveit_ros_planning_interface:/home/fuga1129/moveit2_ws/install/moveit_ros_benchmarks:/home/fuga1129/moveit2_ws/install/moveit_ros_warehouse:/home/fuga1129/moveit2_ws/install/moveit_ros_robot_interaction:/home/fuga1129/moveit2_ws/install/moveit_ros_perception:/home/fuga1129/moveit2_ws/install/moveit_resources_prbt_pg70_support:/home/fuga1129/moveit2_ws/install/moveit_resources_prbt_moveit_config:/home/fuga1129/moveit2_ws/install/moveit_ros_move_group:/home/fuga1129/moveit2_ws/install/moveit_planners_ompl:/home/fuga1129/moveit2_ws/install/moveit_ros_planning:/home/fuga1129/moveit2_ws/install/moveit_ros_occupancy_map_monitor:/home/fuga1129/moveit2_ws/install/moveit_resources_prbt_ikfast_manipulator_plugin:/home/fuga1129/moveit2_ws/install/moveit_planners_chomp:/home/fuga1129/moveit2_ws/install/moveit_kinematics:/home/fuga1129/moveit2_ws/install/moveit_chomp_optimizer_adapter:/home/fuga1129/moveit2_ws/install/chomp_motion_planner:/home/fuga1129/moveit2_ws/install/moveit_core:/home/fuga1129/moveit2_ws/install/moveit_configs_utils:/home/fuga1129/moveit2_ws/install/srdfdom:/home/fuga1129/moveit2_ws/install/rviz_marker_tools:/home/fuga1129/moveit2_ws/install/rosparam_shortcuts:/home/fuga1129/moveit2_ws/install/moveit_task_constructor_msgs:/home/fuga1129/moveit2_ws/install/moveit_resources_prbt_support:/home/fuga1129/moveit2_ws/install/moveit_resources:/home/fuga1129/moveit2_ws/install/moveit_resources_pr2_description:/home/fuga1129/moveit2_ws/install/moveit_resources_panda_moveit_config:/home/fuga1129/moveit2_ws/install/moveit_resources_panda_description:/home/fuga1129/moveit2_ws/install/moveit_resources_fanuc_moveit_config:/home/fuga1129/moveit2_ws/install/moveit_resources_fanuc_description:/home/fuga1129/moveit2_ws/install/moveit_common:/home/fuga1129/moveit2_ws/install/launch_param_builder:/opt/ros/humble CMAKE_PREFIX_PATH=${CMAKE_PREFIX_PATH}:/home/fuga1129/arm_sim_ws/install/aurora_arm_v2:/home/fuga1129/arm_sim_ws/install/aurora_arm:/home/fuga1129/moveit2_ws/install/moveit_configs_utils:/home/fuga1129/moveit2_ws/install/launch_param_builder:/opt/ros/humble PYTHONPATH=/home/fuga1129/arm_sim_ws/install/aurora_arm/lib/python3.10/site-packages:/home/fuga1129/arm_sim_ws/install/aurora_arm_v2/lib/python3.10/site-packages:/home/fuga1129/moveit2_ws/install/moveit_task_constructor_core/local/lib/python3.10/dist-packages:/home/fuga1129/moveit2_ws/install/moveit_configs_utils/lib/python3.10/site-packages:/home/fuga1129/moveit2_ws/install/srdfdom/local/lib/python3.10/dist-packages:/home/fuga1129/moveit2_ws/install/moveit_task_constructor_msgs/local/lib/python3.10/dist-packages:/home/fuga1129/moveit2_ws/install/launch_param_builder/lib/python3.10/site-packages:/opt/ros/humble/lib/python3.10/site-packages:/opt/ros/humble/local/lib/python3.10/dist-packages /usr/bin/cmake --install /home/fuga1129/arm_sim_ws/build/aurora_arm_moveit
[1.119s] Level 1:colcon.colcon_core.environment:checking '/home/fuga1129/arm_sim_ws/install/aurora_arm_moveit' for CMake module files
[1.119s] Level 1:colcon.colcon_core.environment:checking '/home/fuga1129/arm_sim_ws/install/aurora_arm_moveit' for CMake config files
[1.119s] Level 1:colcon.colcon_core.shell:create_environment_hook('aurora_arm_moveit', 'cmake_prefix_path')
[1.120s] INFO:colcon.colcon_core.shell:Creating environment hook '/home/fuga1129/arm_sim_ws/install/aurora_arm_moveit/share/aurora_arm_moveit/hook/cmake_prefix_path.ps1'
[1.120s] INFO:colcon.colcon_core.shell:Creating environment descriptor '/home/fuga1129/arm_sim_ws/install/aurora_arm_moveit/share/aurora_arm_moveit/hook/cmake_prefix_path.dsv'
[1.120s] INFO:colcon.colcon_core.shell:Creating environment hook '/home/fuga1129/arm_sim_ws/install/aurora_arm_moveit/share/aurora_arm_moveit/hook/cmake_prefix_path.sh'
[1.121s] Level 1:colcon.colcon_core.environment:checking '/home/fuga1129/arm_sim_ws/install/aurora_arm_moveit/bin'
[1.121s] Level 1:colcon.colcon_core.environment:checking '/home/fuga1129/arm_sim_ws/install/aurora_arm_moveit/lib/pkgconfig/aurora_arm_moveit.pc'
[1.121s] Level 1:colcon.colcon_core.environment:checking '/home/fuga1129/arm_sim_ws/install/aurora_arm_moveit/lib/python3.10/site-packages'
[1.121s] Level 1:colcon.colcon_core.environment:checking '/home/fuga1129/arm_sim_ws/install/aurora_arm_moveit/bin'
[1.122s] INFO:colcon.colcon_core.shell:Creating package script '/home/fuga1129/arm_sim_ws/install/aurora_arm_moveit/share/aurora_arm_moveit/package.ps1'
[1.122s] INFO:colcon.colcon_core.shell:Creating package descriptor '/home/fuga1129/arm_sim_ws/install/aurora_arm_moveit/share/aurora_arm_moveit/package.dsv'
[1.122s] INFO:colcon.colcon_core.shell:Creating package script '/home/fuga1129/arm_sim_ws/install/aurora_arm_moveit/share/aurora_arm_moveit/package.sh'
[1.122s] INFO:colcon.colcon_core.shell:Creating package script '/home/fuga1129/arm_sim_ws/install/aurora_arm_moveit/share/aurora_arm_moveit/package.bash'
[1.122s] INFO:colcon.colcon_core.shell:Creating package script '/home/fuga1129/arm_sim_ws/install/aurora_arm_moveit/share/aurora_arm_moveit/package.zsh'
[1.123s] Level 1:colcon.colcon_core.environment:create_file_with_runtime_dependencies(/home/fuga1129/arm_sim_ws/install/aurora_arm_moveit/share/colcon-core/packages/aurora_arm_moveit)
[1.123s] Level 1:colcon.colcon_core.environment:create_environment_scripts_only(aurora_arm_moveit)
[1.123s] Level 1:colcon.colcon_core.environment:checking '/home/fuga1129/arm_sim_ws/install/aurora_arm_moveit' for CMake module files
[1.123s] Level 1:colcon.colcon_core.environment:checking '/home/fuga1129/arm_sim_ws/install/aurora_arm_moveit' for CMake config files
[1.123s] Level 1:colcon.colcon_core.shell:create_environment_hook('aurora_arm_moveit', 'cmake_prefix_path')
[1.124s] INFO:colcon.colcon_core.shell:Creating environment hook '/home/fuga1129/arm_sim_ws/install/aurora_arm_moveit/share/aurora_arm_moveit/hook/cmake_prefix_path.ps1'
[1.124s] INFO:colcon.colcon_core.shell:Creating environment descriptor '/home/fuga1129/arm_sim_ws/install/aurora_arm_moveit/share/aurora_arm_moveit/hook/cmake_prefix_path.dsv'
[1.124s] INFO:colcon.colcon_core.shell:Creating environment hook '/home/fuga1129/arm_sim_ws/install/aurora_arm_moveit/share/aurora_arm_moveit/hook/cmake_prefix_path.sh'
[1.124s] Level 1:colcon.colcon_core.environment:checking '/home/fuga1129/arm_sim_ws/install/aurora_arm_moveit/bin'
[1.124s] Level 1:colcon.colcon_core.environment:checking '/home/fuga1129/arm_sim_ws/install/aurora_arm_moveit/lib/pkgconfig/aurora_arm_moveit.pc'
[1.124s] Level 1:colcon.colcon_core.environment:checking '/home/fuga1129/arm_sim_ws/install/aurora_arm_moveit/lib/python3.10/site-packages'
[1.125s] Level 1:colcon.colcon_core.environment:checking '/home/fuga1129/arm_sim_ws/install/aurora_arm_moveit/bin'
[1.125s] INFO:colcon.colcon_core.shell:Creating package script '/home/fuga1129/arm_sim_ws/install/aurora_arm_moveit/share/aurora_arm_moveit/package.ps1'
[1.125s] INFO:colcon.colcon_core.shell:Creating package descriptor '/home/fuga1129/arm_sim_ws/install/aurora_arm_moveit/share/aurora_arm_moveit/package.dsv'
[1.125s] INFO:colcon.colcon_core.shell:Creating package script '/home/fuga1129/arm_sim_ws/install/aurora_arm_moveit/share/aurora_arm_moveit/package.sh'
[1.126s] INFO:colcon.colcon_core.shell:Creating package script '/home/fuga1129/arm_sim_ws/install/aurora_arm_moveit/share/aurora_arm_moveit/package.bash'
[1.126s] INFO:colcon.colcon_core.shell:Creating package script '/home/fuga1129/arm_sim_ws/install/aurora_arm_moveit/share/aurora_arm_moveit/package.zsh'
[1.126s] Level 1:colcon.colcon_core.environment:create_file_with_runtime_dependencies(/home/fuga1129/arm_sim_ws/install/aurora_arm_moveit/share/colcon-core/packages/aurora_arm_moveit)
[1.126s] DEBUG:colcon.colcon_parallel_executor.executor.parallel:closing loop
[1.126s] DEBUG:colcon.colcon_parallel_executor.executor.parallel:loop closed
[1.126s] DEBUG:colcon.colcon_parallel_executor.executor.parallel:run_until_complete finished with '0'
[1.126s] DEBUG:colcon.colcon_core.event_reactor:joining thread
[1.131s] INFO:colcon.colcon_core.plugin_system:Skipping extension 'colcon_notification.desktop_notification.terminal_notifier': Not used on non-Darwin systems
[1.131s] INFO:colcon.colcon_core.plugin_system:Skipping extension 'colcon_notification.desktop_notification.win32': Not used on non-Windows systems
[1.131s] INFO:colcon.colcon_notification.desktop_notification:Sending desktop notification using 'notify2'
[1.144s] DEBUG:colcon.colcon_core.event_reactor:joined thread
[1.145s] INFO:colcon.colcon_core.shell:Creating prefix script '/home/fuga1129/arm_sim_ws/install/local_setup.ps1'
[1.145s] INFO:colcon.colcon_core.shell:Creating prefix util module '/home/fuga1129/arm_sim_ws/install/_local_setup_util_ps1.py'
[1.146s] INFO:colcon.colcon_core.shell:Creating prefix chain script '/home/fuga1129/arm_sim_ws/install/setup.ps1'
[1.148s] INFO:colcon.colcon_core.shell:Creating prefix script '/home/fuga1129/arm_sim_ws/install/local_setup.sh'
[1.148s] INFO:colcon.colcon_core.shell:Creating prefix util module '/home/fuga1129/arm_sim_ws/install/_local_setup_util_sh.py'
[1.149s] INFO:colcon.colcon_core.shell:Creating prefix chain script '/home/fuga1129/arm_sim_ws/install/setup.sh'
[1.150s] INFO:colcon.colcon_core.shell:Creating prefix script '/home/fuga1129/arm_sim_ws/install/local_setup.bash'
[1.150s] INFO:colcon.colcon_core.shell:Creating prefix chain script '/home/fuga1129/arm_sim_ws/install/setup.bash'
[1.152s] INFO:colcon.colcon_core.shell:Creating prefix script '/home/fuga1129/arm_sim_ws/install/local_setup.zsh'
[1.152s] INFO:colcon.colcon_core.shell:Creating prefix chain script '/home/fuga1129/arm_sim_ws/install/setup.zsh'
