[0.362s] Invoking command in '/home/fuga1129/arm_sim_ws/build/aurora_arm': PYTHONPATH=/home/fuga1129/arm_sim_ws/build/aurora_arm/prefix_override:/usr/lib/python3/dist-packages/colcon_core/task/python/colcon_distutils_commands:/home/fuga1129/arm_sim_ws/install/aurora_arm/lib/python3.10/site-packages:${PYTHONPATH} /usr/bin/python3 -W ignore:setup.py install is deprecated -W ignore:easy_install command is deprecated setup.py develop --editable --build-directory /home/fuga1129/arm_sim_ws/build/aurora_arm/build --no-deps symlink_data
[0.511s] running develop
[0.592s] running egg_info
[0.592s] creating aurora_arm.egg-info
[0.592s] writing aurora_arm.egg-info/PKG-INFO
[0.592s] writing dependency_links to aurora_arm.egg-info/dependency_links.txt
[0.592s] writing entry points to aurora_arm.egg-info/entry_points.txt
[0.593s] writing requirements to aurora_arm.egg-info/requires.txt
[0.593s] writing top-level names to aurora_arm.egg-info/top_level.txt
[0.593s] writing manifest file 'aurora_arm.egg-info/SOURCES.txt'
[0.594s] reading manifest file 'aurora_arm.egg-info/SOURCES.txt'
[0.594s] writing manifest file 'aurora_arm.egg-info/SOURCES.txt'
[0.595s] running build_ext
[0.595s] Creating /home/fuga1129/arm_sim_ws/install/aurora_arm/lib/python3.10/site-packages/aurora-arm.egg-link (link to .)
[0.595s] 
[0.596s] Installed /home/fuga1129/arm_sim_ws/build/aurora_arm
[0.596s] running symlink_data
[0.596s] creating /home/fuga1129/arm_sim_ws/install/aurora_arm/share/ament_index
[0.596s] creating /home/fuga1129/arm_sim_ws/install/aurora_arm/share/ament_index/resource_index
[0.596s] creating /home/fuga1129/arm_sim_ws/install/aurora_arm/share/ament_index/resource_index/packages
[0.596s] symbolically linking /home/fuga1129/arm_sim_ws/build/aurora_arm/resource/aurora_arm -> /home/fuga1129/arm_sim_ws/install/aurora_arm/share/ament_index/resource_index/packages
[0.596s] symbolically linking /home/fuga1129/arm_sim_ws/build/aurora_arm/package.xml -> /home/fuga1129/arm_sim_ws/install/aurora_arm/share/aurora_arm
[0.596s] creating /home/fuga1129/arm_sim_ws/install/aurora_arm/share/aurora_arm/launch
[0.596s] symbolically linking /home/fuga1129/arm_sim_ws/build/aurora_arm/launch/launch_ign.launch.py -> /home/fuga1129/arm_sim_ws/install/aurora_arm/share/aurora_arm/launch
[0.596s] symbolically linking /home/fuga1129/arm_sim_ws/build/aurora_arm/launch/launch_gazebo.launch.py -> /home/fuga1129/arm_sim_ws/install/aurora_arm/share/aurora_arm/launch
[0.596s] symbolically linking /home/fuga1129/arm_sim_ws/build/aurora_arm/launch/rsp.launch.py -> /home/fuga1129/arm_sim_ws/install/aurora_arm/share/aurora_arm/launch
[0.596s] creating /home/fuga1129/arm_sim_ws/install/aurora_arm/share/aurora_arm/description
[0.596s] symbolically linking /home/fuga1129/arm_sim_ws/build/aurora_arm/description/ros2_ign_control_arm.xacro -> /home/fuga1129/arm_sim_ws/install/aurora_arm/share/aurora_arm/description
[0.596s] symbolically linking /home/fuga1129/arm_sim_ws/build/aurora_arm/description/robot.urdf.xacro -> /home/fuga1129/arm_sim_ws/install/aurora_arm/share/aurora_arm/description
[0.596s] symbolically linking /home/fuga1129/arm_sim_ws/build/aurora_arm/description/robot_core.xacro -> /home/fuga1129/arm_sim_ws/install/aurora_arm/share/aurora_arm/description
[0.596s] symbolically linking /home/fuga1129/arm_sim_ws/build/aurora_arm/description/robot_ign.xacro -> /home/fuga1129/arm_sim_ws/install/aurora_arm/share/aurora_arm/description
[0.596s] creating /home/fuga1129/arm_sim_ws/install/aurora_arm/share/aurora_arm/meshes
[0.597s] symbolically linking /home/fuga1129/arm_sim_ws/build/aurora_arm/meshes/arm4_link_1.stl -> /home/fuga1129/arm_sim_ws/install/aurora_arm/share/aurora_arm/meshes
[0.597s] symbolically linking /home/fuga1129/arm_sim_ws/build/aurora_arm/meshes/base_link.stl -> /home/fuga1129/arm_sim_ws/install/aurora_arm/share/aurora_arm/meshes
[0.597s] symbolically linking /home/fuga1129/arm_sim_ws/build/aurora_arm/meshes/arm3_link_1.stl -> /home/fuga1129/arm_sim_ws/install/aurora_arm/share/aurora_arm/meshes
[0.597s] symbolically linking /home/fuga1129/arm_sim_ws/build/aurora_arm/meshes/arm5_link_1.stl -> /home/fuga1129/arm_sim_ws/install/aurora_arm/share/aurora_arm/meshes
[0.597s] symbolically linking /home/fuga1129/arm_sim_ws/build/aurora_arm/meshes/arm1_link_1.stl -> /home/fuga1129/arm_sim_ws/install/aurora_arm/share/aurora_arm/meshes
[0.597s] symbolically linking /home/fuga1129/arm_sim_ws/build/aurora_arm/meshes/hand1_link_1.stl -> /home/fuga1129/arm_sim_ws/install/aurora_arm/share/aurora_arm/meshes
[0.597s] symbolically linking /home/fuga1129/arm_sim_ws/build/aurora_arm/meshes/hand2_link_1.stl -> /home/fuga1129/arm_sim_ws/install/aurora_arm/share/aurora_arm/meshes
[0.597s] symbolically linking /home/fuga1129/arm_sim_ws/build/aurora_arm/meshes/arm2_link_1.stl -> /home/fuga1129/arm_sim_ws/install/aurora_arm/share/aurora_arm/meshes
[0.612s] Invoked command in '/home/fuga1129/arm_sim_ws/build/aurora_arm' returned '0': PYTHONPATH=/home/fuga1129/arm_sim_ws/build/aurora_arm/prefix_override:/usr/lib/python3/dist-packages/colcon_core/task/python/colcon_distutils_commands:/home/fuga1129/arm_sim_ws/install/aurora_arm/lib/python3.10/site-packages:${PYTHONPATH} /usr/bin/python3 -W ignore:setup.py install is deprecated -W ignore:easy_install command is deprecated setup.py develop --editable --build-directory /home/fuga1129/arm_sim_ws/build/aurora_arm/build --no-deps symlink_data
