[0.067s] DEBUG:colcon:Command line arguments: ['/usr/bin/colcon', 'build']
[0.067s] DEBUG:colcon:Parsed command line arguments: Namespace(log_base=None, log_level=None, verb_name='build', build_base='build', install_base='install', merge_install=False, symlink_install=False, test_result_base=None, continue_on_error=False, executor='parallel', parallel_workers=12, event_handlers=None, ignore_user_meta=False, metas=['./colcon.meta'], base_paths=['.'], packages_ignore=None, packages_ignore_regex=None, paths=None, packages_up_to=None, packages_up_to_regex=None, packages_above=None, packages_above_and_dependencies=None, packages_above_depth=None, packages_select_by_dep=None, packages_skip_by_dep=None, packages_skip_up_to=None, packages_select_build_failed=False, packages_skip_build_finished=False, packages_select_test_failures=False, packages_skip_test_passed=False, packages_select=None, packages_skip=None, packages_select_regex=None, packages_skip_regex=None, packages_start=None, packages_end=None, allow_overriding=[], cmake_args=None, cmake_target=None, cmake_target_skip_unavailable=False, cmake_clean_cache=False, cmake_clean_first=False, cmake_force_configure=False, ament_cmake_args=None, catkin_cmake_args=None, catkin_skip_building_tests=False, mixin_files=None, mixin=None, verb_parser=<colcon_mixin.mixin.mixin_argument.MixinArgumentDecorator object at 0x7404bb353760>, verb_extension=<colcon_core.verb.build.BuildVerb object at 0x7404bb4a0670>, main=<bound method BuildVerb.main of <colcon_core.verb.build.BuildVerb object at 0x7404bb4a0670>>, mixin_verb=('build',))
[0.158s] Level 1:colcon.colcon_core.package_discovery:discover_packages(colcon_meta) check parameters
[0.158s] Level 1:colcon.colcon_core.package_discovery:discover_packages(recursive) check parameters
[0.158s] Level 1:colcon.colcon_core.package_discovery:discover_packages(ignore) check parameters
[0.158s] Level 1:colcon.colcon_core.package_discovery:discover_packages(path) check parameters
[0.158s] Level 1:colcon.colcon_core.package_discovery:discover_packages(colcon_meta) discover
[0.158s] Level 1:colcon.colcon_core.package_discovery:discover_packages(recursive) discover
[0.158s] INFO:colcon.colcon_core.package_discovery:Crawling recursively for packages in '/home/fuga1129/arm_sim_ws'
[0.158s] Level 1:colcon.colcon_core.package_identification:_identify(.) by extensions ['ignore', 'ignore_ament_install']
[0.158s] Level 1:colcon.colcon_core.package_identification:_identify(.) by extension 'ignore'
[0.158s] Level 1:colcon.colcon_core.package_identification:_identify(.) by extension 'ignore_ament_install'
[0.158s] Level 1:colcon.colcon_core.package_identification:_identify(.) by extensions ['colcon_pkg']
[0.158s] Level 1:colcon.colcon_core.package_identification:_identify(.) by extension 'colcon_pkg'
[0.159s] Level 1:colcon.colcon_core.package_identification:_identify(.) by extensions ['colcon_meta']
[0.159s] Level 1:colcon.colcon_core.package_identification:_identify(.) by extension 'colcon_meta'
[0.159s] Level 1:colcon.colcon_core.package_identification:_identify(.) by extensions ['ros']
[0.159s] Level 1:colcon.colcon_core.package_identification:_identify(.) by extension 'ros'
[0.165s] Level 1:colcon.colcon_core.package_identification:_identify(.) by extensions ['cmake', 'python']
[0.165s] Level 1:colcon.colcon_core.package_identification:_identify(.) by extension 'cmake'
[0.165s] Level 1:colcon.colcon_core.package_identification:_identify(.) by extension 'python'
[0.165s] Level 1:colcon.colcon_core.package_identification:_identify(.) by extensions ['python_setup_py']
[0.165s] Level 1:colcon.colcon_core.package_identification:_identify(.) by extension 'python_setup_py'
[0.165s] Level 1:colcon.colcon_core.package_identification:_identify(build) by extensions ['ignore', 'ignore_ament_install']
[0.165s] Level 1:colcon.colcon_core.package_identification:_identify(build) by extension 'ignore'
[0.165s] Level 1:colcon.colcon_core.package_identification:_identify(build) ignored
[0.165s] Level 1:colcon.colcon_core.package_identification:_identify(install) by extensions ['ignore', 'ignore_ament_install']
[0.165s] Level 1:colcon.colcon_core.package_identification:_identify(install) by extension 'ignore'
[0.165s] Level 1:colcon.colcon_core.package_identification:_identify(install) ignored
[0.165s] Level 1:colcon.colcon_core.package_identification:_identify(log) by extensions ['ignore', 'ignore_ament_install']
[0.165s] Level 1:colcon.colcon_core.package_identification:_identify(log) by extension 'ignore'
[0.165s] Level 1:colcon.colcon_core.package_identification:_identify(log) ignored
[0.165s] Level 1:colcon.colcon_core.package_identification:_identify(src) by extensions ['ignore', 'ignore_ament_install']
[0.165s] Level 1:colcon.colcon_core.package_identification:_identify(src) by extension 'ignore'
[0.165s] Level 1:colcon.colcon_core.package_identification:_identify(src) by extension 'ignore_ament_install'
[0.166s] Level 1:colcon.colcon_core.package_identification:_identify(src) by extensions ['colcon_pkg']
[0.166s] Level 1:colcon.colcon_core.package_identification:_identify(src) by extension 'colcon_pkg'
[0.166s] Level 1:colcon.colcon_core.package_identification:_identify(src) by extensions ['colcon_meta']
[0.166s] Level 1:colcon.colcon_core.package_identification:_identify(src) by extension 'colcon_meta'
[0.166s] Level 1:colcon.colcon_core.package_identification:_identify(src) by extensions ['ros']
[0.166s] Level 1:colcon.colcon_core.package_identification:_identify(src) by extension 'ros'
[0.166s] Level 1:colcon.colcon_core.package_identification:_identify(src) by extensions ['cmake', 'python']
[0.166s] Level 1:colcon.colcon_core.package_identification:_identify(src) by extension 'cmake'
[0.166s] Level 1:colcon.colcon_core.package_identification:_identify(src) by extension 'python'
[0.166s] Level 1:colcon.colcon_core.package_identification:_identify(src) by extensions ['python_setup_py']
[0.166s] Level 1:colcon.colcon_core.package_identification:_identify(src) by extension 'python_setup_py'
[0.166s] Level 1:colcon.colcon_core.package_identification:_identify(src/aurora_arm) by extensions ['ignore', 'ignore_ament_install']
[0.166s] Level 1:colcon.colcon_core.package_identification:_identify(src/aurora_arm) by extension 'ignore'
[0.166s] Level 1:colcon.colcon_core.package_identification:_identify(src/aurora_arm) by extension 'ignore_ament_install'
[0.166s] Level 1:colcon.colcon_core.package_identification:_identify(src/aurora_arm) by extensions ['colcon_pkg']
[0.166s] Level 1:colcon.colcon_core.package_identification:_identify(src/aurora_arm) by extension 'colcon_pkg'
[0.166s] Level 1:colcon.colcon_core.package_identification:_identify(src/aurora_arm) by extensions ['colcon_meta']
[0.166s] Level 1:colcon.colcon_core.package_identification:_identify(src/aurora_arm) by extension 'colcon_meta'
[0.166s] Level 1:colcon.colcon_core.package_identification:_identify(src/aurora_arm) by extensions ['ros']
[0.166s] Level 1:colcon.colcon_core.package_identification:_identify(src/aurora_arm) by extension 'ros'
[0.167s] DEBUG:colcon.colcon_core.package_identification:Package 'src/aurora_arm' with type 'ros.ament_python' and name 'aurora_arm'
[0.167s] Level 1:colcon.colcon_core.package_identification:_identify(src/aurora_arm_moveit) by extensions ['ignore', 'ignore_ament_install']
[0.167s] Level 1:colcon.colcon_core.package_identification:_identify(src/aurora_arm_moveit) by extension 'ignore'
[0.168s] Level 1:colcon.colcon_core.package_identification:_identify(src/aurora_arm_moveit) by extension 'ignore_ament_install'
[0.168s] Level 1:colcon.colcon_core.package_identification:_identify(src/aurora_arm_moveit) by extensions ['colcon_pkg']
[0.168s] Level 1:colcon.colcon_core.package_identification:_identify(src/aurora_arm_moveit) by extension 'colcon_pkg'
[0.168s] Level 1:colcon.colcon_core.package_identification:_identify(src/aurora_arm_moveit) by extensions ['colcon_meta']
[0.168s] Level 1:colcon.colcon_core.package_identification:_identify(src/aurora_arm_moveit) by extension 'colcon_meta'
[0.168s] Level 1:colcon.colcon_core.package_identification:_identify(src/aurora_arm_moveit) by extensions ['ros']
[0.168s] Level 1:colcon.colcon_core.package_identification:_identify(src/aurora_arm_moveit) by extension 'ros'
[0.168s] DEBUG:colcon.colcon_core.package_identification:Package 'src/aurora_arm_moveit' with type 'ros.ament_cmake' and name 'aurora_arm_moveit'
[0.168s] Level 1:colcon.colcon_core.package_discovery:discover_packages(recursive) using defaults
[0.168s] Level 1:colcon.colcon_core.package_discovery:discover_packages(ignore) discover
[0.168s] Level 1:colcon.colcon_core.package_discovery:discover_packages(ignore) using defaults
[0.168s] Level 1:colcon.colcon_core.package_discovery:discover_packages(path) discover
[0.168s] Level 1:colcon.colcon_core.package_discovery:discover_packages(path) using defaults
[0.186s] Level 1:colcon.colcon_core.package_discovery:discover_packages(prefix_path) check parameters
[0.186s] Level 1:colcon.colcon_core.package_discovery:discover_packages(prefix_path) discover
[0.188s] DEBUG:colcon.colcon_installed_package_information.package_discovery:Found 2 installed packages in /home/fuga1129/arm_sim_ws/install
[0.189s] DEBUG:colcon.colcon_installed_package_information.package_discovery:Found 55 installed packages in /home/fuga1129/moveit2_ws/install
[0.190s] DEBUG:colcon.colcon_installed_package_information.package_discovery:Found 373 installed packages in /opt/ros/humble
[0.191s] Level 1:colcon.colcon_core.package_discovery:discover_packages(prefix_path) using defaults
[0.216s] Level 5:colcon.colcon_core.verb:set package 'aurora_arm' build argument 'cmake_args' from command line to 'None'
[0.216s] Level 5:colcon.colcon_core.verb:set package 'aurora_arm' build argument 'cmake_target' from command line to 'None'
[0.216s] Level 5:colcon.colcon_core.verb:set package 'aurora_arm' build argument 'cmake_target_skip_unavailable' from command line to 'False'
[0.216s] Level 5:colcon.colcon_core.verb:set package 'aurora_arm' build argument 'cmake_clean_cache' from command line to 'False'
[0.216s] Level 5:colcon.colcon_core.verb:set package 'aurora_arm' build argument 'cmake_clean_first' from command line to 'False'
[0.216s] Level 5:colcon.colcon_core.verb:set package 'aurora_arm' build argument 'cmake_force_configure' from command line to 'False'
[0.216s] Level 5:colcon.colcon_core.verb:set package 'aurora_arm' build argument 'ament_cmake_args' from command line to 'None'
[0.216s] Level 5:colcon.colcon_core.verb:set package 'aurora_arm' build argument 'catkin_cmake_args' from command line to 'None'
[0.216s] Level 5:colcon.colcon_core.verb:set package 'aurora_arm' build argument 'catkin_skip_building_tests' from command line to 'False'
[0.216s] DEBUG:colcon.colcon_core.verb:Building package 'aurora_arm' with the following arguments: {'ament_cmake_args': None, 'build_base': '/home/fuga1129/arm_sim_ws/build/aurora_arm', 'catkin_cmake_args': None, 'catkin_skip_building_tests': False, 'cmake_args': None, 'cmake_clean_cache': False, 'cmake_clean_first': False, 'cmake_force_configure': False, 'cmake_target': None, 'cmake_target_skip_unavailable': False, 'install_base': '/home/fuga1129/arm_sim_ws/install/aurora_arm', 'merge_install': False, 'path': '/home/fuga1129/arm_sim_ws/src/aurora_arm', 'symlink_install': False, 'test_result_base': None}
[0.216s] Level 5:colcon.colcon_core.verb:set package 'aurora_arm_moveit' build argument 'cmake_args' from command line to 'None'
[0.216s] Level 5:colcon.colcon_core.verb:set package 'aurora_arm_moveit' build argument 'cmake_target' from command line to 'None'
[0.216s] Level 5:colcon.colcon_core.verb:set package 'aurora_arm_moveit' build argument 'cmake_target_skip_unavailable' from command line to 'False'
[0.216s] Level 5:colcon.colcon_core.verb:set package 'aurora_arm_moveit' build argument 'cmake_clean_cache' from command line to 'False'
[0.216s] Level 5:colcon.colcon_core.verb:set package 'aurora_arm_moveit' build argument 'cmake_clean_first' from command line to 'False'
[0.217s] Level 5:colcon.colcon_core.verb:set package 'aurora_arm_moveit' build argument 'cmake_force_configure' from command line to 'False'
[0.217s] Level 5:colcon.colcon_core.verb:set package 'aurora_arm_moveit' build argument 'ament_cmake_args' from command line to 'None'
[0.217s] Level 5:colcon.colcon_core.verb:set package 'aurora_arm_moveit' build argument 'catkin_cmake_args' from command line to 'None'
[0.217s] Level 5:colcon.colcon_core.verb:set package 'aurora_arm_moveit' build argument 'catkin_skip_building_tests' from command line to 'False'
[0.217s] DEBUG:colcon.colcon_core.verb:Building package 'aurora_arm_moveit' with the following arguments: {'ament_cmake_args': None, 'build_base': '/home/fuga1129/arm_sim_ws/build/aurora_arm_moveit', 'catkin_cmake_args': None, 'catkin_skip_building_tests': False, 'cmake_args': None, 'cmake_clean_cache': False, 'cmake_clean_first': False, 'cmake_force_configure': False, 'cmake_target': None, 'cmake_target_skip_unavailable': False, 'install_base': '/home/fuga1129/arm_sim_ws/install/aurora_arm_moveit', 'merge_install': False, 'path': '/home/fuga1129/arm_sim_ws/src/aurora_arm_moveit', 'symlink_install': False, 'test_result_base': None}
[0.217s] INFO:colcon.colcon_core.executor:Executing jobs using 'parallel' executor
[0.218s] DEBUG:colcon.colcon_parallel_executor.executor.parallel:run_until_complete
[0.218s] INFO:colcon.colcon_ros.task.ament_python.build:Building ROS package in '/home/fuga1129/arm_sim_ws/src/aurora_arm' with build type 'ament_python'
[0.218s] Level 1:colcon.colcon_core.shell:create_environment_hook('aurora_arm', 'ament_prefix_path')
[0.219s] INFO:colcon.colcon_core.plugin_system:Skipping extension 'colcon_core.shell.bat': Not used on non-Windows systems
[0.220s] INFO:colcon.colcon_core.shell:Creating environment hook '/home/fuga1129/arm_sim_ws/install/aurora_arm/share/aurora_arm/hook/ament_prefix_path.ps1'
[0.220s] INFO:colcon.colcon_core.shell:Creating environment descriptor '/home/fuga1129/arm_sim_ws/install/aurora_arm/share/aurora_arm/hook/ament_prefix_path.dsv'
[0.220s] INFO:colcon.colcon_core.shell:Creating environment hook '/home/fuga1129/arm_sim_ws/install/aurora_arm/share/aurora_arm/hook/ament_prefix_path.sh'
[0.221s] INFO:colcon.colcon_core.shell:Skip shell extension 'powershell' for command environment: Not usable outside of PowerShell
[0.221s] DEBUG:colcon.colcon_core.shell:Skip shell extension 'dsv' for command environment
[0.375s] INFO:colcon.colcon_core.task.python.build:Building Python package in '/home/fuga1129/arm_sim_ws/src/aurora_arm'
[0.375s] INFO:colcon.colcon_core.shell:Skip shell extension 'powershell' for command environment: Not usable outside of PowerShell
[0.375s] DEBUG:colcon.colcon_core.shell:Skip shell extension 'dsv' for command environment
[0.589s] DEBUG:colcon.colcon_core.event_handler.log_command:Invoking command in '/home/fuga1129/arm_sim_ws/src/aurora_arm': PYTHONPATH=/home/fuga1129/arm_sim_ws/build/aurora_arm/prefix_override:/usr/lib/python3/dist-packages/colcon_core/task/python/colcon_distutils_commands:/home/fuga1129/arm_sim_ws/install/aurora_arm/lib/python3.10/site-packages:${PYTHONPATH} /usr/bin/python3 -W ignore:setup.py install is deprecated -W ignore:easy_install command is deprecated setup.py egg_info --egg-base ../../build/aurora_arm build --build-base /home/fuga1129/arm_sim_ws/build/aurora_arm/build install --record /home/fuga1129/arm_sim_ws/build/aurora_arm/install.log --single-version-externally-managed install_data
[0.779s] DEBUG:colcon.colcon_core.event_handler.log_command:Invoked command in '/home/fuga1129/arm_sim_ws/src/aurora_arm' returned '0': PYTHONPATH=/home/fuga1129/arm_sim_ws/build/aurora_arm/prefix_override:/usr/lib/python3/dist-packages/colcon_core/task/python/colcon_distutils_commands:/home/fuga1129/arm_sim_ws/install/aurora_arm/lib/python3.10/site-packages:${PYTHONPATH} /usr/bin/python3 -W ignore:setup.py install is deprecated -W ignore:easy_install command is deprecated setup.py egg_info --egg-base ../../build/aurora_arm build --build-base /home/fuga1129/arm_sim_ws/build/aurora_arm/build install --record /home/fuga1129/arm_sim_ws/build/aurora_arm/install.log --single-version-externally-managed install_data
[0.781s] Level 1:colcon.colcon_core.environment:checking '/home/fuga1129/arm_sim_ws/install/aurora_arm' for CMake module files
[0.781s] Level 1:colcon.colcon_core.environment:checking '/home/fuga1129/arm_sim_ws/install/aurora_arm' for CMake config files
[0.781s] Level 1:colcon.colcon_core.environment:checking '/home/fuga1129/arm_sim_ws/install/aurora_arm/lib'
[0.781s] Level 1:colcon.colcon_core.environment:checking '/home/fuga1129/arm_sim_ws/install/aurora_arm/bin'
[0.781s] Level 1:colcon.colcon_core.environment:checking '/home/fuga1129/arm_sim_ws/install/aurora_arm/lib/pkgconfig/aurora_arm.pc'
[0.782s] Level 1:colcon.colcon_core.environment:checking '/home/fuga1129/arm_sim_ws/install/aurora_arm/lib/python3.10/site-packages'
[0.782s] Level 1:colcon.colcon_core.shell:create_environment_hook('aurora_arm', 'pythonpath')
[0.782s] INFO:colcon.colcon_core.shell:Creating environment hook '/home/fuga1129/arm_sim_ws/install/aurora_arm/share/aurora_arm/hook/pythonpath.ps1'
[0.782s] INFO:colcon.colcon_core.shell:Creating environment descriptor '/home/fuga1129/arm_sim_ws/install/aurora_arm/share/aurora_arm/hook/pythonpath.dsv'
[0.782s] INFO:colcon.colcon_core.shell:Creating environment hook '/home/fuga1129/arm_sim_ws/install/aurora_arm/share/aurora_arm/hook/pythonpath.sh'
[0.783s] Level 1:colcon.colcon_core.environment:checking '/home/fuga1129/arm_sim_ws/install/aurora_arm/bin'
[0.783s] Level 1:colcon.colcon_core.environment:create_environment_scripts_only(aurora_arm)
[0.783s] INFO:colcon.colcon_core.shell:Creating package script '/home/fuga1129/arm_sim_ws/install/aurora_arm/share/aurora_arm/package.ps1'
[0.784s] INFO:colcon.colcon_core.shell:Creating package descriptor '/home/fuga1129/arm_sim_ws/install/aurora_arm/share/aurora_arm/package.dsv'
[0.784s] INFO:colcon.colcon_core.shell:Creating package script '/home/fuga1129/arm_sim_ws/install/aurora_arm/share/aurora_arm/package.sh'
[0.784s] INFO:colcon.colcon_core.shell:Creating package script '/home/fuga1129/arm_sim_ws/install/aurora_arm/share/aurora_arm/package.bash'
[0.785s] INFO:colcon.colcon_core.shell:Creating package script '/home/fuga1129/arm_sim_ws/install/aurora_arm/share/aurora_arm/package.zsh'
[0.785s] Level 1:colcon.colcon_core.environment:create_file_with_runtime_dependencies(/home/fuga1129/arm_sim_ws/install/aurora_arm/share/colcon-core/packages/aurora_arm)
[0.785s] INFO:colcon.colcon_ros.task.ament_cmake.build:Building ROS package in '/home/fuga1129/arm_sim_ws/src/aurora_arm_moveit' with build type 'ament_cmake'
[0.785s] INFO:colcon.colcon_cmake.task.cmake.build:Building CMake package in '/home/fuga1129/arm_sim_ws/src/aurora_arm_moveit'
[0.786s] INFO:colcon.colcon_core.shell:Skip shell extension 'powershell' for command environment: Not usable outside of PowerShell
[0.786s] DEBUG:colcon.colcon_core.shell:Skip shell extension 'dsv' for command environment
[0.796s] DEBUG:colcon.colcon_core.event_handler.log_command:Invoking command in '/home/fuga1129/arm_sim_ws/build/aurora_arm_moveit': AMENT_PREFIX_PATH=/home/fuga1129/arm_sim_ws/install/aurora_arm:/home/fuga1129/arm_sim_ws/install/aurora_arm_moveit:/home/fuga1129/moveit2_ws/install/pilz_industrial_motion_planner_testutils:/home/fuga1129/moveit2_ws/install/moveit_runtime:/home/fuga1129/moveit2_ws/install/moveit2_tutorials:/home/fuga1129/moveit2_ws/install/moveit:/home/fuga1129/moveit2_ws/install/moveit_planners:/home/fuga1129/moveit2_ws/install/pilz_industrial_motion_planner:/home/fuga1129/moveit2_ws/install/moveit_visual_tools:/home/fuga1129/moveit2_ws/install/moveit_task_constructor_visualization:/home/fuga1129/moveit2_ws/install/moveit_task_constructor_demo:/home/fuga1129/moveit2_ws/install/moveit_task_constructor_capabilities:/home/fuga1129/moveit2_ws/install/moveit_task_constructor_core:/home/fuga1129/moveit2_ws/install/moveit_ros_control_interface:/home/fuga1129/moveit2_ws/install/moveit_plugins:/home/fuga1129/moveit2_ws/install/moveit_simple_controller_manager:/home/fuga1129/moveit2_ws/install/moveit_setup_assistant:/home/fuga1129/moveit2_ws/install/moveit_setup_srdf_plugins:/home/fuga1129/moveit2_ws/install/moveit_setup_core_plugins:/home/fuga1129/moveit2_ws/install/moveit_setup_controllers:/home/fuga1129/moveit2_ws/install/moveit_setup_app_plugins:/home/fuga1129/moveit2_ws/install/moveit_setup_framework:/home/fuga1129/moveit2_ws/install/moveit_servo:/home/fuga1129/moveit2_ws/install/moveit_ros:/home/fuga1129/moveit2_ws/install/moveit_ros_visualization:/home/fuga1129/moveit2_ws/install/moveit_hybrid_planning:/home/fuga1129/moveit2_ws/install/moveit_ros_planning_interface:/home/fuga1129/moveit2_ws/install/moveit_ros_benchmarks:/home/fuga1129/moveit2_ws/install/moveit_ros_warehouse:/home/fuga1129/moveit2_ws/install/moveit_ros_robot_interaction:/home/fuga1129/moveit2_ws/install/moveit_ros_perception:/home/fuga1129/moveit2_ws/install/moveit_resources_prbt_pg70_support:/home/fuga1129/moveit2_ws/install/moveit_resources_prbt_moveit_config:/home/fuga1129/moveit2_ws/install/moveit_ros_move_group:/home/fuga1129/moveit2_ws/install/moveit_planners_ompl:/home/fuga1129/moveit2_ws/install/moveit_ros_planning:/home/fuga1129/moveit2_ws/install/moveit_ros_occupancy_map_monitor:/home/fuga1129/moveit2_ws/install/moveit_resources_prbt_ikfast_manipulator_plugin:/home/fuga1129/moveit2_ws/install/moveit_planners_chomp:/home/fuga1129/moveit2_ws/install/moveit_kinematics:/home/fuga1129/moveit2_ws/install/moveit_chomp_optimizer_adapter:/home/fuga1129/moveit2_ws/install/chomp_motion_planner:/home/fuga1129/moveit2_ws/install/moveit_core:/home/fuga1129/moveit2_ws/install/moveit_configs_utils:/home/fuga1129/moveit2_ws/install/srdfdom:/home/fuga1129/moveit2_ws/install/rviz_marker_tools:/home/fuga1129/moveit2_ws/install/rosparam_shortcuts:/home/fuga1129/moveit2_ws/install/moveit_task_constructor_msgs:/home/fuga1129/moveit2_ws/install/moveit_resources_prbt_support:/home/fuga1129/moveit2_ws/install/moveit_resources:/home/fuga1129/moveit2_ws/install/moveit_resources_pr2_description:/home/fuga1129/moveit2_ws/install/moveit_resources_panda_moveit_config:/home/fuga1129/moveit2_ws/install/moveit_resources_panda_description:/home/fuga1129/moveit2_ws/install/moveit_resources_fanuc_moveit_config:/home/fuga1129/moveit2_ws/install/moveit_resources_fanuc_description:/home/fuga1129/moveit2_ws/install/moveit_common:/home/fuga1129/moveit2_ws/install/launch_param_builder:/opt/ros/humble CMAKE_PREFIX_PATH=${CMAKE_PREFIX_PATH}:/home/fuga1129/arm_sim_ws/install/aurora_arm:/home/fuga1129/moveit2_ws/install/moveit_configs_utils:/home/fuga1129/moveit2_ws/install/launch_param_builder:/opt/ros/humble /usr/bin/cmake --build /home/fuga1129/arm_sim_ws/build/aurora_arm_moveit -- -j12 -l12
[0.843s] DEBUG:colcon.colcon_core.event_handler.log_command:Invoked command in '/home/fuga1129/arm_sim_ws/build/aurora_arm_moveit' returned '0': AMENT_PREFIX_PATH=/home/fuga1129/arm_sim_ws/install/aurora_arm:/home/fuga1129/arm_sim_ws/install/aurora_arm_moveit:/home/fuga1129/moveit2_ws/install/pilz_industrial_motion_planner_testutils:/home/fuga1129/moveit2_ws/install/moveit_runtime:/home/fuga1129/moveit2_ws/install/moveit2_tutorials:/home/fuga1129/moveit2_ws/install/moveit:/home/fuga1129/moveit2_ws/install/moveit_planners:/home/fuga1129/moveit2_ws/install/pilz_industrial_motion_planner:/home/fuga1129/moveit2_ws/install/moveit_visual_tools:/home/fuga1129/moveit2_ws/install/moveit_task_constructor_visualization:/home/fuga1129/moveit2_ws/install/moveit_task_constructor_demo:/home/fuga1129/moveit2_ws/install/moveit_task_constructor_capabilities:/home/fuga1129/moveit2_ws/install/moveit_task_constructor_core:/home/fuga1129/moveit2_ws/install/moveit_ros_control_interface:/home/fuga1129/moveit2_ws/install/moveit_plugins:/home/fuga1129/moveit2_ws/install/moveit_simple_controller_manager:/home/fuga1129/moveit2_ws/install/moveit_setup_assistant:/home/fuga1129/moveit2_ws/install/moveit_setup_srdf_plugins:/home/fuga1129/moveit2_ws/install/moveit_setup_core_plugins:/home/fuga1129/moveit2_ws/install/moveit_setup_controllers:/home/fuga1129/moveit2_ws/install/moveit_setup_app_plugins:/home/fuga1129/moveit2_ws/install/moveit_setup_framework:/home/fuga1129/moveit2_ws/install/moveit_servo:/home/fuga1129/moveit2_ws/install/moveit_ros:/home/fuga1129/moveit2_ws/install/moveit_ros_visualization:/home/fuga1129/moveit2_ws/install/moveit_hybrid_planning:/home/fuga1129/moveit2_ws/install/moveit_ros_planning_interface:/home/fuga1129/moveit2_ws/install/moveit_ros_benchmarks:/home/fuga1129/moveit2_ws/install/moveit_ros_warehouse:/home/fuga1129/moveit2_ws/install/moveit_ros_robot_interaction:/home/fuga1129/moveit2_ws/install/moveit_ros_perception:/home/fuga1129/moveit2_ws/install/moveit_resources_prbt_pg70_support:/home/fuga1129/moveit2_ws/install/moveit_resources_prbt_moveit_config:/home/fuga1129/moveit2_ws/install/moveit_ros_move_group:/home/fuga1129/moveit2_ws/install/moveit_planners_ompl:/home/fuga1129/moveit2_ws/install/moveit_ros_planning:/home/fuga1129/moveit2_ws/install/moveit_ros_occupancy_map_monitor:/home/fuga1129/moveit2_ws/install/moveit_resources_prbt_ikfast_manipulator_plugin:/home/fuga1129/moveit2_ws/install/moveit_planners_chomp:/home/fuga1129/moveit2_ws/install/moveit_kinematics:/home/fuga1129/moveit2_ws/install/moveit_chomp_optimizer_adapter:/home/fuga1129/moveit2_ws/install/chomp_motion_planner:/home/fuga1129/moveit2_ws/install/moveit_core:/home/fuga1129/moveit2_ws/install/moveit_configs_utils:/home/fuga1129/moveit2_ws/install/srdfdom:/home/fuga1129/moveit2_ws/install/rviz_marker_tools:/home/fuga1129/moveit2_ws/install/rosparam_shortcuts:/home/fuga1129/moveit2_ws/install/moveit_task_constructor_msgs:/home/fuga1129/moveit2_ws/install/moveit_resources_prbt_support:/home/fuga1129/moveit2_ws/install/moveit_resources:/home/fuga1129/moveit2_ws/install/moveit_resources_pr2_description:/home/fuga1129/moveit2_ws/install/moveit_resources_panda_moveit_config:/home/fuga1129/moveit2_ws/install/moveit_resources_panda_description:/home/fuga1129/moveit2_ws/install/moveit_resources_fanuc_moveit_config:/home/fuga1129/moveit2_ws/install/moveit_resources_fanuc_description:/home/fuga1129/moveit2_ws/install/moveit_common:/home/fuga1129/moveit2_ws/install/launch_param_builder:/opt/ros/humble CMAKE_PREFIX_PATH=${CMAKE_PREFIX_PATH}:/home/fuga1129/arm_sim_ws/install/aurora_arm:/home/fuga1129/moveit2_ws/install/moveit_configs_utils:/home/fuga1129/moveit2_ws/install/launch_param_builder:/opt/ros/humble /usr/bin/cmake --build /home/fuga1129/arm_sim_ws/build/aurora_arm_moveit -- -j12 -l12
[0.854s] DEBUG:colcon.colcon_core.event_handler.log_command:Invoking command in '/home/fuga1129/arm_sim_ws/build/aurora_arm_moveit': AMENT_PREFIX_PATH=/home/fuga1129/arm_sim_ws/install/aurora_arm:/home/fuga1129/arm_sim_ws/install/aurora_arm_moveit:/home/fuga1129/moveit2_ws/install/pilz_industrial_motion_planner_testutils:/home/fuga1129/moveit2_ws/install/moveit_runtime:/home/fuga1129/moveit2_ws/install/moveit2_tutorials:/home/fuga1129/moveit2_ws/install/moveit:/home/fuga1129/moveit2_ws/install/moveit_planners:/home/fuga1129/moveit2_ws/install/pilz_industrial_motion_planner:/home/fuga1129/moveit2_ws/install/moveit_visual_tools:/home/fuga1129/moveit2_ws/install/moveit_task_constructor_visualization:/home/fuga1129/moveit2_ws/install/moveit_task_constructor_demo:/home/fuga1129/moveit2_ws/install/moveit_task_constructor_capabilities:/home/fuga1129/moveit2_ws/install/moveit_task_constructor_core:/home/fuga1129/moveit2_ws/install/moveit_ros_control_interface:/home/fuga1129/moveit2_ws/install/moveit_plugins:/home/fuga1129/moveit2_ws/install/moveit_simple_controller_manager:/home/fuga1129/moveit2_ws/install/moveit_setup_assistant:/home/fuga1129/moveit2_ws/install/moveit_setup_srdf_plugins:/home/fuga1129/moveit2_ws/install/moveit_setup_core_plugins:/home/fuga1129/moveit2_ws/install/moveit_setup_controllers:/home/fuga1129/moveit2_ws/install/moveit_setup_app_plugins:/home/fuga1129/moveit2_ws/install/moveit_setup_framework:/home/fuga1129/moveit2_ws/install/moveit_servo:/home/fuga1129/moveit2_ws/install/moveit_ros:/home/fuga1129/moveit2_ws/install/moveit_ros_visualization:/home/fuga1129/moveit2_ws/install/moveit_hybrid_planning:/home/fuga1129/moveit2_ws/install/moveit_ros_planning_interface:/home/fuga1129/moveit2_ws/install/moveit_ros_benchmarks:/home/fuga1129/moveit2_ws/install/moveit_ros_warehouse:/home/fuga1129/moveit2_ws/install/moveit_ros_robot_interaction:/home/fuga1129/moveit2_ws/install/moveit_ros_perception:/home/fuga1129/moveit2_ws/install/moveit_resources_prbt_pg70_support:/home/fuga1129/moveit2_ws/install/moveit_resources_prbt_moveit_config:/home/fuga1129/moveit2_ws/install/moveit_ros_move_group:/home/fuga1129/moveit2_ws/install/moveit_planners_ompl:/home/fuga1129/moveit2_ws/install/moveit_ros_planning:/home/fuga1129/moveit2_ws/install/moveit_ros_occupancy_map_monitor:/home/fuga1129/moveit2_ws/install/moveit_resources_prbt_ikfast_manipulator_plugin:/home/fuga1129/moveit2_ws/install/moveit_planners_chomp:/home/fuga1129/moveit2_ws/install/moveit_kinematics:/home/fuga1129/moveit2_ws/install/moveit_chomp_optimizer_adapter:/home/fuga1129/moveit2_ws/install/chomp_motion_planner:/home/fuga1129/moveit2_ws/install/moveit_core:/home/fuga1129/moveit2_ws/install/moveit_configs_utils:/home/fuga1129/moveit2_ws/install/srdfdom:/home/fuga1129/moveit2_ws/install/rviz_marker_tools:/home/fuga1129/moveit2_ws/install/rosparam_shortcuts:/home/fuga1129/moveit2_ws/install/moveit_task_constructor_msgs:/home/fuga1129/moveit2_ws/install/moveit_resources_prbt_support:/home/fuga1129/moveit2_ws/install/moveit_resources:/home/fuga1129/moveit2_ws/install/moveit_resources_pr2_description:/home/fuga1129/moveit2_ws/install/moveit_resources_panda_moveit_config:/home/fuga1129/moveit2_ws/install/moveit_resources_panda_description:/home/fuga1129/moveit2_ws/install/moveit_resources_fanuc_moveit_config:/home/fuga1129/moveit2_ws/install/moveit_resources_fanuc_description:/home/fuga1129/moveit2_ws/install/moveit_common:/home/fuga1129/moveit2_ws/install/launch_param_builder:/opt/ros/humble CMAKE_PREFIX_PATH=${CMAKE_PREFIX_PATH}:/home/fuga1129/arm_sim_ws/install/aurora_arm:/home/fuga1129/moveit2_ws/install/moveit_configs_utils:/home/fuga1129/moveit2_ws/install/launch_param_builder:/opt/ros/humble /usr/bin/cmake --install /home/fuga1129/arm_sim_ws/build/aurora_arm_moveit
[0.863s] Level 1:colcon.colcon_core.environment:create_environment_scripts_only(aurora_arm_moveit)
[0.864s] Level 1:colcon.colcon_core.environment:checking '/home/fuga1129/arm_sim_ws/install/aurora_arm_moveit' for CMake module files
[0.864s] DEBUG:colcon.colcon_core.event_handler.log_command:Invoked command in '/home/fuga1129/arm_sim_ws/build/aurora_arm_moveit' returned '0': AMENT_PREFIX_PATH=/home/fuga1129/arm_sim_ws/install/aurora_arm:/home/fuga1129/arm_sim_ws/install/aurora_arm_moveit:/home/fuga1129/moveit2_ws/install/pilz_industrial_motion_planner_testutils:/home/fuga1129/moveit2_ws/install/moveit_runtime:/home/fuga1129/moveit2_ws/install/moveit2_tutorials:/home/fuga1129/moveit2_ws/install/moveit:/home/fuga1129/moveit2_ws/install/moveit_planners:/home/fuga1129/moveit2_ws/install/pilz_industrial_motion_planner:/home/fuga1129/moveit2_ws/install/moveit_visual_tools:/home/fuga1129/moveit2_ws/install/moveit_task_constructor_visualization:/home/fuga1129/moveit2_ws/install/moveit_task_constructor_demo:/home/fuga1129/moveit2_ws/install/moveit_task_constructor_capabilities:/home/fuga1129/moveit2_ws/install/moveit_task_constructor_core:/home/fuga1129/moveit2_ws/install/moveit_ros_control_interface:/home/fuga1129/moveit2_ws/install/moveit_plugins:/home/fuga1129/moveit2_ws/install/moveit_simple_controller_manager:/home/fuga1129/moveit2_ws/install/moveit_setup_assistant:/home/fuga1129/moveit2_ws/install/moveit_setup_srdf_plugins:/home/fuga1129/moveit2_ws/install/moveit_setup_core_plugins:/home/fuga1129/moveit2_ws/install/moveit_setup_controllers:/home/fuga1129/moveit2_ws/install/moveit_setup_app_plugins:/home/fuga1129/moveit2_ws/install/moveit_setup_framework:/home/fuga1129/moveit2_ws/install/moveit_servo:/home/fuga1129/moveit2_ws/install/moveit_ros:/home/fuga1129/moveit2_ws/install/moveit_ros_visualization:/home/fuga1129/moveit2_ws/install/moveit_hybrid_planning:/home/fuga1129/moveit2_ws/install/moveit_ros_planning_interface:/home/fuga1129/moveit2_ws/install/moveit_ros_benchmarks:/home/fuga1129/moveit2_ws/install/moveit_ros_warehouse:/home/fuga1129/moveit2_ws/install/moveit_ros_robot_interaction:/home/fuga1129/moveit2_ws/install/moveit_ros_perception:/home/fuga1129/moveit2_ws/install/moveit_resources_prbt_pg70_support:/home/fuga1129/moveit2_ws/install/moveit_resources_prbt_moveit_config:/home/fuga1129/moveit2_ws/install/moveit_ros_move_group:/home/fuga1129/moveit2_ws/install/moveit_planners_ompl:/home/fuga1129/moveit2_ws/install/moveit_ros_planning:/home/fuga1129/moveit2_ws/install/moveit_ros_occupancy_map_monitor:/home/fuga1129/moveit2_ws/install/moveit_resources_prbt_ikfast_manipulator_plugin:/home/fuga1129/moveit2_ws/install/moveit_planners_chomp:/home/fuga1129/moveit2_ws/install/moveit_kinematics:/home/fuga1129/moveit2_ws/install/moveit_chomp_optimizer_adapter:/home/fuga1129/moveit2_ws/install/chomp_motion_planner:/home/fuga1129/moveit2_ws/install/moveit_core:/home/fuga1129/moveit2_ws/install/moveit_configs_utils:/home/fuga1129/moveit2_ws/install/srdfdom:/home/fuga1129/moveit2_ws/install/rviz_marker_tools:/home/fuga1129/moveit2_ws/install/rosparam_shortcuts:/home/fuga1129/moveit2_ws/install/moveit_task_constructor_msgs:/home/fuga1129/moveit2_ws/install/moveit_resources_prbt_support:/home/fuga1129/moveit2_ws/install/moveit_resources:/home/fuga1129/moveit2_ws/install/moveit_resources_pr2_description:/home/fuga1129/moveit2_ws/install/moveit_resources_panda_moveit_config:/home/fuga1129/moveit2_ws/install/moveit_resources_panda_description:/home/fuga1129/moveit2_ws/install/moveit_resources_fanuc_moveit_config:/home/fuga1129/moveit2_ws/install/moveit_resources_fanuc_description:/home/fuga1129/moveit2_ws/install/moveit_common:/home/fuga1129/moveit2_ws/install/launch_param_builder:/opt/ros/humble CMAKE_PREFIX_PATH=${CMAKE_PREFIX_PATH}:/home/fuga1129/arm_sim_ws/install/aurora_arm:/home/fuga1129/moveit2_ws/install/moveit_configs_utils:/home/fuga1129/moveit2_ws/install/launch_param_builder:/opt/ros/humble /usr/bin/cmake --install /home/fuga1129/arm_sim_ws/build/aurora_arm_moveit
[0.865s] Level 1:colcon.colcon_core.environment:checking '/home/fuga1129/arm_sim_ws/install/aurora_arm_moveit' for CMake config files
[0.865s] Level 1:colcon.colcon_core.shell:create_environment_hook('aurora_arm_moveit', 'cmake_prefix_path')
[0.865s] INFO:colcon.colcon_core.shell:Creating environment hook '/home/fuga1129/arm_sim_ws/install/aurora_arm_moveit/share/aurora_arm_moveit/hook/cmake_prefix_path.ps1'
[0.866s] INFO:colcon.colcon_core.shell:Creating environment descriptor '/home/fuga1129/arm_sim_ws/install/aurora_arm_moveit/share/aurora_arm_moveit/hook/cmake_prefix_path.dsv'
[0.866s] INFO:colcon.colcon_core.shell:Creating environment hook '/home/fuga1129/arm_sim_ws/install/aurora_arm_moveit/share/aurora_arm_moveit/hook/cmake_prefix_path.sh'
[0.866s] Level 1:colcon.colcon_core.environment:checking '/home/fuga1129/arm_sim_ws/install/aurora_arm_moveit/bin'
[0.866s] Level 1:colcon.colcon_core.environment:checking '/home/fuga1129/arm_sim_ws/install/aurora_arm_moveit/lib/pkgconfig/aurora_arm_moveit.pc'
[0.867s] Level 1:colcon.colcon_core.environment:checking '/home/fuga1129/arm_sim_ws/install/aurora_arm_moveit/lib/python3.10/site-packages'
[0.867s] Level 1:colcon.colcon_core.environment:checking '/home/fuga1129/arm_sim_ws/install/aurora_arm_moveit/bin'
[0.867s] INFO:colcon.colcon_core.shell:Creating package script '/home/fuga1129/arm_sim_ws/install/aurora_arm_moveit/share/aurora_arm_moveit/package.ps1'
[0.868s] INFO:colcon.colcon_core.shell:Creating package descriptor '/home/fuga1129/arm_sim_ws/install/aurora_arm_moveit/share/aurora_arm_moveit/package.dsv'
[0.868s] INFO:colcon.colcon_core.shell:Creating package script '/home/fuga1129/arm_sim_ws/install/aurora_arm_moveit/share/aurora_arm_moveit/package.sh'
[0.869s] INFO:colcon.colcon_core.shell:Creating package script '/home/fuga1129/arm_sim_ws/install/aurora_arm_moveit/share/aurora_arm_moveit/package.bash'
[0.869s] INFO:colcon.colcon_core.shell:Creating package script '/home/fuga1129/arm_sim_ws/install/aurora_arm_moveit/share/aurora_arm_moveit/package.zsh'
[0.869s] Level 1:colcon.colcon_core.environment:create_file_with_runtime_dependencies(/home/fuga1129/arm_sim_ws/install/aurora_arm_moveit/share/colcon-core/packages/aurora_arm_moveit)
[0.870s] Level 1:colcon.colcon_core.environment:create_environment_scripts_only(aurora_arm_moveit)
[0.870s] Level 1:colcon.colcon_core.environment:checking '/home/fuga1129/arm_sim_ws/install/aurora_arm_moveit' for CMake module files
[0.871s] Level 1:colcon.colcon_core.environment:checking '/home/fuga1129/arm_sim_ws/install/aurora_arm_moveit' for CMake config files
[0.871s] Level 1:colcon.colcon_core.shell:create_environment_hook('aurora_arm_moveit', 'cmake_prefix_path')
[0.871s] INFO:colcon.colcon_core.shell:Creating environment hook '/home/fuga1129/arm_sim_ws/install/aurora_arm_moveit/share/aurora_arm_moveit/hook/cmake_prefix_path.ps1'
[0.871s] INFO:colcon.colcon_core.shell:Creating environment descriptor '/home/fuga1129/arm_sim_ws/install/aurora_arm_moveit/share/aurora_arm_moveit/hook/cmake_prefix_path.dsv'
[0.872s] INFO:colcon.colcon_core.shell:Creating environment hook '/home/fuga1129/arm_sim_ws/install/aurora_arm_moveit/share/aurora_arm_moveit/hook/cmake_prefix_path.sh'
[0.872s] Level 1:colcon.colcon_core.environment:checking '/home/fuga1129/arm_sim_ws/install/aurora_arm_moveit/bin'
[0.872s] Level 1:colcon.colcon_core.environment:checking '/home/fuga1129/arm_sim_ws/install/aurora_arm_moveit/lib/pkgconfig/aurora_arm_moveit.pc'
[0.873s] Level 1:colcon.colcon_core.environment:checking '/home/fuga1129/arm_sim_ws/install/aurora_arm_moveit/lib/python3.10/site-packages'
[0.873s] Level 1:colcon.colcon_core.environment:checking '/home/fuga1129/arm_sim_ws/install/aurora_arm_moveit/bin'
[0.873s] INFO:colcon.colcon_core.shell:Creating package script '/home/fuga1129/arm_sim_ws/install/aurora_arm_moveit/share/aurora_arm_moveit/package.ps1'
[0.874s] INFO:colcon.colcon_core.shell:Creating package descriptor '/home/fuga1129/arm_sim_ws/install/aurora_arm_moveit/share/aurora_arm_moveit/package.dsv'
[0.874s] INFO:colcon.colcon_core.shell:Creating package script '/home/fuga1129/arm_sim_ws/install/aurora_arm_moveit/share/aurora_arm_moveit/package.sh'
[0.874s] INFO:colcon.colcon_core.shell:Creating package script '/home/fuga1129/arm_sim_ws/install/aurora_arm_moveit/share/aurora_arm_moveit/package.bash'
[0.875s] INFO:colcon.colcon_core.shell:Creating package script '/home/fuga1129/arm_sim_ws/install/aurora_arm_moveit/share/aurora_arm_moveit/package.zsh'
[0.875s] Level 1:colcon.colcon_core.environment:create_file_with_runtime_dependencies(/home/fuga1129/arm_sim_ws/install/aurora_arm_moveit/share/colcon-core/packages/aurora_arm_moveit)
[0.875s] DEBUG:colcon.colcon_parallel_executor.executor.parallel:closing loop
[0.876s] DEBUG:colcon.colcon_parallel_executor.executor.parallel:loop closed
[0.876s] DEBUG:colcon.colcon_parallel_executor.executor.parallel:run_until_complete finished with '0'
[0.876s] DEBUG:colcon.colcon_core.event_reactor:joining thread
[0.880s] INFO:colcon.colcon_core.plugin_system:Skipping extension 'colcon_notification.desktop_notification.terminal_notifier': Not used on non-Darwin systems
[0.880s] INFO:colcon.colcon_core.plugin_system:Skipping extension 'colcon_notification.desktop_notification.win32': Not used on non-Windows systems
[0.880s] INFO:colcon.colcon_notification.desktop_notification:Sending desktop notification using 'notify2'
[0.891s] DEBUG:colcon.colcon_core.event_reactor:joined thread
[0.891s] INFO:colcon.colcon_core.shell:Creating prefix script '/home/fuga1129/arm_sim_ws/install/local_setup.ps1'
[0.892s] INFO:colcon.colcon_core.shell:Creating prefix util module '/home/fuga1129/arm_sim_ws/install/_local_setup_util_ps1.py'
[0.894s] INFO:colcon.colcon_core.shell:Creating prefix chain script '/home/fuga1129/arm_sim_ws/install/setup.ps1'
[0.897s] INFO:colcon.colcon_core.shell:Creating prefix script '/home/fuga1129/arm_sim_ws/install/local_setup.sh'
[0.897s] INFO:colcon.colcon_core.shell:Creating prefix util module '/home/fuga1129/arm_sim_ws/install/_local_setup_util_sh.py'
[0.898s] INFO:colcon.colcon_core.shell:Creating prefix chain script '/home/fuga1129/arm_sim_ws/install/setup.sh'
[0.900s] INFO:colcon.colcon_core.shell:Creating prefix script '/home/fuga1129/arm_sim_ws/install/local_setup.bash'
[0.900s] INFO:colcon.colcon_core.shell:Creating prefix chain script '/home/fuga1129/arm_sim_ws/install/setup.bash'
[0.902s] INFO:colcon.colcon_core.shell:Creating prefix script '/home/fuga1129/arm_sim_ws/install/local_setup.zsh'
[0.902s] INFO:colcon.colcon_core.shell:Creating prefix chain script '/home/fuga1129/arm_sim_ws/install/setup.zsh'
