running develop
Removing /home/fuga1129/arm_sim_ws/install/aurora_arm/lib/python3.10/site-packages/aurora-arm.egg-link (link to .)
running egg_info
writing ../../build/aurora_arm/aurora_arm.egg-info/PKG-INFO
writing dependency_links to ../../build/aurora_arm/aurora_arm.egg-info/dependency_links.txt
writing entry points to ../../build/aurora_arm/aurora_arm.egg-info/entry_points.txt
writing requirements to ../../build/aurora_arm/aurora_arm.egg-info/requires.txt
writing top-level names to ../../build/aurora_arm/aurora_arm.egg-info/top_level.txt
reading manifest file '../../build/aurora_arm/aurora_arm.egg-info/SOURCES.txt'
writing manifest file '../../build/aurora_arm/aurora_arm.egg-info/SOURCES.txt'
running build
running build_py
creating /home/fuga1129/arm_sim_ws/build/aurora_arm/build
creating /home/fuga1129/arm_sim_ws/build/aurora_arm/build/lib
creating /home/fuga1129/arm_sim_ws/build/aurora_arm/build/lib/aurora_arm
copying aurora_arm/__init__.py -> /home/fuga1129/arm_sim_ws/build/aurora_arm/build/lib/aurora_arm
running install
running install_lib
creating /home/fuga1129/arm_sim_ws/install/aurora_arm/lib/python3.10/site-packages/aurora_arm
copying /home/fuga1129/arm_sim_ws/build/aurora_arm/build/lib/aurora_arm/__init__.py -> /home/fuga1129/arm_sim_ws/install/aurora_arm/lib/python3.10/site-packages/aurora_arm
byte-compiling /home/fuga1129/arm_sim_ws/install/aurora_arm/lib/python3.10/site-packages/aurora_arm/__init__.py to __init__.cpython-310.pyc
running install_data
copying resource/aurora_arm -> /home/fuga1129/arm_sim_ws/install/aurora_arm/share/ament_index/resource_index/packages
copying package.xml -> /home/fuga1129/arm_sim_ws/install/aurora_arm/share/aurora_arm
copying launch/launch_ign.launch.py -> /home/fuga1129/arm_sim_ws/install/aurora_arm/share/aurora_arm/launch
copying launch/launch_gazebo.launch.py -> /home/fuga1129/arm_sim_ws/install/aurora_arm/share/aurora_arm/launch
copying launch/joystick.launch.py -> /home/fuga1129/arm_sim_ws/install/aurora_arm/share/aurora_arm/launch
copying launch/rsp.launch.py -> /home/fuga1129/arm_sim_ws/install/aurora_arm/share/aurora_arm/launch
copying description/ros2_ign_control_arm.xacro -> /home/fuga1129/arm_sim_ws/install/aurora_arm/share/aurora_arm/description
copying description/robot.urdf.xacro -> /home/fuga1129/arm_sim_ws/install/aurora_arm/share/aurora_arm/description
copying description/robot_core.xacro -> /home/fuga1129/arm_sim_ws/install/aurora_arm/share/aurora_arm/description
copying description/robot_ign.xacro -> /home/fuga1129/arm_sim_ws/install/aurora_arm/share/aurora_arm/description
copying meshes/arm4_link_1.stl -> /home/fuga1129/arm_sim_ws/install/aurora_arm/share/aurora_arm/meshes
copying meshes/base_link.stl -> /home/fuga1129/arm_sim_ws/install/aurora_arm/share/aurora_arm/meshes
copying meshes/arm3_link_1.stl -> /home/fuga1129/arm_sim_ws/install/aurora_arm/share/aurora_arm/meshes
copying meshes/arm5_link_1.stl -> /home/fuga1129/arm_sim_ws/install/aurora_arm/share/aurora_arm/meshes
copying meshes/arm1_link_1.stl -> /home/fuga1129/arm_sim_ws/install/aurora_arm/share/aurora_arm/meshes
copying meshes/hand1_link_1.stl -> /home/fuga1129/arm_sim_ws/install/aurora_arm/share/aurora_arm/meshes
copying meshes/hand2_link_1.stl -> /home/fuga1129/arm_sim_ws/install/aurora_arm/share/aurora_arm/meshes
copying meshes/arm2_link_1.stl -> /home/fuga1129/arm_sim_ws/install/aurora_arm/share/aurora_arm/meshes
running install_egg_info
Copying ../../build/aurora_arm/aurora_arm.egg-info to /home/fuga1129/arm_sim_ws/install/aurora_arm/lib/python3.10/site-packages/aurora_arm-0.0.0-py3.10.egg-info
running install_scripts
writing list of installed files to '/home/fuga1129/arm_sim_ws/build/aurora_arm/install.log'
