/home/fuga1129/arm_sim_ws/install/aurora_arm/lib/python3.10/site-packages/aurora_arm/__init__.py
/home/fuga1129/arm_sim_ws/install/aurora_arm/lib/python3.10/site-packages/aurora_arm/joy_to_arm_control.py
/home/fuga1129/arm_sim_ws/install/aurora_arm/lib/python3.10/site-packages/aurora_arm/__pycache__/__init__.cpython-310.pyc
/home/fuga1129/arm_sim_ws/install/aurora_arm/lib/python3.10/site-packages/aurora_arm/__pycache__/joy_to_arm_control.cpython-310.pyc
/home/fuga1129/arm_sim_ws/install/aurora_arm/share/ament_index/resource_index/packages/aurora_arm
/home/fuga1129/arm_sim_ws/install/aurora_arm/share/aurora_arm/package.xml
/home/fuga1129/arm_sim_ws/install/aurora_arm/share/aurora_arm/launch/launch_ign.launch.py
/home/fuga1129/arm_sim_ws/install/aurora_arm/share/aurora_arm/launch/launch_gazebo_nogravity.launch.py
/home/fuga1129/arm_sim_ws/install/aurora_arm/share/aurora_arm/launch/launch_gazebo.launch.py
/home/fuga1129/arm_sim_ws/install/aurora_arm/share/aurora_arm/launch/joystick.launch.py
/home/fuga1129/arm_sim_ws/install/aurora_arm/share/aurora_arm/launch/rsp.launch.py
/home/fuga1129/arm_sim_ws/install/aurora_arm/share/aurora_arm/description/ros2_ign_control_arm.xacro
/home/fuga1129/arm_sim_ws/install/aurora_arm/share/aurora_arm/description/robot.urdf.xacro
/home/fuga1129/arm_sim_ws/install/aurora_arm/share/aurora_arm/description/robot_core.xacro
/home/fuga1129/arm_sim_ws/install/aurora_arm/share/aurora_arm/description/robot_ign.xacro
/home/fuga1129/arm_sim_ws/install/aurora_arm/share/aurora_arm/description/robot_ign_v2.xacro
/home/fuga1129/arm_sim_ws/install/aurora_arm/share/aurora_arm/meshes/arm4_link_1.stl
/home/fuga1129/arm_sim_ws/install/aurora_arm/share/aurora_arm/meshes/base_link.stl
/home/fuga1129/arm_sim_ws/install/aurora_arm/share/aurora_arm/meshes/arm3_link_1.stl
/home/fuga1129/arm_sim_ws/install/aurora_arm/share/aurora_arm/meshes/arm5_link_1.stl
/home/fuga1129/arm_sim_ws/install/aurora_arm/share/aurora_arm/meshes/arm1_link_1.stl
/home/fuga1129/arm_sim_ws/install/aurora_arm/share/aurora_arm/meshes/hand1_link_1.stl
/home/fuga1129/arm_sim_ws/install/aurora_arm/share/aurora_arm/meshes/hand2_link_1.stl
/home/fuga1129/arm_sim_ws/install/aurora_arm/share/aurora_arm/meshes/arm2_link_1.stl
/home/fuga1129/arm_sim_ws/install/aurora_arm/share/aurora_arm/config/joystick.yaml
/home/fuga1129/arm_sim_ws/install/aurora_arm/share/aurora_arm/config/controllers.yaml
/home/fuga1129/arm_sim_ws/install/aurora_arm/share/aurora_arm/aurora_arm/__init__.py
/home/fuga1129/arm_sim_ws/install/aurora_arm/share/aurora_arm/aurora_arm/joy_to_arm_control.py
/home/fuga1129/arm_sim_ws/install/aurora_arm/share/aurora_arm/world/empty_world_nogravity.world
/home/fuga1129/arm_sim_ws/install/aurora_arm/share/aurora_arm/description/robot_ign_v2.urdf
/home/fuga1129/arm_sim_ws/install/aurora_arm/share/aurora_arm/description/robot_core.urdf
/home/fuga1129/arm_sim_ws/install/aurora_arm/lib/python3.10/site-packages/aurora_arm-0.0.0-py3.10.egg-info/top_level.txt
/home/fuga1129/arm_sim_ws/install/aurora_arm/lib/python3.10/site-packages/aurora_arm-0.0.0-py3.10.egg-info/requires.txt
/home/fuga1129/arm_sim_ws/install/aurora_arm/lib/python3.10/site-packages/aurora_arm-0.0.0-py3.10.egg-info/dependency_links.txt
/home/fuga1129/arm_sim_ws/install/aurora_arm/lib/python3.10/site-packages/aurora_arm-0.0.0-py3.10.egg-info/SOURCES.txt
/home/fuga1129/arm_sim_ws/install/aurora_arm/lib/python3.10/site-packages/aurora_arm-0.0.0-py3.10.egg-info/zip-safe
/home/fuga1129/arm_sim_ws/install/aurora_arm/lib/python3.10/site-packages/aurora_arm-0.0.0-py3.10.egg-info/PKG-INFO
/home/fuga1129/arm_sim_ws/install/aurora_arm/lib/python3.10/site-packages/aurora_arm-0.0.0-py3.10.egg-info/entry_points.txt
/home/fuga1129/arm_sim_ws/install/aurora_arm/lib/aurora_arm/joy_to_arm_control
