running egg_info
creating ../../build/aurora_arm_v2/aurora_arm_v2.egg-info
writing ../../build/aurora_arm_v2/aurora_arm_v2.egg-info/PKG-INFO
writing dependency_links to ../../build/aurora_arm_v2/aurora_arm_v2.egg-info/dependency_links.txt
writing entry points to ../../build/aurora_arm_v2/aurora_arm_v2.egg-info/entry_points.txt
writing requirements to ../../build/aurora_arm_v2/aurora_arm_v2.egg-info/requires.txt
writing top-level names to ../../build/aurora_arm_v2/aurora_arm_v2.egg-info/top_level.txt
writing manifest file '../../build/aurora_arm_v2/aurora_arm_v2.egg-info/SOURCES.txt'
reading manifest file '../../build/aurora_arm_v2/aurora_arm_v2.egg-info/SOURCES.txt'
writing manifest file '../../build/aurora_arm_v2/aurora_arm_v2.egg-info/SOURCES.txt'
running build
running build_py
creating /home/fuga1129/arm_sim_ws/build/aurora_arm_v2/build
creating /home/fuga1129/arm_sim_ws/build/aurora_arm_v2/build/lib
creating /home/fuga1129/arm_sim_ws/build/aurora_arm_v2/build/lib/aurora_arm_v2
copying aurora_arm_v2/__init__.py -> /home/fuga1129/arm_sim_ws/build/aurora_arm_v2/build/lib/aurora_arm_v2
running install
running install_lib
creating /home/fuga1129/arm_sim_ws/install/aurora_arm_v2/lib/python3.10/site-packages/aurora_arm_v2
copying /home/fuga1129/arm_sim_ws/build/aurora_arm_v2/build/lib/aurora_arm_v2/__init__.py -> /home/fuga1129/arm_sim_ws/install/aurora_arm_v2/lib/python3.10/site-packages/aurora_arm_v2
byte-compiling /home/fuga1129/arm_sim_ws/install/aurora_arm_v2/lib/python3.10/site-packages/aurora_arm_v2/__init__.py to __init__.cpython-310.pyc
running install_data
creating /home/fuga1129/arm_sim_ws/install/aurora_arm_v2/share/ament_index
creating /home/fuga1129/arm_sim_ws/install/aurora_arm_v2/share/ament_index/resource_index
creating /home/fuga1129/arm_sim_ws/install/aurora_arm_v2/share/ament_index/resource_index/packages
copying resource/aurora_arm_v2 -> /home/fuga1129/arm_sim_ws/install/aurora_arm_v2/share/ament_index/resource_index/packages
copying package.xml -> /home/fuga1129/arm_sim_ws/install/aurora_arm_v2/share/aurora_arm_v2
creating /home/fuga1129/arm_sim_ws/install/aurora_arm_v2/share/aurora_arm_v2/description
copying description/aurora_arm.urdf -> /home/fuga1129/arm_sim_ws/install/aurora_arm_v2/share/aurora_arm_v2/description
creating /home/fuga1129/arm_sim_ws/install/aurora_arm_v2/share/aurora_arm_v2/meshes
copying meshes/arm4_link_1.stl -> /home/fuga1129/arm_sim_ws/install/aurora_arm_v2/share/aurora_arm_v2/meshes
copying meshes/base_link.stl -> /home/fuga1129/arm_sim_ws/install/aurora_arm_v2/share/aurora_arm_v2/meshes
copying meshes/arm3_link_1.stl -> /home/fuga1129/arm_sim_ws/install/aurora_arm_v2/share/aurora_arm_v2/meshes
copying meshes/arm5_link_1.stl -> /home/fuga1129/arm_sim_ws/install/aurora_arm_v2/share/aurora_arm_v2/meshes
copying meshes/arm1_link_1.stl -> /home/fuga1129/arm_sim_ws/install/aurora_arm_v2/share/aurora_arm_v2/meshes
copying meshes/arm2_link_1.stl -> /home/fuga1129/arm_sim_ws/install/aurora_arm_v2/share/aurora_arm_v2/meshes
running install_egg_info
Copying ../../build/aurora_arm_v2/aurora_arm_v2.egg-info to /home/fuga1129/arm_sim_ws/install/aurora_arm_v2/lib/python3.10/site-packages/aurora_arm_v2-0.0.0-py3.10.egg-info
running install_scripts
writing list of installed files to '/home/fuga1129/arm_sim_ws/build/aurora_arm_v2/install.log'
