[0.373s] Invoking command in '/home/fuga1129/arm_sim_ws/src/aurora_arm_v2': PYTHONPATH=/home/fuga1129/arm_sim_ws/build/aurora_arm_v2/prefix_override:/usr/lib/python3/dist-packages/colcon_core/task/python/colcon_distutils_commands:/home/fuga1129/arm_sim_ws/install/aurora_arm_v2/lib/python3.10/site-packages:${PYTHONPATH} /usr/bin/python3 -W ignore:setup.py install is deprecated -W ignore:easy_install command is deprecated setup.py egg_info --egg-base ../../build/aurora_arm_v2 build --build-base /home/fuga1129/arm_sim_ws/build/aurora_arm_v2/build install --record /home/fuga1129/arm_sim_ws/build/aurora_arm_v2/install.log --single-version-externally-managed install_data
[0.517s] running egg_info
[0.517s] creating ../../build/aurora_arm_v2/aurora_arm_v2.egg-info
[0.517s] writing ../../build/aurora_arm_v2/aurora_arm_v2.egg-info/PKG-INFO
[0.517s] writing dependency_links to ../../build/aurora_arm_v2/aurora_arm_v2.egg-info/dependency_links.txt
[0.517s] writing entry points to ../../build/aurora_arm_v2/aurora_arm_v2.egg-info/entry_points.txt
[0.517s] writing requirements to ../../build/aurora_arm_v2/aurora_arm_v2.egg-info/requires.txt
[0.517s] writing top-level names to ../../build/aurora_arm_v2/aurora_arm_v2.egg-info/top_level.txt
[0.517s] writing manifest file '../../build/aurora_arm_v2/aurora_arm_v2.egg-info/SOURCES.txt'
[0.518s] reading manifest file '../../build/aurora_arm_v2/aurora_arm_v2.egg-info/SOURCES.txt'
[0.519s] writing manifest file '../../build/aurora_arm_v2/aurora_arm_v2.egg-info/SOURCES.txt'
[0.519s] running build
[0.519s] running build_py
[0.519s] creating /home/fuga1129/arm_sim_ws/build/aurora_arm_v2/build
[0.519s] creating /home/fuga1129/arm_sim_ws/build/aurora_arm_v2/build/lib
[0.519s] creating /home/fuga1129/arm_sim_ws/build/aurora_arm_v2/build/lib/aurora_arm_v2
[0.519s] copying aurora_arm_v2/__init__.py -> /home/fuga1129/arm_sim_ws/build/aurora_arm_v2/build/lib/aurora_arm_v2
[0.519s] running install
[0.519s] running install_lib
[0.519s] creating /home/fuga1129/arm_sim_ws/install/aurora_arm_v2/lib/python3.10/site-packages/aurora_arm_v2
[0.520s] copying /home/fuga1129/arm_sim_ws/build/aurora_arm_v2/build/lib/aurora_arm_v2/__init__.py -> /home/fuga1129/arm_sim_ws/install/aurora_arm_v2/lib/python3.10/site-packages/aurora_arm_v2
[0.520s] byte-compiling /home/fuga1129/arm_sim_ws/install/aurora_arm_v2/lib/python3.10/site-packages/aurora_arm_v2/__init__.py to __init__.cpython-310.pyc
[0.520s] running install_data
[0.520s] creating /home/fuga1129/arm_sim_ws/install/aurora_arm_v2/share/ament_index
[0.520s] creating /home/fuga1129/arm_sim_ws/install/aurora_arm_v2/share/ament_index/resource_index
[0.520s] creating /home/fuga1129/arm_sim_ws/install/aurora_arm_v2/share/ament_index/resource_index/packages
[0.520s] copying resource/aurora_arm_v2 -> /home/fuga1129/arm_sim_ws/install/aurora_arm_v2/share/ament_index/resource_index/packages
[0.520s] copying package.xml -> /home/fuga1129/arm_sim_ws/install/aurora_arm_v2/share/aurora_arm_v2
[0.520s] creating /home/fuga1129/arm_sim_ws/install/aurora_arm_v2/share/aurora_arm_v2/description
[0.520s] copying description/aurora_arm.urdf -> /home/fuga1129/arm_sim_ws/install/aurora_arm_v2/share/aurora_arm_v2/description
[0.520s] creating /home/fuga1129/arm_sim_ws/install/aurora_arm_v2/share/aurora_arm_v2/meshes
[0.521s] copying meshes/arm4_link_1.stl -> /home/fuga1129/arm_sim_ws/install/aurora_arm_v2/share/aurora_arm_v2/meshes
[0.521s] copying meshes/base_link.stl -> /home/fuga1129/arm_sim_ws/install/aurora_arm_v2/share/aurora_arm_v2/meshes
[0.521s] copying meshes/arm3_link_1.stl -> /home/fuga1129/arm_sim_ws/install/aurora_arm_v2/share/aurora_arm_v2/meshes
[0.521s] copying meshes/arm5_link_1.stl -> /home/fuga1129/arm_sim_ws/install/aurora_arm_v2/share/aurora_arm_v2/meshes
[0.521s] copying meshes/arm1_link_1.stl -> /home/fuga1129/arm_sim_ws/install/aurora_arm_v2/share/aurora_arm_v2/meshes
[0.521s] copying meshes/arm2_link_1.stl -> /home/fuga1129/arm_sim_ws/install/aurora_arm_v2/share/aurora_arm_v2/meshes
[0.521s] running install_egg_info
[0.521s] Copying ../../build/aurora_arm_v2/aurora_arm_v2.egg-info to /home/fuga1129/arm_sim_ws/install/aurora_arm_v2/lib/python3.10/site-packages/aurora_arm_v2-0.0.0-py3.10.egg-info
[0.522s] running install_scripts
[0.535s] writing list of installed files to '/home/fuga1129/arm_sim_ws/build/aurora_arm_v2/install.log'
[0.550s] Invoked command in '/home/fuga1129/arm_sim_ws/src/aurora_arm_v2' returned '0': PYTHONPATH=/home/fuga1129/arm_sim_ws/build/aurora_arm_v2/prefix_override:/usr/lib/python3/dist-packages/colcon_core/task/python/colcon_distutils_commands:/home/fuga1129/arm_sim_ws/install/aurora_arm_v2/lib/python3.10/site-packages:${PYTHONPATH} /usr/bin/python3 -W ignore:setup.py install is deprecated -W ignore:easy_install command is deprecated setup.py egg_info --egg-base ../../build/aurora_arm_v2 build --build-base /home/fuga1129/arm_sim_ws/build/aurora_arm_v2/build install --record /home/fuga1129/arm_sim_ws/build/aurora_arm_v2/install.log --single-version-externally-managed install_data
