[0.406s] Invoking command in '/home/fuga1129/arm_sim_ws/build/aurora_arm': PYTHONPATH=/home/fuga1129/arm_sim_ws/build/aurora_arm/prefix_override:/usr/lib/python3/dist-packages/colcon_core/task/python/colcon_distutils_commands:/home/fuga1129/arm_sim_ws/install/aurora_arm/lib/python3.10/site-packages:${PYTHONPATH} /usr/bin/python3 -W ignore:setup.py install is deprecated -W ignore:easy_install command is deprecated setup.py develop --uninstall --editable --build-directory /home/fuga1129/arm_sim_ws/build/aurora_arm/build
[0.549s] running develop
[0.627s] Removing /home/fuga1129/arm_sim_ws/install/aurora_arm/lib/python3.10/site-packages/aurora-arm.egg-link (link to .)
[0.644s] Invoked command in '/home/fuga1129/arm_sim_ws/build/aurora_arm' returned '0': PYTHONPATH=/home/fuga1129/arm_sim_ws/build/aurora_arm/prefix_override:/usr/lib/python3/dist-packages/colcon_core/task/python/colcon_distutils_commands:/home/fuga1129/arm_sim_ws/install/aurora_arm/lib/python3.10/site-packages:${PYTHONPATH} /usr/bin/python3 -W ignore:setup.py install is deprecated -W ignore:easy_install command is deprecated setup.py develop --uninstall --editable --build-directory /home/fuga1129/arm_sim_ws/build/aurora_arm/build
[0.645s] Invoking command in '/home/fuga1129/arm_sim_ws/src/aurora_arm': PYTHONPATH=/home/fuga1129/arm_sim_ws/build/aurora_arm/prefix_override:/usr/lib/python3/dist-packages/colcon_core/task/python/colcon_distutils_commands:/home/fuga1129/arm_sim_ws/install/aurora_arm/lib/python3.10/site-packages:${PYTHONPATH} /usr/bin/python3 -W ignore:setup.py install is deprecated -W ignore:easy_install command is deprecated setup.py egg_info --egg-base ../../build/aurora_arm build --build-base /home/fuga1129/arm_sim_ws/build/aurora_arm/build install --record /home/fuga1129/arm_sim_ws/build/aurora_arm/install.log --single-version-externally-managed install_data --force
[0.775s] running egg_info
[0.775s] writing ../../build/aurora_arm/aurora_arm.egg-info/PKG-INFO
[0.775s] writing dependency_links to ../../build/aurora_arm/aurora_arm.egg-info/dependency_links.txt
[0.775s] writing entry points to ../../build/aurora_arm/aurora_arm.egg-info/entry_points.txt
[0.775s] writing requirements to ../../build/aurora_arm/aurora_arm.egg-info/requires.txt
[0.775s] writing top-level names to ../../build/aurora_arm/aurora_arm.egg-info/top_level.txt
[0.776s] reading manifest file '../../build/aurora_arm/aurora_arm.egg-info/SOURCES.txt'
[0.777s] writing manifest file '../../build/aurora_arm/aurora_arm.egg-info/SOURCES.txt'
[0.778s] running build
[0.778s] running build_py
[0.778s] running install
[0.778s] running install_lib
[0.778s] creating /home/fuga1129/arm_sim_ws/install/aurora_arm/lib/python3.10/site-packages/aurora_arm
[0.779s] copying /home/fuga1129/arm_sim_ws/build/aurora_arm/build/lib/aurora_arm/__init__.py -> /home/fuga1129/arm_sim_ws/install/aurora_arm/lib/python3.10/site-packages/aurora_arm
[0.779s] byte-compiling /home/fuga1129/arm_sim_ws/install/aurora_arm/lib/python3.10/site-packages/aurora_arm/__init__.py to __init__.cpython-310.pyc
[0.779s] running install_data
[0.779s] copying resource/aurora_arm -> /home/fuga1129/arm_sim_ws/install/aurora_arm/share/ament_index/resource_index/packages
[0.780s] copying package.xml -> /home/fuga1129/arm_sim_ws/install/aurora_arm/share/aurora_arm
[0.780s] copying launch/launch_ign.launch.py -> /home/fuga1129/arm_sim_ws/install/aurora_arm/share/aurora_arm/launch
[0.781s] copying launch/launch_gazebo.launch.py -> /home/fuga1129/arm_sim_ws/install/aurora_arm/share/aurora_arm/launch
[0.781s] copying launch/joystick.launch.py -> /home/fuga1129/arm_sim_ws/install/aurora_arm/share/aurora_arm/launch
[0.782s] copying launch/rsp.launch.py -> /home/fuga1129/arm_sim_ws/install/aurora_arm/share/aurora_arm/launch
[0.782s] copying description/ros2_ign_control_arm.xacro -> /home/fuga1129/arm_sim_ws/install/aurora_arm/share/aurora_arm/description
[0.783s] copying description/robot.urdf.xacro -> /home/fuga1129/arm_sim_ws/install/aurora_arm/share/aurora_arm/description
[0.784s] copying description/robot_core.xacro -> /home/fuga1129/arm_sim_ws/install/aurora_arm/share/aurora_arm/description
[0.784s] copying description/robot_ign.xacro -> /home/fuga1129/arm_sim_ws/install/aurora_arm/share/aurora_arm/description
[0.785s] copying meshes/arm4_link_1.stl -> /home/fuga1129/arm_sim_ws/install/aurora_arm/share/aurora_arm/meshes
[0.785s] copying meshes/base_link.stl -> /home/fuga1129/arm_sim_ws/install/aurora_arm/share/aurora_arm/meshes
[0.786s] copying meshes/arm3_link_1.stl -> /home/fuga1129/arm_sim_ws/install/aurora_arm/share/aurora_arm/meshes
[0.786s] copying meshes/arm5_link_1.stl -> /home/fuga1129/arm_sim_ws/install/aurora_arm/share/aurora_arm/meshes
[0.787s] copying meshes/arm1_link_1.stl -> /home/fuga1129/arm_sim_ws/install/aurora_arm/share/aurora_arm/meshes
[0.788s] copying meshes/hand1_link_1.stl -> /home/fuga1129/arm_sim_ws/install/aurora_arm/share/aurora_arm/meshes
[0.789s] copying meshes/hand2_link_1.stl -> /home/fuga1129/arm_sim_ws/install/aurora_arm/share/aurora_arm/meshes
[0.789s] copying meshes/arm2_link_1.stl -> /home/fuga1129/arm_sim_ws/install/aurora_arm/share/aurora_arm/meshes
[0.790s] running install_egg_info
[0.792s] Copying ../../build/aurora_arm/aurora_arm.egg-info to /home/fuga1129/arm_sim_ws/install/aurora_arm/lib/python3.10/site-packages/aurora_arm-0.0.0-py3.10.egg-info
[0.792s] running install_scripts
[0.804s] writing list of installed files to '/home/fuga1129/arm_sim_ws/build/aurora_arm/install.log'
[0.817s] Invoked command in '/home/fuga1129/arm_sim_ws/src/aurora_arm' returned '0': PYTHONPATH=/home/fuga1129/arm_sim_ws/build/aurora_arm/prefix_override:/usr/lib/python3/dist-packages/colcon_core/task/python/colcon_distutils_commands:/home/fuga1129/arm_sim_ws/install/aurora_arm/lib/python3.10/site-packages:${PYTHONPATH} /usr/bin/python3 -W ignore:setup.py install is deprecated -W ignore:easy_install command is deprecated setup.py egg_info --egg-base ../../build/aurora_arm build --build-base /home/fuga1129/arm_sim_ws/build/aurora_arm/build install --record /home/fuga1129/arm_sim_ws/build/aurora_arm/install.log --single-version-externally-managed install_data --force
