-- Install configuration: ""
-- Up-to-date: /home/fuga1129/arm_sim_ws/install/arm_moveit_v2/share/ament_index/resource_index/package_run_dependencies/arm_moveit_v2
-- Up-to-date: /home/fuga1129/arm_sim_ws/install/arm_moveit_v2/share/ament_index/resource_index/parent_prefix_path/arm_moveit_v2
-- Up-to-date: /home/fuga1129/arm_sim_ws/install/arm_moveit_v2/share/arm_moveit_v2/environment/ament_prefix_path.sh
-- Up-to-date: /home/fuga1129/arm_sim_ws/install/arm_moveit_v2/share/arm_moveit_v2/environment/ament_prefix_path.dsv
-- Up-to-date: /home/fuga1129/arm_sim_ws/install/arm_moveit_v2/share/arm_moveit_v2/environment/path.sh
-- Up-to-date: /home/fuga1129/arm_sim_ws/install/arm_moveit_v2/share/arm_moveit_v2/environment/path.dsv
-- Up-to-date: /home/fuga1129/arm_sim_ws/install/arm_moveit_v2/share/arm_moveit_v2/local_setup.bash
-- Up-to-date: /home/fuga1129/arm_sim_ws/install/arm_moveit_v2/share/arm_moveit_v2/local_setup.sh
-- Up-to-date: /home/fuga1129/arm_sim_ws/install/arm_moveit_v2/share/arm_moveit_v2/local_setup.zsh
-- Up-to-date: /home/fuga1129/arm_sim_ws/install/arm_moveit_v2/share/arm_moveit_v2/local_setup.dsv
-- Up-to-date: /home/fuga1129/arm_sim_ws/install/arm_moveit_v2/share/arm_moveit_v2/package.dsv
-- Up-to-date: /home/fuga1129/arm_sim_ws/install/arm_moveit_v2/share/ament_index/resource_index/packages/arm_moveit_v2
-- Up-to-date: /home/fuga1129/arm_sim_ws/install/arm_moveit_v2/share/arm_moveit_v2/cmake/arm_moveit_v2Config.cmake
-- Up-to-date: /home/fuga1129/arm_sim_ws/install/arm_moveit_v2/share/arm_moveit_v2/cmake/arm_moveit_v2Config-version.cmake
-- Up-to-date: /home/fuga1129/arm_sim_ws/install/arm_moveit_v2/share/arm_moveit_v2/package.xml
-- Up-to-date: /home/fuga1129/arm_sim_ws/install/arm_moveit_v2/share/arm_moveit_v2/launch
-- Up-to-date: /home/fuga1129/arm_sim_ws/install/arm_moveit_v2/share/arm_moveit_v2/launch/warehouse_db.launch.py
-- Up-to-date: /home/fuga1129/arm_sim_ws/install/arm_moveit_v2/share/arm_moveit_v2/launch/demo.launch.py
-- Up-to-date: /home/fuga1129/arm_sim_ws/install/arm_moveit_v2/share/arm_moveit_v2/launch/setup_assistant.launch.py
-- Up-to-date: /home/fuga1129/arm_sim_ws/install/arm_moveit_v2/share/arm_moveit_v2/launch/static_virtual_joint_tfs.launch.py
-- Up-to-date: /home/fuga1129/arm_sim_ws/install/arm_moveit_v2/share/arm_moveit_v2/launch/move_group.launch.py
-- Up-to-date: /home/fuga1129/arm_sim_ws/install/arm_moveit_v2/share/arm_moveit_v2/launch/moveit_rviz.launch.py
-- Up-to-date: /home/fuga1129/arm_sim_ws/install/arm_moveit_v2/share/arm_moveit_v2/launch/spawn_controllers.launch.py
-- Up-to-date: /home/fuga1129/arm_sim_ws/install/arm_moveit_v2/share/arm_moveit_v2/launch/rsp.launch.py
-- Up-to-date: /home/fuga1129/arm_sim_ws/install/arm_moveit_v2/share/arm_moveit_v2/config
-- Up-to-date: /home/fuga1129/arm_sim_ws/install/arm_moveit_v2/share/arm_moveit_v2/config/pilz_cartesian_limits.yaml
-- Up-to-date: /home/fuga1129/arm_sim_ws/install/arm_moveit_v2/share/arm_moveit_v2/config/initial_positions.yaml
-- Up-to-date: /home/fuga1129/arm_sim_ws/install/arm_moveit_v2/share/arm_moveit_v2/config/aurora_arm.urdf.xacro
-- Up-to-date: /home/fuga1129/arm_sim_ws/install/arm_moveit_v2/share/arm_moveit_v2/config/moveit.rviz
-- Up-to-date: /home/fuga1129/arm_sim_ws/install/arm_moveit_v2/share/arm_moveit_v2/config/aurora_arm.ros2_control.xacro
-- Installing: /home/fuga1129/arm_sim_ws/install/arm_moveit_v2/share/arm_moveit_v2/config/aurora_arm.srdf
-- Installing: /home/fuga1129/arm_sim_ws/install/arm_moveit_v2/share/arm_moveit_v2/config/joint_limits.yaml
-- Up-to-date: /home/fuga1129/arm_sim_ws/install/arm_moveit_v2/share/arm_moveit_v2/config/moveit_controllers.yaml
-- Up-to-date: /home/fuga1129/arm_sim_ws/install/arm_moveit_v2/share/arm_moveit_v2/config/kinematics.yaml
-- Up-to-date: /home/fuga1129/arm_sim_ws/install/arm_moveit_v2/share/arm_moveit_v2/config/ros2_controllers.yaml
-- Up-to-date: /home/fuga1129/arm_sim_ws/install/arm_moveit_v2/share/arm_moveit_v2/.setup_assistant
