[0.011s] Invoking command in '/home/fuga1129/arm_sim_ws/build/aurora_arm_moveit': AMENT_PREFIX_PATH=/home/fuga1129/arm_sim_ws/install/aurora_arm:${AMENT_PREFIX_PATH} CMAKE_PREFIX_PATH=${CMAKE_PREFIX_PATH}:/home/fuga1129/moveit2_ws/install/moveit_configs_utils:/home/fuga1129/moveit2_ws/install/launch_param_builder:/opt/ros/humble PYTHONPATH=/home/fuga1129/arm_sim_ws/install/aurora_arm/lib/python3.10/site-packages:${PYTHONPATH} /usr/bin/cmake --build /home/fuga1129/arm_sim_ws/build/aurora_arm_moveit -- -j12 -l12
[0.048s] Invoked command in '/home/fuga1129/arm_sim_ws/build/aurora_arm_moveit' returned '0': AMENT_PREFIX_PATH=/home/fuga1129/arm_sim_ws/install/aurora_arm:${AMENT_PREFIX_PATH} CMAKE_PREFIX_PATH=${CMAKE_PREFIX_PATH}:/home/fuga1129/moveit2_ws/install/moveit_configs_utils:/home/fuga1129/moveit2_ws/install/launch_param_builder:/opt/ros/humble PYTHONPATH=/home/fuga1129/arm_sim_ws/install/aurora_arm/lib/python3.10/site-packages:${PYTHONPATH} /usr/bin/cmake --build /home/fuga1129/arm_sim_ws/build/aurora_arm_moveit -- -j12 -l12
[0.058s] Invoking command in '/home/fuga1129/arm_sim_ws/build/aurora_arm_moveit': AMENT_PREFIX_PATH=/home/fuga1129/arm_sim_ws/install/aurora_arm:${AMENT_PREFIX_PATH} CMAKE_PREFIX_PATH=${CMAKE_PREFIX_PATH}:/home/fuga1129/moveit2_ws/install/moveit_configs_utils:/home/fuga1129/moveit2_ws/install/launch_param_builder:/opt/ros/humble PYTHONPATH=/home/fuga1129/arm_sim_ws/install/aurora_arm/lib/python3.10/site-packages:${PYTHONPATH} /usr/bin/cmake --install /home/fuga1129/arm_sim_ws/build/aurora_arm_moveit
[0.063s] -- Install configuration: ""
[0.063s] -- Up-to-date: /home/fuga1129/arm_sim_ws/install/aurora_arm_moveit/share/ament_index/resource_index/package_run_dependencies/aurora_arm_moveit
[0.063s] -- Up-to-date: /home/fuga1129/arm_sim_ws/install/aurora_arm_moveit/share/ament_index/resource_index/parent_prefix_path/aurora_arm_moveit
[0.064s] -- Up-to-date: /home/fuga1129/arm_sim_ws/install/aurora_arm_moveit/share/aurora_arm_moveit/environment/ament_prefix_path.sh
[0.064s] -- Up-to-date: /home/fuga1129/arm_sim_ws/install/aurora_arm_moveit/share/aurora_arm_moveit/environment/ament_prefix_path.dsv
[0.064s] -- Up-to-date: /home/fuga1129/arm_sim_ws/install/aurora_arm_moveit/share/aurora_arm_moveit/environment/path.sh
[0.064s] -- Up-to-date: /home/fuga1129/arm_sim_ws/install/aurora_arm_moveit/share/aurora_arm_moveit/environment/path.dsv
[0.064s] -- Up-to-date: /home/fuga1129/arm_sim_ws/install/aurora_arm_moveit/share/aurora_arm_moveit/local_setup.bash
[0.064s] -- Up-to-date: /home/fuga1129/arm_sim_ws/install/aurora_arm_moveit/share/aurora_arm_moveit/local_setup.sh
[0.064s] -- Up-to-date: /home/fuga1129/arm_sim_ws/install/aurora_arm_moveit/share/aurora_arm_moveit/local_setup.zsh
[0.064s] -- Up-to-date: /home/fuga1129/arm_sim_ws/install/aurora_arm_moveit/share/aurora_arm_moveit/local_setup.dsv
[0.064s] -- Installing: /home/fuga1129/arm_sim_ws/install/aurora_arm_moveit/share/aurora_arm_moveit/package.dsv
[0.064s] -- Up-to-date: /home/fuga1129/arm_sim_ws/install/aurora_arm_moveit/share/ament_index/resource_index/packages/aurora_arm_moveit
[0.064s] -- Up-to-date: /home/fuga1129/arm_sim_ws/install/aurora_arm_moveit/share/aurora_arm_moveit/cmake/aurora_arm_moveitConfig.cmake
[0.064s] -- Up-to-date: /home/fuga1129/arm_sim_ws/install/aurora_arm_moveit/share/aurora_arm_moveit/cmake/aurora_arm_moveitConfig-version.cmake
[0.065s] -- Up-to-date: /home/fuga1129/arm_sim_ws/install/aurora_arm_moveit/share/aurora_arm_moveit/package.xml
[0.065s] -- Up-to-date: /home/fuga1129/arm_sim_ws/install/aurora_arm_moveit/share/aurora_arm_moveit/launch
[0.065s] -- Up-to-date: /home/fuga1129/arm_sim_ws/install/aurora_arm_moveit/share/aurora_arm_moveit/launch/warehouse_db.launch.py
[0.065s] -- Up-to-date: /home/fuga1129/arm_sim_ws/install/aurora_arm_moveit/share/aurora_arm_moveit/launch/demo.launch.py
[0.065s] -- Up-to-date: /home/fuga1129/arm_sim_ws/install/aurora_arm_moveit/share/aurora_arm_moveit/launch/setup_assistant.launch.py
[0.065s] -- Up-to-date: /home/fuga1129/arm_sim_ws/install/aurora_arm_moveit/share/aurora_arm_moveit/launch/static_virtual_joint_tfs.launch.py
[0.065s] -- Up-to-date: /home/fuga1129/arm_sim_ws/install/aurora_arm_moveit/share/aurora_arm_moveit/launch/move_group.launch.py
[0.065s] -- Up-to-date: /home/fuga1129/arm_sim_ws/install/aurora_arm_moveit/share/aurora_arm_moveit/launch/moveit_rviz.launch.py
[0.065s] -- Up-to-date: /home/fuga1129/arm_sim_ws/install/aurora_arm_moveit/share/aurora_arm_moveit/launch/spawn_controllers.launch.py
[0.065s] -- Up-to-date: /home/fuga1129/arm_sim_ws/install/aurora_arm_moveit/share/aurora_arm_moveit/launch/rsp.launch.py
[0.065s] -- Up-to-date: /home/fuga1129/arm_sim_ws/install/aurora_arm_moveit/share/aurora_arm_moveit/config
[0.066s] -- Up-to-date: /home/fuga1129/arm_sim_ws/install/aurora_arm_moveit/share/aurora_arm_moveit/config/pilz_cartesian_limits.yaml
[0.066s] -- Up-to-date: /home/fuga1129/arm_sim_ws/install/aurora_arm_moveit/share/aurora_arm_moveit/config/initial_positions.yaml
[0.066s] -- Up-to-date: /home/fuga1129/arm_sim_ws/install/aurora_arm_moveit/share/aurora_arm_moveit/config/aurora_arm.urdf.xacro
[0.066s] -- Up-to-date: /home/fuga1129/arm_sim_ws/install/aurora_arm_moveit/share/aurora_arm_moveit/config/moveit.rviz
[0.066s] -- Up-to-date: /home/fuga1129/arm_sim_ws/install/aurora_arm_moveit/share/aurora_arm_moveit/config/aurora_arm.ros2_control.xacro
[0.066s] -- Up-to-date: /home/fuga1129/arm_sim_ws/install/aurora_arm_moveit/share/aurora_arm_moveit/config/aurora_arm.srdf
[0.066s] -- Up-to-date: /home/fuga1129/arm_sim_ws/install/aurora_arm_moveit/share/aurora_arm_moveit/config/joint_limits.yaml
[0.066s] -- Up-to-date: /home/fuga1129/arm_sim_ws/install/aurora_arm_moveit/share/aurora_arm_moveit/config/moveit_controllers.yaml
[0.066s] -- Up-to-date: /home/fuga1129/arm_sim_ws/install/aurora_arm_moveit/share/aurora_arm_moveit/config/kinematics.yaml
[0.067s] -- Up-to-date: /home/fuga1129/arm_sim_ws/install/aurora_arm_moveit/share/aurora_arm_moveit/config/ros2_controllers.yaml
[0.067s] -- Up-to-date: /home/fuga1129/arm_sim_ws/install/aurora_arm_moveit/share/aurora_arm_moveit/.setup_assistant
[0.067s] Invoked command in '/home/fuga1129/arm_sim_ws/build/aurora_arm_moveit' returned '0': AMENT_PREFIX_PATH=/home/fuga1129/arm_sim_ws/install/aurora_arm:${AMENT_PREFIX_PATH} CMAKE_PREFIX_PATH=${CMAKE_PREFIX_PATH}:/home/fuga1129/moveit2_ws/install/moveit_configs_utils:/home/fuga1129/moveit2_ws/install/launch_param_builder:/opt/ros/humble PYTHONPATH=/home/fuga1129/arm_sim_ws/install/aurora_arm/lib/python3.10/site-packages:${PYTHONPATH} /usr/bin/cmake --install /home/fuga1129/arm_sim_ws/build/aurora_arm_moveit
